[01m[K/home/usuario/Documentos/GitHub/IR2117/tb3_ws/src/olympic/src/rings_action_client.cpp:6:10:[m[K [01;31m[Kfatal error: [m[Kolympic_interfaces/action/rings.hpp: No existe el archivo o el directorio
    6 | #include [01;31m[K"olympic_interfaces/action/rings.hpp"[m[K
      |          [01;31m[K^~~~~~~~~~~~~~~~~~~~~~~~~~~~~~~~~~~~~[m[K
compilation terminated.
make[2]: *** [CMakeFiles/rings_action_client.dir/build.make:63: CMakeFiles/rings_action_client.dir/src/rings_action_client.cpp.o] Error 1
make[1]: *** [CMakeFiles/Makefile2:82: CMakeFiles/rings_action_client.dir/all] Error 2
make[1]: *** Se espera a que terminen otras tareas....
[01m[K/home/usuario/Documentos/GitHub/IR2117/tb3_ws/src/olympic/src/rings_action_server.cpp:[m[K In function ‘[01m[Kint main(int, char**)[m[K’:
[01m[K/home/usuario/Documentos/GitHub/IR2117/tb3_ws/src/olympic/src/rings_action_server.cpp:12:34:[m[K [01;31m[Kerror: [m[K‘[01m[KRings[m[K’ was not declared in this scope
   12 |     rclcpp_action::create_server<[01;31m[KRings[m[K>(node,
      |                                  [01;31m[K^~~~~[m[K
[01m[K/home/usuario/Documentos/GitHub/IR2117/tb3_ws/src/olympic/src/rings_action_server.cpp:14:7:[m[K [01;31m[Kerror: [m[K‘[01m[Khandle_goal[m[K’ was not declared in this scope
   14 |       [01;31m[Khandle_goal[m[K,
      |       [01;31m[K^~~~~~~~~~~[m[K
[01m[K/home/usuario/Documentos/GitHub/IR2117/tb3_ws/src/olympic/src/rings_action_server.cpp:15:7:[m[K [01;31m[Kerror: [m[K‘[01m[Khandle_cancel[m[K’ was not declared in this scope
   15 |       [01;31m[Khandle_cancel[m[K,
      |       [01;31m[K^~~~~~~~~~~~~[m[K
[01m[K/home/usuario/Documentos/GitHub/IR2117/tb3_ws/src/olympic/src/rings_action_server.cpp:16:7:[m[K [01;31m[Kerror: [m[K‘[01m[Khandle_accepted[m[K’ was not declared in this scope
   16 |       [01;31m[Khandle_accepted[m[K);
      |       [01;31m[K^~~~~~~~~~~~~~~[m[K
make[2]: *** [CMakeFiles/rings_action_server.dir/build.make:63: CMakeFiles/rings_action_server.dir/src/rings_action_server.cpp.o] Error 1
make[1]: *** [CMakeFiles/Makefile2:109: CMakeFiles/rings_action_server.dir/all] Error 2
make: *** [Makefile:141: all] Error 2
