[0.008s] Invoking command in '/home/usuario/Documentos/GitHub/IR2117/tb3_ws/build/olympic': AMENT_PREFIX_PATH=/home/usuario/Documentos/GitHub/IR2117/tb3_ws/install/olympic_interfaces:${AMENT_PREFIX_PATH} CMAKE_PREFIX_PATH=/home/usuario/Documentos/GitHub/IR2117/tb3_ws/install/olympic_interfaces:/opt/ros/foxy /usr/bin/cmake --build /home/usuario/Documentos/GitHub/IR2117/tb3_ws/build/olympic -- -j6 -l6
[0.071s] [ 16%] [32mBuilding CXX object CMakeFiles/rings.dir/src/rings.cpp.o[0m
[0.082s] [ 33%] [32mBuilding CXX object CMakeFiles/rings_action_client.dir/src/rings_action_client.cpp.o[0m
[0.106s] [ 50%] [32mBuilding CXX object CMakeFiles/rings_action_server.dir/src/rings_action_server.cpp.o[0m
[0.241s] [01m[K/home/usuario/Documentos/GitHub/IR2117/tb3_ws/src/olympic/src/rings_action_client.cpp:6:10:[m[K [01;31m[Kfatal error: [m[Kolympic_interfaces/action/rings.hpp: No existe el archivo o el directorio
[0.241s]     6 | #include [01;31m[K"olympic_interfaces/action/rings.hpp"[m[K
[0.241s]       |          [01;31m[K^~~~~~~~~~~~~~~~~~~~~~~~~~~~~~~~~~~~~[m[K
[0.241s] compilation terminated.
[0.242s] make[2]: *** [CMakeFiles/rings_action_client.dir/build.make:63: CMakeFiles/rings_action_client.dir/src/rings_action_client.cpp.o] Error 1
[0.242s] make[1]: *** [CMakeFiles/Makefile2:82: CMakeFiles/rings_action_client.dir/all] Error 2
[0.242s] make[1]: *** Se espera a que terminen otras tareas....
[1.355s] [01m[K/home/usuario/Documentos/GitHub/IR2117/tb3_ws/src/olympic/src/rings_action_server.cpp:[m[K In function ‘[01m[Kint main(int, char**)[m[K’:
[1.355s] [01m[K/home/usuario/Documentos/GitHub/IR2117/tb3_ws/src/olympic/src/rings_action_server.cpp:12:34:[m[K [01;31m[Kerror: [m[K‘[01m[KRings[m[K’ was not declared in this scope
[1.355s]    12 |     rclcpp_action::create_server<[01;31m[KRings[m[K>(node,
[1.355s]       |                                  [01;31m[K^~~~~[m[K
[1.356s] [01m[K/home/usuario/Documentos/GitHub/IR2117/tb3_ws/src/olympic/src/rings_action_server.cpp:14:7:[m[K [01;31m[Kerror: [m[K‘[01m[Khandle_goal[m[K’ was not declared in this scope
[1.356s]    14 |       [01;31m[Khandle_goal[m[K,
[1.356s]       |       [01;31m[K^~~~~~~~~~~[m[K
[1.358s] [01m[K/home/usuario/Documentos/GitHub/IR2117/tb3_ws/src/olympic/src/rings_action_server.cpp:15:7:[m[K [01;31m[Kerror: [m[K‘[01m[Khandle_cancel[m[K’ was not declared in this scope
[1.358s]    15 |       [01;31m[Khandle_cancel[m[K,
[1.358s]       |       [01;31m[K^~~~~~~~~~~~~[m[K
[1.359s] [01m[K/home/usuario/Documentos/GitHub/IR2117/tb3_ws/src/olympic/src/rings_action_server.cpp:16:7:[m[K [01;31m[Kerror: [m[K‘[01m[Khandle_accepted[m[K’ was not declared in this scope
[1.359s]    16 |       [01;31m[Khandle_accepted[m[K);
[1.359s]       |       [01;31m[K^~~~~~~~~~~~~~~[m[K
[1.640s] make[2]: *** [CMakeFiles/rings_action_server.dir/build.make:63: CMakeFiles/rings_action_server.dir/src/rings_action_server.cpp.o] Error 1
[1.640s] make[1]: *** [CMakeFiles/Makefile2:109: CMakeFiles/rings_action_server.dir/all] Error 2
[3.178s] [ 66%] [32m[1mLinking CXX executable rings[0m
[3.500s] [ 66%] Built target rings
[3.501s] make: *** [Makefile:141: all] Error 2
[3.502s] Invoked command in '/home/usuario/Documentos/GitHub/IR2117/tb3_ws/build/olympic' returned '2': AMENT_PREFIX_PATH=/home/usuario/Documentos/GitHub/IR2117/tb3_ws/install/olympic_interfaces:${AMENT_PREFIX_PATH} CMAKE_PREFIX_PATH=/home/usuario/Documentos/GitHub/IR2117/tb3_ws/install/olympic_interfaces:/opt/ros/foxy /usr/bin/cmake --build /home/usuario/Documentos/GitHub/IR2117/tb3_ws/build/olympic -- -j6 -l6
