[0.041s] Invoking command in '/home/usuario/Documentos/GitHub/IR2117/tb3_ws/build/olympic': CMAKE_PREFIX_PATH=/opt/ros/foxy /usr/bin/cmake --build /home/usuario/Documentos/GitHub/IR2117/tb3_ws/build/olympic -- -j6 -l6
[0.235s] -- Found ament_cmake: 0.9.11 (/opt/ros/foxy/share/ament_cmake/cmake)
[0.258s] -- Using PYTHON_EXECUTABLE: /usr/bin/python3
[0.456s] -- Found rclcpp: 2.4.2 (/opt/ros/foxy/share/rclcpp/cmake)
[0.494s] -- Using all available rosidl_typesupport_c: rosidl_typesupport_fastrtps_c;rosidl_typesupport_introspection_c
[0.498s] -- Found rosidl_adapter: 1.3.0 (/opt/ros/foxy/share/rosidl_adapter/cmake)
[0.605s] -- Using all available rosidl_typesupport_cpp: rosidl_typesupport_fastrtps_cpp;rosidl_typesupport_introspection_cpp
[0.649s] -- Found rmw_implementation_cmake: 1.0.3 (/opt/ros/foxy/share/rmw_implementation_cmake/cmake)
[0.650s] -- Using RMW implementation 'rmw_fastrtps_cpp' as default
[0.766s] -- Found geometry_msgs: 2.0.5 (/opt/ros/foxy/share/geometry_msgs/cmake)
[0.793s] -- Found turtlesim: 1.2.6 (/opt/ros/foxy/share/turtlesim/cmake)
[0.878s] -- Found ament_lint_auto: 0.9.7 (/opt/ros/foxy/share/ament_lint_auto/cmake)
[1.045s] -- Added test 'copyright' to check source files copyright and LICENSE
[1.046s] -- Added test 'cppcheck' to perform static code analysis on C / C++ code
[1.047s] -- Configured cppcheck include dirs: $<BUILD_INTERFACE:/home/usuario/Documentos/GitHub/IR2117/tb3_ws/src/olympic/include>
[1.047s] -- Configured cppcheck exclude dirs and/or files: 
[1.048s] -- Added test 'cpplint' to check C / C++ code against the Google style
[1.049s] -- Configured cpplint exclude dirs and/or files: 
[1.050s] -- Added test 'lint_cmake' to check CMake code style
[1.052s] -- Added test 'uncrustify' to check C / C++ code style
[1.052s] -- Configured uncrustify additional arguments: 
[1.053s] -- Added test 'xmllint' to check XML markup files
[1.063s] -- Configuring done
[1.140s] -- Generating done
[1.153s] -- Build files have been written to: /home/usuario/Documentos/GitHub/IR2117/tb3_ws/build/olympic
[1.222s] [35m[1mScanning dependencies of target rings[0m
[1.370s] [ 50%] [32mBuilding CXX object CMakeFiles/rings.dir/src/rings.cpp.o[0m
[29.274s] make[2]: *** wait: No hay ningún proceso hijo.  Alto.
[29.274s] make[2]: *** Se espera a que terminen otras tareas....
[29.274s] make[2]: *** wait: No hay ningún proceso hijo.  Alto.
[29.274s] make[1]: *** [CMakeFiles/Makefile2:78: CMakeFiles/rings.dir/all] Error 2
[29.274s] make: *** [Makefile:141: all] Interrupción
