[0.012s] Invoking command in '/home/usuario/Documentos/GitHub/IR2117/tb3_ws/build/olympic': AMENT_PREFIX_PATH=/home/usuario/Documentos/GitHub/IR2117/tb3_ws/install/olympic_interfaces:${AMENT_PREFIX_PATH} CMAKE_PREFIX_PATH=/home/usuario/Documentos/GitHub/IR2117/tb3_ws/install/olympic_interfaces:/opt/ros/foxy LD_LIBRARY_PATH=/home/usuario/Documentos/GitHub/IR2117/tb3_ws/install/olympic_interfaces/lib:${LD_LIBRARY_PATH} PYTHONPATH=/home/usuario/Documentos/GitHub/IR2117/tb3_ws/install/olympic_interfaces/lib/python3.8/site-packages:${PYTHONPATH} /usr/bin/cmake --build /home/usuario/Documentos/GitHub/IR2117/tb3_ws/build/olympic -- -j6 -l6
[0.035s] -- Found ament_cmake: 0.9.11 (/opt/ros/foxy/share/ament_cmake/cmake)
[0.058s] -- Using PYTHON_EXECUTABLE: /usr/bin/python3
[0.215s] -- Found rclcpp: 2.4.2 (/opt/ros/foxy/share/rclcpp/cmake)
[0.241s] -- Using all available rosidl_typesupport_c: rosidl_typesupport_fastrtps_c;rosidl_typesupport_introspection_c
[0.243s] -- Found rosidl_adapter: 1.3.0 (/opt/ros/foxy/share/rosidl_adapter/cmake)
[0.337s] -- Using all available rosidl_typesupport_cpp: rosidl_typesupport_fastrtps_cpp;rosidl_typesupport_introspection_cpp
[0.372s] -- Found rmw_implementation_cmake: 1.0.3 (/opt/ros/foxy/share/rmw_implementation_cmake/cmake)
[0.373s] -- Using RMW implementation 'rmw_fastrtps_cpp' as default
[0.474s] -- Found geometry_msgs: 2.0.5 (/opt/ros/foxy/share/geometry_msgs/cmake)
[0.498s] -- Found turtlesim: 1.2.6 (/opt/ros/foxy/share/turtlesim/cmake)
[0.570s] -- Found rclcpp_action: 2.4.2 (/opt/ros/foxy/share/rclcpp_action/cmake)
[0.592s] -- Found rclcpp_components: 2.4.2 (/opt/ros/foxy/share/rclcpp_components/cmake)
[0.632s] -- Found olympic_interfaces: 0.0.0 (/home/usuario/Documentos/GitHub/IR2117/tb3_ws/install/olympic_interfaces/share/olympic_interfaces/cmake)
[0.684s] -- Found ament_lint_auto: 0.9.7 (/opt/ros/foxy/share/ament_lint_auto/cmake)
[0.751s] -- Added test 'copyright' to check source files copyright and LICENSE
[0.752s] -- Added test 'cppcheck' to perform static code analysis on C / C++ code
[0.752s] -- Configured cppcheck include dirs: $<BUILD_INTERFACE:/home/usuario/Documentos/GitHub/IR2117/tb3_ws/src/olympic/include>
[0.752s] -- Configured cppcheck exclude dirs and/or files: 
[0.752s] -- Added test 'cpplint' to check C / C++ code against the Google style
[0.752s] -- Configured cpplint exclude dirs and/or files: 
[0.753s] -- Added test 'lint_cmake' to check CMake code style
[0.753s] -- Added test 'uncrustify' to check C / C++ code style
[0.753s] -- Configured uncrustify additional arguments: 
[0.753s] -- Added test 'xmllint' to check XML markup files
[0.756s] -- Configuring done
[0.780s] -- Generating done
[0.782s] -- Build files have been written to: /home/usuario/Documentos/GitHub/IR2117/tb3_ws/build/olympic
[0.811s] [35m[1mScanning dependencies of target rings_action_server[0m
[0.811s] [35m[1mScanning dependencies of target rings_action_client[0m
[0.826s] [ 33%] Built target rings
[0.834s] [ 66%] [32mBuilding CXX object CMakeFiles/rings_action_client.dir/src/rings_action_client.cpp.o[0m
[0.834s] [ 66%] [32mBuilding CXX object CMakeFiles/rings_action_server.dir/src/rings_action_server.cpp.o[0m
[1.851s] In file included from [01m[K/opt/ros/foxy/include/rclcpp/client.hpp:40[m[K,
[1.851s]                  from [01m[K/opt/ros/foxy/include/rclcpp/callback_group.hpp:23[m[K,
[1.851s]                  from [01m[K/opt/ros/foxy/include/rclcpp/any_executable.hpp:20[m[K,
[1.851s]                  from [01m[K/opt/ros/foxy/include/rclcpp/memory_strategy.hpp:24[m[K,
[1.851s]                  from [01m[K/opt/ros/foxy/include/rclcpp/memory_strategies.hpp:18[m[K,
[1.851s]                  from [01m[K/opt/ros/foxy/include/rclcpp/executor_options.hpp:20[m[K,
[1.851s]                  from [01m[K/opt/ros/foxy/include/rclcpp/executor.hpp:33[m[K,
[1.851s]                  from [01m[K/opt/ros/foxy/include/rclcpp/executors/multi_threaded_executor.hpp:26[m[K,
[1.851s]                  from [01m[K/opt/ros/foxy/include/rclcpp/executors.hpp:21[m[K,
[1.851s]                  from [01m[K/opt/ros/foxy/include/rclcpp/rclcpp.hpp:146[m[K,
[1.851s]                  from [01m[K/home/usuario/Documentos/GitHub/IR2117/tb3_ws/src/olympic/src/rings_action_server.cpp:4[m[K:
[1.851s] [01m[K/home/usuario/Documentos/GitHub/IR2117/tb3_ws/src/olympic/src/rings_action_server.cpp:[m[K In function ‘[01m[Krclcpp_action::GoalResponse handle_goal(const GoalUUID&, std::shared_ptr<const olympic_interfaces::action::Rings_Goal_<std::allocator<void> > >)[m[K’:
[1.851s] [01m[K/home/usuario/Documentos/GitHub/IR2117/tb3_ws/src/olympic/src/rings_action_server.cpp:24:45:[m[K [01;31m[Kerror: [m[K‘[01m[Kusing element_type = const struct olympic_interfaces::action::Rings_Goal_<std::allocator<void> >[m[K’ {aka ‘[01m[Kconst struct olympic_interfaces::action::Rings_Goal_<std::allocator<void> >[m[K’} has no member named ‘[01m[Korder[m[K’
[1.851s]    24 |     "Got goal request with order %d", goal->[01;31m[Korder[m[K);
[1.851s]       |                                             [01;31m[K^~~~~[m[K
[1.860s] [01m[K/home/usuario/Documentos/GitHub/IR2117/tb3_ws/src/olympic/src/rings_action_server.cpp:[m[K In function ‘[01m[Kvoid execute(std::shared_ptr<rclcpp_action::ServerGoalHandle<olympic_interfaces::action::Rings> >)[m[K’:
[1.860s] [01m[K/home/usuario/Documentos/GitHub/IR2117/tb3_ws/src/olympic/src/rings_action_server.cpp:57:3:[m[K [01;31m[Kerror: [m[Kexpected ‘[01m[K,[m[K’ or ‘[01m[K;[m[K’ before ‘[01m[Kauto[m[K’
[1.860s]    57 |   [01;31m[Kauto[m[K move = node->create_publisher<geometry_msgs::msg::Twist>("/turtle1/cmd_vel", 10);
[1.860s]       |   [01;31m[K^~~~[m[K
[1.860s] [01m[K/home/usuario/Documentos/GitHub/IR2117/tb3_ws/src/olympic/src/rings_action_server.cpp:60:20:[m[K [01;31m[Kerror: [m[Kconflicting declaration ‘[01m[Krclcpp::WallRate loop_rate[m[K’
[1.860s]    60 |   rclcpp::WallRate [01;31m[Kloop_rate[m[K(50ms);
[1.860s]       |                    [01;31m[K^~~~~~~~~[m[K
[1.860s] [01m[K/home/usuario/Documentos/GitHub/IR2117/tb3_ws/src/olympic/src/rings_action_server.cpp:48:16:[m[K [01;36m[Knote: [m[Kprevious declaration as ‘[01m[Krclcpp::Rate loop_rate[m[K’
[1.860s]    48 |   rclcpp::Rate [01;36m[Kloop_rate[m[K(1);
[1.860s]       |                [01;36m[K^~~~~~~~~[m[K
[1.860s] [01m[K/home/usuario/Documentos/GitHub/IR2117/tb3_ws/src/olympic/src/rings_action_server.cpp:60:30:[m[K [01;31m[Kerror: [m[Kunable to find numeric literal operator ‘[01m[Koperator""ms[m[K’
[1.861s]    60 |   rclcpp::WallRate loop_rate([01;31m[K50ms[m[K);
[1.861s]       |                              [01;31m[K^~~~[m[K
[1.866s] [01m[K/home/usuario/Documentos/GitHub/IR2117/tb3_ws/src/olympic/src/rings_action_server.cpp:78:18:[m[K [01;31m[Kerror: [m[K‘[01m[KTeleportAbsolute[m[K’ was not declared in this scope; did you mean ‘[01m[Kturtlesim::srv::TeleportAbsolute[m[K’?
[1.867s]    78 |   rclcpp::Client<[01;31m[KTeleportAbsolute[m[K>::SharedPtr client_teleport_absolute =
[1.867s]       |                  [01;31m[K^~~~~~~~~~~~~~~~[m[K
[1.867s]       |                  [32m[Kturtlesim::srv::TeleportAbsolute[m[K
[1.867s] In file included from [01m[K/opt/ros/foxy/include/turtlesim/srv/teleport_absolute.hpp:7[m[K,
[1.867s]                  from [01m[K/home/usuario/Documentos/GitHub/IR2117/tb3_ws/src/olympic/src/rings_action_server.cpp:8[m[K:
[1.867s] [01m[K/opt/ros/foxy/include/turtlesim/srv/detail/teleport_absolute__struct.hpp:271:8:[m[K [01;36m[Knote: [m[K‘[01m[Kturtlesim::srv::TeleportAbsolute[m[K’ declared here
[1.867s]   271 | struct [01;36m[KTeleportAbsolute[m[K
[1.868s]       |        [01;36m[K^~~~~~~~~~~~~~~~[m[K
[1.868s] [01m[K/home/usuario/Documentos/GitHub/IR2117/tb3_ws/src/olympic/src/rings_action_server.cpp:78:34:[m[K [01;31m[Kerror: [m[Ktemplate argument 1 is invalid
[1.868s]    78 |   rclcpp::Client<TeleportAbsolute[01;31m[K>[m[K::SharedPtr client_teleport_absolute =
[1.868s]       |                                  [01;31m[K^[m[K
[1.868s] [01m[K/home/usuario/Documentos/GitHub/IR2117/tb3_ws/src/olympic/src/rings_action_server.cpp:78:47:[m[K [01;31m[Kerror: [m[Kexpected initializer before ‘[01m[Kclient_teleport_absolute[m[K’
[1.868s]    78 |   rclcpp::Client<TeleportAbsolute>::SharedPtr [01;31m[Kclient_teleport_absolute[m[K =
[1.868s]       |                                               [01;31m[K^~~~~~~~~~~~~~~~~~~~~~~~[m[K
[1.868s] [01m[K/home/usuario/Documentos/GitHub/IR2117/tb3_ws/src/olympic/src/rings_action_server.cpp:80:18:[m[K [01;31m[Kerror: [m[K‘[01m[KSetPen[m[K’ was not declared in this scope; did you mean ‘[01m[Kturtlesim::srv::SetPen[m[K’?
[1.868s]    80 |   rclcpp::Client<[01;31m[KSetPen[m[K>::SharedPtr client_set_pen =
[1.868s]       |                  [01;31m[K^~~~~~[m[K
[1.868s]       |                  [32m[Kturtlesim::srv::SetPen[m[K
[1.868s] In file included from [01m[K/opt/ros/foxy/include/turtlesim/srv/set_pen.hpp:7[m[K,
[1.868s]                  from [01m[K/home/usuario/Documentos/GitHub/IR2117/tb3_ws/src/olympic/src/rings_action_server.cpp:7[m[K:
[1.868s] [01m[K/opt/ros/foxy/include/turtlesim/srv/detail/set_pen__struct.hpp:299:8:[m[K [01;36m[Knote: [m[K‘[01m[Kturtlesim::srv::SetPen[m[K’ declared here
[1.869s]   299 | struct [01;36m[KSetPen[m[K
[1.869s]       |        [01;36m[K^~~~~~[m[K
[1.869s] [01m[K/home/usuario/Documentos/GitHub/IR2117/tb3_ws/src/olympic/src/rings_action_server.cpp:80:24:[m[K [01;31m[Kerror: [m[Ktemplate argument 1 is invalid
[1.869s]    80 |   rclcpp::Client<SetPen[01;31m[K>[m[K::SharedPtr client_set_pen =
[1.869s]       |                        [01;31m[K^[m[K
[1.869s] [01m[K/home/usuario/Documentos/GitHub/IR2117/tb3_ws/src/olympic/src/rings_action_server.cpp:80:37:[m[K [01;31m[Kerror: [m[Kexpected initializer before ‘[01m[Kclient_set_pen[m[K’
[1.869s]    80 |   rclcpp::Client<SetPen>::SharedPtr [01;31m[Kclient_set_pen[m[K =
[1.869s]       |                                     [01;31m[K^~~~~~~~~~~~~~[m[K
[1.869s] In file included from [01m[K/opt/ros/foxy/include/rclcpp/client.hpp:40[m[K,
[1.869s]                  from [01m[K/opt/ros/foxy/include/rclcpp/callback_group.hpp:23[m[K,
[1.869s]                  from [01m[K/opt/ros/foxy/include/rclcpp/any_executable.hpp:20[m[K,
[1.869s]                  from [01m[K/opt/ros/foxy/include/rclcpp/memory_strategy.hpp:24[m[K,
[1.869s]                  from [01m[K/opt/ros/foxy/include/rclcpp/memory_strategies.hpp:18[m[K,
[1.869s]                  from [01m[K/opt/ros/foxy/include/rclcpp/executor_options.hpp:20[m[K,
[1.869s]                  from [01m[K/opt/ros/foxy/include/rclcpp/executor.hpp:33[m[K,
[1.869s]                  from [01m[K/opt/ros/foxy/include/rclcpp/executors/multi_threaded_executor.hpp:26[m[K,
[1.869s]                  from [01m[K/opt/ros/foxy/include/rclcpp/executors.hpp:21[m[K,
[1.869s]                  from [01m[K/opt/ros/foxy/include/rclcpp/rclcpp.hpp:146[m[K,
[1.869s]                  from [01m[K/home/usuario/Documentos/GitHub/IR2117/tb3_ws/src/olympic/src/rings_action_client.cpp:3[m[K:
[1.870s] [01m[K/home/usuario/Documentos/GitHub/IR2117/tb3_ws/src/olympic/src/rings_action_client.cpp:[m[K In function ‘[01m[Kvoid feedback_callback(rclcpp_action::ClientGoalHandle<olympic_interfaces::action::Rings>::SharedPtr, std::shared_ptr<const olympic_interfaces::action::Rings_Feedback_<std::allocator<void> > >)[m[K’:
[1.870s] [01m[K/home/usuario/Documentos/GitHub/IR2117/tb3_ws/src/olympic/src/rings_action_client.cpp:22:3:[m[K [01;31m[Kerror: [m[Kno matching function for call to ‘[01m[Kget_c_string()[m[K’
[1.870s]    22 |   [01;31m[KRCLCPP_INFO[m[K(
[1.870s]       |   [01;31m[K^~~~~~~~~~~[m[K
[1.870s] In file included from [01m[K/opt/ros/foxy/include/rclcpp/client.hpp:36[m[K,
[1.870s]                  from [01m[K/opt/ros/foxy/include/rclcpp/callback_group.hpp:23[m[K,
[1.870s]                  from [01m[K/opt/ros/foxy/include/rclcpp/any_executable.hpp:20[m[K,
[1.870s]                  from [01m[K/opt/ros/foxy/include/rclcpp/memory_strategy.hpp:24[m[K,
[1.870s]                  from [01m[K/opt/ros/foxy/include/rclcpp/memory_strategies.hpp:18[m[K,
[1.870s]                  from [01m[K/opt/ros/foxy/include/rclcpp/executor_options.hpp:20[m[K,
[1.870s]                  from [01m[K/opt/ros/foxy/include/rclcpp/executor.hpp:33[m[K,
[1.870s]                  from [01m[K/opt/ros/foxy/include/rclcpp/executors/multi_threaded_executor.hpp:26[m[K,
[1.870s]                  from [01m[K/opt/ros/foxy/include/rclcpp/executors.hpp:21[m[K,
[1.870s]                  from [01m[K/opt/ros/foxy/include/rclcpp/rclcpp.hpp:146[m[K,
[1.870s]                  from [01m[K/home/usuario/Documentos/GitHub/IR2117/tb3_ws/src/olympic/src/rings_action_client.cpp:3[m[K:
[1.870s] [01m[K/opt/ros/foxy/include/rclcpp/utilities.hpp:296:1:[m[K [01;36m[Knote: [m[Kcandidate: ‘[01m[Kconst char* rclcpp::get_c_string(const char*)[m[K’
[1.870s]   296 | [01;36m[Kget_c_string[m[K(const char * string_in);
[1.870s]       | [01;36m[K^~~~~~~~~~~~[m[K
[1.870s] [01m[K/opt/ros/foxy/include/rclcpp/utilities.hpp:296:1:[m[K [01;36m[Knote: [m[K  candidate expects 1 argument, 0 provided
[1.870s] [01m[K/opt/ros/foxy/include/rclcpp/utilities.hpp:305:1:[m[K [01;36m[Knote: [m[Kcandidate: ‘[01m[Kconst char* rclcpp::get_c_string(const string&)[m[K’
[1.870s]   305 | [01;36m[Kget_c_string[m[K(const std::string & string_in);
[1.870s]       | [01;36m[K^~~~~~~~~~~~[m[K
[1.871s] [01m[K/opt/ros/foxy/include/rclcpp/utilities.hpp:305:1:[m[K [01;36m[Knote: [m[K  candidate expects 1 argument, 0 provided
[1.871s] [01m[K/home/usuario/Documentos/GitHub/IR2117/tb3_ws/src/olympic/src/rings_action_client.cpp:24:1:[m[K [01;31m[Kerror: [m[Kexpected ‘[01m[K;[m[K’ before ‘[01m[K}[m[K’ token
[1.871s]    24 | [01;31m[K}[m[K
[1.871s]       | [01;31m[K^[m[K
[1.871s] [01m[K/home/usuario/Documentos/GitHub/IR2117/tb3_ws/src/olympic/src/rings_action_client.cpp:20:48:[m[K [01;35m[Kwarning: [m[Kunused parameter ‘[01m[Kfeedback[m[K’ [[01;35m[K-Wunused-parameter[m[K]
[1.871s]    20 |   [01;35m[Kconst std::shared_ptr<const Rings::Feedback> feedback[m[K)
[1.871s]       |   [01;35m[K~~~~~~~~~~~~~~~~~~~~~~~~~~~~~~~~~~~~~~~~~~~~~^~~~~~~~[m[K
[1.872s] [01m[K/home/usuario/Documentos/GitHub/IR2117/tb3_ws/src/olympic/src/rings_action_server.cpp:96:31:[m[K [01;31m[Kerror: [m[K‘[01m[Ksetpen[m[K’ was not declared in this scope; did you mean ‘[01m[Ksetenv[m[K’?
[1.872s]    96 |          auto future_setpen = [01;31m[Ksetpen[m[K->async_send_request(setpen_request);
[1.872s]       |                               [01;31m[K^~~~~~[m[K
[1.872s]       |                               [32m[Ksetenv[m[K
[1.877s] [01m[K/home/usuario/Documentos/GitHub/IR2117/tb3_ws/src/olympic/src/rings_action_server.cpp:109:33:[m[K [01;31m[Kerror: [m[K‘[01m[Kteleport[m[K’ was not declared in this scope
[1.877s]   109 |          auto future_teleport = [01;31m[Kteleport[m[K->async_send_request(request);
[1.877s]       |                                 [01;31m[K^~~~~~~~[m[K
[1.877s] [01m[K/home/usuario/Documentos/GitHub/IR2117/tb3_ws/src/olympic/src/rings_action_server.cpp:117:4:[m[K [01;31m[Kerror: [m[K‘[01m[Kmove[m[K’ was not declared in this scope; did you mean ‘[01m[Kstd::move[m[K’?
[1.877s]   117 |    [01;31m[Kmove[m[K->publish(message);
[1.878s]       |    [01;31m[K^~~~[m[K
[1.878s]       |    [32m[Kstd::move[m[K
[1.878s] In file included from [01m[K/usr/include/c++/9/memory:62[m[K,
[1.878s]                  from [01m[K/home/usuario/Documentos/GitHub/IR2117/tb3_ws/src/olympic/src/rings_action_server.cpp:2[m[K:
[1.878s] [01m[K/usr/include/c++/9/bits/stl_algobase.h:497:5:[m[K [01;36m[Knote: [m[K‘[01m[Kstd::move[m[K’ declared here
[1.878s]   497 |     [01;36m[Kmove[m[K(_II __first, _II __last, _OI __result)
[1.878s]       |     [01;36m[K^~~~[m[K
[1.878s] [01m[K/home/usuario/Documentos/GitHub/IR2117/tb3_ws/src/olympic/src/rings_action_server.cpp:52:10:[m[K [01;35m[Kwarning: [m[Kunused variable ‘[01m[Kring_number[m[K’ [[01;35m[K-Wunused-variable[m[K]
[1.878s]    52 |   auto & [01;35m[Kring_number[m[K = feedback->drawing_ring;
[1.879s]       |          [01;35m[K^~~~~~~~~~~[m[K
[1.879s] [01m[K/home/usuario/Documentos/GitHub/IR2117/tb3_ws/src/olympic/src/rings_action_server.cpp:53:10:[m[K [01;35m[Kwarning: [m[Kunused variable ‘[01m[Kring_angle[m[K’ [[01;35m[K-Wunused-variable[m[K]
[1.879s]    53 |   auto & [01;35m[Kring_angle[m[K = feedback->ring_angle;
[1.879s]       |          [01;35m[K^~~~~~~~~~[m[K
[1.881s] [01m[K/home/usuario/Documentos/GitHub/IR2117/tb3_ws/src/olympic/src/rings_action_server.cpp:[m[K In function ‘[01m[Kint main(int, char**)[m[K’:
[1.881s] [01m[K/home/usuario/Documentos/GitHub/IR2117/tb3_ws/src/olympic/src/rings_action_server.cpp:137:34:[m[K [01;31m[Kerror: [m[K‘[01m[KFibonacci[m[K’ was not declared in this scope
[1.881s]   137 |     rclcpp_action::create_server<[01;31m[KFibonacci[m[K>(node,
[1.881s]       |                                  [01;31m[K^~~~~~~~~[m[K
[1.881s] [01m[K/home/usuario/Documentos/GitHub/IR2117/tb3_ws/src/olympic/src/rings_action_server.cpp:141:22:[m[K [01;31m[Kerror: [m[Kno matching function for call to ‘[01m[Kcreate_server<<expression error> >(std::shared_ptr<rclcpp::Node>&, const char [6], rclcpp_action::GoalResponse (&)(const GoalUUID&, std::shared_ptr<const olympic_interfaces::action::Rings_Goal_<std::allocator<void> > >), rclcpp_action::CancelResponse (&)(std::shared_ptr<rclcpp_action::ServerGoalHandle<olympic_interfaces::action::Rings> >), void (&)(std::shared_ptr<rclcpp_action::ServerGoalHandle<olympic_interfaces::action::Rings> >))[m[K’
[1.881s]   141 |       handle_accepted[01;31m[K)[m[K;
[1.881s]       |                      [01;31m[K^[m[K
[1.881s] In file included from [01m[K/opt/ros/foxy/include/rclcpp_action/rclcpp_action.hpp:39[m[K,
[1.881s]                  from [01m[K/home/usuario/Documentos/GitHub/IR2117/tb3_ws/src/olympic/src/rings_action_server.cpp:5[m[K:
[1.881s] [01m[K/opt/ros/foxy/include/rclcpp_action/create_server.hpp:58:1:[m[K [01;36m[Knote: [m[Kcandidate: ‘[01m[Ktemplate<class ActionT> typename rclcpp_action::Server<ActionT>::SharedPtr rclcpp_action::create_server(rclcpp::node_interfaces::NodeBaseInterface::SharedPtr, rclcpp::node_interfaces::NodeClockInterface::SharedPtr, rclcpp::node_interfaces::NodeLoggingInterface::SharedPtr, rclcpp::node_interfaces::NodeWaitablesInterface::SharedPtr, const string&, typename rclcpp_action::Server<ActionT>::GoalCallback, typename rclcpp_action::Server<ActionT>::CancelCallback, typename rclcpp_action::Server<ActionT>::AcceptedCallback, const rcl_action_server_options_t&, rclcpp::CallbackGroup::SharedPtr)[m[K’
[1.881s]    58 | [01;36m[Kcreate_server[m[K(
[1.881s]       | [01;36m[K^~~~~~~~~~~~~[m[K
[1.881s] [01m[K/opt/ros/foxy/include/rclcpp_action/create_server.hpp:58:1:[m[K [01;36m[Knote: [m[K  template argument deduction/substitution failed:
[1.881s] [01m[K/home/usuario/Documentos/GitHub/IR2117/tb3_ws/src/olympic/src/rings_action_server.cpp:141:22:[m[K [01;31m[Kerror: [m[Ktemplate argument 1 is invalid
[1.881s]   141 |       handle_accepted[01;31m[K)[m[K;
[1.881s]       |                      [01;31m[K^[m[K
[1.881s] In file included from [01m[K/opt/ros/foxy/include/rclcpp_action/rclcpp_action.hpp:39[m[K,
[1.882s]                  from [01m[K/home/usuario/Documentos/GitHub/IR2117/tb3_ws/src/olympic/src/rings_action_server.cpp:5[m[K:
[1.882s] [01m[K/opt/ros/foxy/include/rclcpp_action/create_server.hpp:132:1:[m[K [01;36m[Knote: [m[Kcandidate: ‘[01m[Ktemplate<class ActionT, class NodeT> typename rclcpp_action::Server<ActionT>::SharedPtr rclcpp_action::create_server(NodeT, const string&, typename rclcpp_action::Server<ActionT>::GoalCallback, typename rclcpp_action::Server<ActionT>::CancelCallback, typename rclcpp_action::Server<ActionT>::AcceptedCallback, const rcl_action_server_options_t&, rclcpp::CallbackGroup::SharedPtr)[m[K’
[1.882s]   132 | [01;36m[Kcreate_server[m[K(
[1.882s]       | [01;36m[K^~~~~~~~~~~~~[m[K
[1.882s] [01m[K/opt/ros/foxy/include/rclcpp_action/create_server.hpp:132:1:[m[K [01;36m[Knote: [m[K  template argument deduction/substitution failed:
[1.882s] [01m[K/home/usuario/Documentos/GitHub/IR2117/tb3_ws/src/olympic/src/rings_action_server.cpp:141:22:[m[K [01;31m[Kerror: [m[Ktemplate argument 1 is invalid
[1.882s]   141 |       handle_accepted[01;31m[K)[m[K;
[1.882s]       |                      [01;31m[K^[m[K
[2.263s] make[2]: *** [CMakeFiles/rings_action_server.dir/build.make:63: CMakeFiles/rings_action_server.dir/src/rings_action_server.cpp.o] Error 1
[2.264s] make[1]: *** [CMakeFiles/Makefile2:109: CMakeFiles/rings_action_server.dir/all] Error 2
[2.264s] make[1]: *** Se espera a que terminen otras tareas....
[2.596s] make[2]: *** [CMakeFiles/rings_action_client.dir/build.make:63: CMakeFiles/rings_action_client.dir/src/rings_action_client.cpp.o] Error 1
[2.597s] make[1]: *** [CMakeFiles/Makefile2:82: CMakeFiles/rings_action_client.dir/all] Error 2
[2.597s] make: *** [Makefile:141: all] Error 2
[2.599s] Invoked command in '/home/usuario/Documentos/GitHub/IR2117/tb3_ws/build/olympic' returned '2': AMENT_PREFIX_PATH=/home/usuario/Documentos/GitHub/IR2117/tb3_ws/install/olympic_interfaces:${AMENT_PREFIX_PATH} CMAKE_PREFIX_PATH=/home/usuario/Documentos/GitHub/IR2117/tb3_ws/install/olympic_interfaces:/opt/ros/foxy LD_LIBRARY_PATH=/home/usuario/Documentos/GitHub/IR2117/tb3_ws/install/olympic_interfaces/lib:${LD_LIBRARY_PATH} PYTHONPATH=/home/usuario/Documentos/GitHub/IR2117/tb3_ws/install/olympic_interfaces/lib/python3.8/site-packages:${PYTHONPATH} /usr/bin/cmake --build /home/usuario/Documentos/GitHub/IR2117/tb3_ws/build/olympic -- -j6 -l6
