[0.081s] Invoking command in '/home/usuario/Documentos/GitHub/IR2117/ros2_ws/src/build/cpp_srvcli': CMAKE_PREFIX_PATH=/opt/ros/foxy /usr/bin/cmake /home/usuario/Documentos/GitHub/IR2117/ros2_ws/src/cpp_srvcli -DCMAKE_INSTALL_PREFIX=/home/usuario/Documentos/GitHub/IR2117/ros2_ws/src/install/cpp_srvcli
[0.152s] -- Found ament_cmake: 0.9.11 (/opt/ros/foxy/share/ament_cmake/cmake)
[0.191s] -- Using PYTHON_EXECUTABLE: /usr/bin/python3
[0.406s] -- Found rclcpp: 2.4.2 (/opt/ros/foxy/share/rclcpp/cmake)
[0.449s] -- Using all available rosidl_typesupport_c: rosidl_typesupport_fastrtps_c;rosidl_typesupport_introspection_c
[0.453s] -- Found rosidl_adapter: 1.3.0 (/opt/ros/foxy/share/rosidl_adapter/cmake)
[0.560s] -- Using all available rosidl_typesupport_cpp: rosidl_typesupport_fastrtps_cpp;rosidl_typesupport_introspection_cpp
[0.612s] -- Found rmw_implementation_cmake: 1.0.3 (/opt/ros/foxy/share/rmw_implementation_cmake/cmake)
[0.614s] -- Using RMW implementation 'rmw_fastrtps_cpp' as default
[0.735s] CMake Error at CMakeLists.txt:21 (find_package):
[0.735s]   By not providing "Findexample_interfaces.cmake" in CMAKE_MODULE_PATH this
[0.735s]   project has asked CMake to find a package configuration file provided by
[0.735s]   "example_interfaces", but CMake did not find one.
[0.735s] 
[0.735s]   Could not find a package configuration file provided by
[0.735s]   "example_interfaces" with any of the following names:
[0.735s] 
[0.735s]     example_interfacesConfig.cmake
[0.735s]     example_interfaces-config.cmake
[0.735s] 
[0.735s]   Add the installation prefix of "example_interfaces" to CMAKE_PREFIX_PATH or
[0.736s]   set "example_interfaces_DIR" to a directory containing one of the above
[0.736s]   files.  If "example_interfaces" provides a separate development package or
[0.736s]   SDK, be sure it has been installed.
[0.736s] 
[0.736s] 
[0.736s] -- Configuring incomplete, errors occurred!
[0.736s] See also "/home/usuario/Documentos/GitHub/IR2117/ros2_ws/src/build/cpp_srvcli/CMakeFiles/CMakeOutput.log".
[0.736s] See also "/home/usuario/Documentos/GitHub/IR2117/ros2_ws/src/build/cpp_srvcli/CMakeFiles/CMakeError.log".
[0.743s] Invoked command in '/home/usuario/Documentos/GitHub/IR2117/ros2_ws/src/build/cpp_srvcli' returned '1': CMAKE_PREFIX_PATH=/opt/ros/foxy /usr/bin/cmake /home/usuario/Documentos/GitHub/IR2117/ros2_ws/src/cpp_srvcli -DCMAKE_INSTALL_PREFIX=/home/usuario/Documentos/GitHub/IR2117/ros2_ws/src/install/cpp_srvcli
