[0.028s] Invoking command in '/home/usuario/Documentos/GitHub/IR2117/tb3_ws/src/build/obstacles': CMAKE_PREFIX_PATH=${CMAKE_PREFIX_PATH}:/opt/ros/foxy /usr/bin/cmake --build /home/usuario/Documentos/GitHub/IR2117/tb3_ws/src/build/obstacles -- -j6 -l6
[0.058s] Invoked command in '/home/usuario/Documentos/GitHub/IR2117/tb3_ws/src/build/obstacles' returned '0': CMAKE_PREFIX_PATH=${CMAKE_PREFIX_PATH}:/opt/ros/foxy /usr/bin/cmake --build /home/usuario/Documentos/GitHub/IR2117/tb3_ws/src/build/obstacles -- -j6 -l6
[0.080s] Invoking command in '/home/usuario/Documentos/GitHub/IR2117/tb3_ws/src/build/obstacles': CMAKE_PREFIX_PATH=${CMAKE_PREFIX_PATH}:/opt/ros/foxy /usr/bin/cmake --install /home/usuario/Documentos/GitHub/IR2117/tb3_ws/src/build/obstacles
[0.085s] -- Install configuration: ""
[0.085s] -- Up-to-date: /home/usuario/Documentos/GitHub/IR2117/tb3_ws/src/install/obstacles/share/ament_index/resource_index/package_run_dependencies/obstacles
[0.085s] -- Up-to-date: /home/usuario/Documentos/GitHub/IR2117/tb3_ws/src/install/obstacles/share/ament_index/resource_index/parent_prefix_path/obstacles
[0.085s] -- Up-to-date: /home/usuario/Documentos/GitHub/IR2117/tb3_ws/src/install/obstacles/share/obstacles/environment/ament_prefix_path.sh
[0.085s] -- Up-to-date: /home/usuario/Documentos/GitHub/IR2117/tb3_ws/src/install/obstacles/share/obstacles/environment/ament_prefix_path.dsv
[0.085s] -- Up-to-date: /home/usuario/Documentos/GitHub/IR2117/tb3_ws/src/install/obstacles/share/obstacles/environment/path.sh
[0.085s] -- Up-to-date: /home/usuario/Documentos/GitHub/IR2117/tb3_ws/src/install/obstacles/share/obstacles/environment/path.dsv
[0.085s] -- Up-to-date: /home/usuario/Documentos/GitHub/IR2117/tb3_ws/src/install/obstacles/share/obstacles/local_setup.bash
[0.085s] -- Up-to-date: /home/usuario/Documentos/GitHub/IR2117/tb3_ws/src/install/obstacles/share/obstacles/local_setup.sh
[0.085s] -- Up-to-date: /home/usuario/Documentos/GitHub/IR2117/tb3_ws/src/install/obstacles/share/obstacles/local_setup.zsh
[0.085s] -- Up-to-date: /home/usuario/Documentos/GitHub/IR2117/tb3_ws/src/install/obstacles/share/obstacles/local_setup.dsv
[0.085s] -- Up-to-date: /home/usuario/Documentos/GitHub/IR2117/tb3_ws/src/install/obstacles/share/obstacles/package.dsv
[0.085s] -- Up-to-date: /home/usuario/Documentos/GitHub/IR2117/tb3_ws/src/install/obstacles/share/ament_index/resource_index/packages/obstacles
[0.085s] -- Up-to-date: /home/usuario/Documentos/GitHub/IR2117/tb3_ws/src/install/obstacles/share/obstacles/cmake/obstaclesConfig.cmake
[0.085s] -- Up-to-date: /home/usuario/Documentos/GitHub/IR2117/tb3_ws/src/install/obstacles/share/obstacles/cmake/obstaclesConfig-version.cmake
[0.086s] -- Up-to-date: /home/usuario/Documentos/GitHub/IR2117/tb3_ws/src/install/obstacles/share/obstacles/package.xml
[0.087s] Invoked command in '/home/usuario/Documentos/GitHub/IR2117/tb3_ws/src/build/obstacles' returned '0': CMAKE_PREFIX_PATH=${CMAKE_PREFIX_PATH}:/opt/ros/foxy /usr/bin/cmake --install /home/usuario/Documentos/GitHub/IR2117/tb3_ws/src/build/obstacles
