[0.042s] Invoking command in '/home/usuario/Documentos/GitHub/IR2117/tb3_ws/build/olympic': CMAKE_PREFIX_PATH=${CMAKE_PREFIX_PATH}:/opt/ros/foxy /usr/bin/cmake --build /home/usuario/Documentos/GitHub/IR2117/tb3_ws/build/olympic -- -j6 -l6
[0.060s] -- Found ament_cmake: 0.9.11 (/opt/ros/foxy/share/ament_cmake/cmake)
[0.079s] -- Using PYTHON_EXECUTABLE: /usr/bin/python3
[0.232s] -- Found rclcpp: 2.4.2 (/opt/ros/foxy/share/rclcpp/cmake)
[0.252s] -- Using all available rosidl_typesupport_c: rosidl_typesupport_fastrtps_c;rosidl_typesupport_introspection_c
[0.255s] -- Found rosidl_adapter: 1.3.0 (/opt/ros/foxy/share/rosidl_adapter/cmake)
[0.349s] -- Using all available rosidl_typesupport_cpp: rosidl_typesupport_fastrtps_cpp;rosidl_typesupport_introspection_cpp
[0.384s] -- Found rmw_implementation_cmake: 1.0.3 (/opt/ros/foxy/share/rmw_implementation_cmake/cmake)
[0.385s] -- Using RMW implementation 'rmw_fastrtps_cpp' as default
[0.487s] -- Found geometry_msgs: 2.0.5 (/opt/ros/foxy/share/geometry_msgs/cmake)
[0.510s] -- Found turtlesim: 1.2.6 (/opt/ros/foxy/share/turtlesim/cmake)
[0.583s] CMake Error at CMakeLists.txt:27 (target_include_directories):
[0.583s]   target_include_directories called with invalid arguments
[0.583s] 
[0.583s] 
[0.583s] CMake Error at /opt/ros/foxy/share/ament_cmake_target_dependencies/cmake/ament_target_dependencies.cmake:77 (message):
[0.583s]   ament_target_dependencies() the passed package name 'parallel' was not
[0.583s]   found before
[0.584s] Call Stack (most recent call first):
[0.584s]   CMakeLists.txt:31 (ament_target_dependencies)
[0.584s] 
[0.584s] 
[0.584s] -- Configuring incomplete, errors occurred!
[0.584s] See also "/home/usuario/Documentos/GitHub/IR2117/tb3_ws/build/olympic/CMakeFiles/CMakeOutput.log".
[0.584s] See also "/home/usuario/Documentos/GitHub/IR2117/tb3_ws/build/olympic/CMakeFiles/CMakeError.log".
[0.594s] make: *** [Makefile:266: cmake_check_build_system] Error 1
[0.596s] Invoked command in '/home/usuario/Documentos/GitHub/IR2117/tb3_ws/build/olympic' returned '2': CMAKE_PREFIX_PATH=${CMAKE_PREFIX_PATH}:/opt/ros/foxy /usr/bin/cmake --build /home/usuario/Documentos/GitHub/IR2117/tb3_ws/build/olympic -- -j6 -l6
