[0.035s] Invoking command in '/home/usuario/Documentos/GitHub/IR2117/tb3_ws/build/olympic_interfaces': CMAKE_PREFIX_PATH=/opt/ros/foxy /usr/bin/cmake --build /home/usuario/Documentos/GitHub/IR2117/tb3_ws/build/olympic_interfaces -- -j6 -l6
[0.071s] [  3%] Built target olympic_interfaces__cpp
[0.083s] [ 12%] Built target olympic_interfaces__rosidl_generator_c
[0.092s] [ 22%] Built target olympic_interfaces__rosidl_typesupport_cpp
[0.094s] [ 32%] Built target olympic_interfaces__rosidl_typesupport_fastrtps_cpp
[0.098s] [ 41%] Built target olympic_interfaces__rosidl_typesupport_introspection_cpp
[0.106s] [ 58%] Built target olympic_interfaces__rosidl_typesupport_c
[0.106s] [ 61%] Built target olympic_interfaces__rosidl_typesupport_introspection_c
[0.112s] [ 70%] Built target olympic_interfaces__rosidl_typesupport_fastrtps_c
[0.126s] [ 70%] Built target olympic_interfaces
[0.139s] [ 74%] Built target olympic_interfaces__py
[0.158s] [ 80%] Built target olympic_interfaces__python
[0.176s] [ 87%] Built target olympic_interfaces__rosidl_typesupport_c__pyext
[0.180s] [100%] Built target olympic_interfaces__rosidl_typesupport_fastrtps_c__pyext
[0.180s] [100%] Built target olympic_interfaces__rosidl_typesupport_introspection_c__pyext
[0.197s] Invoked command in '/home/usuario/Documentos/GitHub/IR2117/tb3_ws/build/olympic_interfaces' returned '0': CMAKE_PREFIX_PATH=/opt/ros/foxy /usr/bin/cmake --build /home/usuario/Documentos/GitHub/IR2117/tb3_ws/build/olympic_interfaces -- -j6 -l6
[0.232s] Invoking command in '/home/usuario/Documentos/GitHub/IR2117/tb3_ws/build/olympic_interfaces': CMAKE_PREFIX_PATH=/opt/ros/foxy /usr/bin/cmake --install /home/usuario/Documentos/GitHub/IR2117/tb3_ws/build/olympic_interfaces
[0.243s] -- Install configuration: ""
[0.244s] -- Up-to-date: /home/usuario/Documentos/GitHub/IR2117/tb3_ws/install/olympic_interfaces/share/ament_index/resource_index/rosidl_interfaces/olympic_interfaces
[0.244s] -- Up-to-date: /home/usuario/Documentos/GitHub/IR2117/tb3_ws/install/olympic_interfaces/include/olympic_interfaces
[0.244s] -- Up-to-date: /home/usuario/Documentos/GitHub/IR2117/tb3_ws/install/olympic_interfaces/include/olympic_interfaces/msg
[0.244s] -- Up-to-date: /home/usuario/Documentos/GitHub/IR2117/tb3_ws/install/olympic_interfaces/include/olympic_interfaces/msg/rosidl_generator_c__visibility_control.h
[0.244s] -- Up-to-date: /home/usuario/Documentos/GitHub/IR2117/tb3_ws/install/olympic_interfaces/include/olympic_interfaces/action
[0.244s] -- Up-to-date: /home/usuario/Documentos/GitHub/IR2117/tb3_ws/install/olympic_interfaces/include/olympic_interfaces/action/detail
[0.244s] -- Up-to-date: /home/usuario/Documentos/GitHub/IR2117/tb3_ws/install/olympic_interfaces/include/olympic_interfaces/action/detail/rings__functions.c
[0.244s] -- Up-to-date: /home/usuario/Documentos/GitHub/IR2117/tb3_ws/install/olympic_interfaces/include/olympic_interfaces/action/detail/rings__functions.h
[0.244s] -- Up-to-date: /home/usuario/Documentos/GitHub/IR2117/tb3_ws/install/olympic_interfaces/include/olympic_interfaces/action/detail/rings__struct.h
[0.244s] -- Up-to-date: /home/usuario/Documentos/GitHub/IR2117/tb3_ws/install/olympic_interfaces/include/olympic_interfaces/action/detail/rings__type_support.h
[0.244s] -- Up-to-date: /home/usuario/Documentos/GitHub/IR2117/tb3_ws/install/olympic_interfaces/include/olympic_interfaces/action/rings.h
[0.244s] -- Up-to-date: /home/usuario/Documentos/GitHub/IR2117/tb3_ws/install/olympic_interfaces/share/olympic_interfaces/environment/library_path.sh
[0.244s] -- Up-to-date: /home/usuario/Documentos/GitHub/IR2117/tb3_ws/install/olympic_interfaces/share/olympic_interfaces/environment/library_path.dsv
[0.247s] -- Up-to-date: /home/usuario/Documentos/GitHub/IR2117/tb3_ws/install/olympic_interfaces/lib/libolympic_interfaces__rosidl_generator_c.so
[0.251s] -- Up-to-date: /home/usuario/Documentos/GitHub/IR2117/tb3_ws/install/olympic_interfaces/include/olympic_interfaces
[0.251s] -- Up-to-date: /home/usuario/Documentos/GitHub/IR2117/tb3_ws/install/olympic_interfaces/include/olympic_interfaces/msg
[0.251s] -- Up-to-date: /home/usuario/Documentos/GitHub/IR2117/tb3_ws/install/olympic_interfaces/include/olympic_interfaces/msg/rosidl_typesupport_fastrtps_c__visibility_control.h
[0.251s] -- Up-to-date: /home/usuario/Documentos/GitHub/IR2117/tb3_ws/install/olympic_interfaces/include/olympic_interfaces/action
[0.251s] -- Up-to-date: /home/usuario/Documentos/GitHub/IR2117/tb3_ws/install/olympic_interfaces/include/olympic_interfaces/action/detail
[0.251s] -- Up-to-date: /home/usuario/Documentos/GitHub/IR2117/tb3_ws/install/olympic_interfaces/include/olympic_interfaces/action/detail/rings__rosidl_typesupport_fastrtps_c.h
[0.255s] -- Up-to-date: /home/usuario/Documentos/GitHub/IR2117/tb3_ws/install/olympic_interfaces/lib/libolympic_interfaces__rosidl_typesupport_fastrtps_c.so
[0.259s] -- Up-to-date: /home/usuario/Documentos/GitHub/IR2117/tb3_ws/install/olympic_interfaces/include/olympic_interfaces
[0.259s] -- Up-to-date: /home/usuario/Documentos/GitHub/IR2117/tb3_ws/install/olympic_interfaces/include/olympic_interfaces/msg
[0.259s] -- Up-to-date: /home/usuario/Documentos/GitHub/IR2117/tb3_ws/install/olympic_interfaces/include/olympic_interfaces/msg/rosidl_typesupport_fastrtps_cpp__visibility_control.h
[0.259s] -- Up-to-date: /home/usuario/Documentos/GitHub/IR2117/tb3_ws/install/olympic_interfaces/include/olympic_interfaces/action
[0.259s] -- Up-to-date: /home/usuario/Documentos/GitHub/IR2117/tb3_ws/install/olympic_interfaces/include/olympic_interfaces/action/detail
[0.259s] -- Up-to-date: /home/usuario/Documentos/GitHub/IR2117/tb3_ws/install/olympic_interfaces/include/olympic_interfaces/action/detail/dds_fastrtps
[0.260s] -- Up-to-date: /home/usuario/Documentos/GitHub/IR2117/tb3_ws/install/olympic_interfaces/include/olympic_interfaces/action/detail/rings__rosidl_typesupport_fastrtps_cpp.hpp
[0.265s] -- Up-to-date: /home/usuario/Documentos/GitHub/IR2117/tb3_ws/install/olympic_interfaces/lib/libolympic_interfaces__rosidl_typesupport_fastrtps_cpp.so
[0.272s] -- Up-to-date: /home/usuario/Documentos/GitHub/IR2117/tb3_ws/install/olympic_interfaces/include/olympic_interfaces
[0.272s] -- Up-to-date: /home/usuario/Documentos/GitHub/IR2117/tb3_ws/install/olympic_interfaces/include/olympic_interfaces/msg
[0.272s] -- Up-to-date: /home/usuario/Documentos/GitHub/IR2117/tb3_ws/install/olympic_interfaces/include/olympic_interfaces/msg/rosidl_typesupport_introspection_c__visibility_control.h
[0.272s] -- Up-to-date: /home/usuario/Documentos/GitHub/IR2117/tb3_ws/install/olympic_interfaces/include/olympic_interfaces/action
[0.273s] -- Up-to-date: /home/usuario/Documentos/GitHub/IR2117/tb3_ws/install/olympic_interfaces/include/olympic_interfaces/action/detail
[0.273s] -- Up-to-date: /home/usuario/Documentos/GitHub/IR2117/tb3_ws/install/olympic_interfaces/include/olympic_interfaces/action/detail/rings__rosidl_typesupport_introspection_c.h
[0.273s] -- Up-to-date: /home/usuario/Documentos/GitHub/IR2117/tb3_ws/install/olympic_interfaces/include/olympic_interfaces/action/detail/rings__type_support.c
[0.278s] -- Up-to-date: /home/usuario/Documentos/GitHub/IR2117/tb3_ws/install/olympic_interfaces/lib/libolympic_interfaces__rosidl_typesupport_introspection_c.so
[0.287s] -- Up-to-date: /home/usuario/Documentos/GitHub/IR2117/tb3_ws/install/olympic_interfaces/lib/libolympic_interfaces__rosidl_typesupport_c.so
[0.291s] -- Up-to-date: /home/usuario/Documentos/GitHub/IR2117/tb3_ws/install/olympic_interfaces/include/olympic_interfaces
[0.291s] -- Up-to-date: /home/usuario/Documentos/GitHub/IR2117/tb3_ws/install/olympic_interfaces/include/olympic_interfaces/action
[0.291s] -- Up-to-date: /home/usuario/Documentos/GitHub/IR2117/tb3_ws/install/olympic_interfaces/include/olympic_interfaces/action/detail
[0.292s] -- Up-to-date: /home/usuario/Documentos/GitHub/IR2117/tb3_ws/install/olympic_interfaces/include/olympic_interfaces/action/detail/rings__builder.hpp
[0.292s] -- Up-to-date: /home/usuario/Documentos/GitHub/IR2117/tb3_ws/install/olympic_interfaces/include/olympic_interfaces/action/detail/rings__struct.hpp
[0.292s] -- Up-to-date: /home/usuario/Documentos/GitHub/IR2117/tb3_ws/install/olympic_interfaces/include/olympic_interfaces/action/detail/rings__traits.hpp
[0.292s] -- Up-to-date: /home/usuario/Documentos/GitHub/IR2117/tb3_ws/install/olympic_interfaces/include/olympic_interfaces/action/rings.hpp
[0.292s] -- Up-to-date: /home/usuario/Documentos/GitHub/IR2117/tb3_ws/install/olympic_interfaces/include/olympic_interfaces
[0.292s] -- Up-to-date: /home/usuario/Documentos/GitHub/IR2117/tb3_ws/install/olympic_interfaces/include/olympic_interfaces/action
[0.292s] -- Up-to-date: /home/usuario/Documentos/GitHub/IR2117/tb3_ws/install/olympic_interfaces/include/olympic_interfaces/action/detail
[0.292s] -- Up-to-date: /home/usuario/Documentos/GitHub/IR2117/tb3_ws/install/olympic_interfaces/include/olympic_interfaces/action/detail/rings__rosidl_typesupport_introspection_cpp.hpp
[0.292s] -- Up-to-date: /home/usuario/Documentos/GitHub/IR2117/tb3_ws/install/olympic_interfaces/include/olympic_interfaces/action/detail/rings__type_support.cpp
[0.294s] -- Up-to-date: /home/usuario/Documentos/GitHub/IR2117/tb3_ws/install/olympic_interfaces/lib/libolympic_interfaces__rosidl_typesupport_introspection_cpp.so
[0.299s] -- Up-to-date: /home/usuario/Documentos/GitHub/IR2117/tb3_ws/install/olympic_interfaces/lib/libolympic_interfaces__rosidl_typesupport_cpp.so
[0.303s] -- Up-to-date: /home/usuario/Documentos/GitHub/IR2117/tb3_ws/install/olympic_interfaces/share/olympic_interfaces/environment/pythonpath.sh
[0.303s] -- Up-to-date: /home/usuario/Documentos/GitHub/IR2117/tb3_ws/install/olympic_interfaces/share/olympic_interfaces/environment/pythonpath.dsv
[0.303s] -- Up-to-date: /home/usuario/Documentos/GitHub/IR2117/tb3_ws/install/olympic_interfaces/lib/python3.8/site-packages/olympic_interfaces/__init__.py
[0.335s] -- Up-to-date: /home/usuario/Documentos/GitHub/IR2117/tb3_ws/install/olympic_interfaces/lib/python3.8/site-packages/olympic_interfaces/action
[0.335s] -- Up-to-date: /home/usuario/Documentos/GitHub/IR2117/tb3_ws/install/olympic_interfaces/lib/python3.8/site-packages/olympic_interfaces/action/_rings_s.c
[0.336s] -- Up-to-date: /home/usuario/Documentos/GitHub/IR2117/tb3_ws/install/olympic_interfaces/lib/python3.8/site-packages/olympic_interfaces/action/__init__.py
[0.336s] -- Up-to-date: /home/usuario/Documentos/GitHub/IR2117/tb3_ws/install/olympic_interfaces/lib/python3.8/site-packages/olympic_interfaces/action/_rings.py
[0.340s] -- Up-to-date: /home/usuario/Documentos/GitHub/IR2117/tb3_ws/install/olympic_interfaces/lib/python3.8/site-packages/olympic_interfaces/olympic_interfaces_s__rosidl_typesupport_fastrtps_c.cpython-38-x86_64-linux-gnu.so
[0.350s] -- Up-to-date: /home/usuario/Documentos/GitHub/IR2117/tb3_ws/install/olympic_interfaces/lib/python3.8/site-packages/olympic_interfaces/olympic_interfaces_s__rosidl_typesupport_introspection_c.cpython-38-x86_64-linux-gnu.so
[0.362s] -- Up-to-date: /home/usuario/Documentos/GitHub/IR2117/tb3_ws/install/olympic_interfaces/lib/python3.8/site-packages/olympic_interfaces/olympic_interfaces_s__rosidl_typesupport_c.cpython-38-x86_64-linux-gnu.so
[0.376s] -- Up-to-date: /home/usuario/Documentos/GitHub/IR2117/tb3_ws/install/olympic_interfaces/lib/libolympic_interfaces__python.so
[0.382s] -- Up-to-date: /home/usuario/Documentos/GitHub/IR2117/tb3_ws/install/olympic_interfaces/share/olympic_interfaces/action/Rings.idl
[0.382s] -- Up-to-date: /home/usuario/Documentos/GitHub/IR2117/tb3_ws/install/olympic_interfaces/share/olympic_interfaces/action/Rings.action
[0.382s] -- Up-to-date: /home/usuario/Documentos/GitHub/IR2117/tb3_ws/install/olympic_interfaces/share/ament_index/resource_index/package_run_dependencies/olympic_interfaces
[0.383s] -- Up-to-date: /home/usuario/Documentos/GitHub/IR2117/tb3_ws/install/olympic_interfaces/share/ament_index/resource_index/parent_prefix_path/olympic_interfaces
[0.383s] -- Up-to-date: /home/usuario/Documentos/GitHub/IR2117/tb3_ws/install/olympic_interfaces/share/olympic_interfaces/environment/ament_prefix_path.sh
[0.383s] -- Up-to-date: /home/usuario/Documentos/GitHub/IR2117/tb3_ws/install/olympic_interfaces/share/olympic_interfaces/environment/ament_prefix_path.dsv
[0.383s] -- Up-to-date: /home/usuario/Documentos/GitHub/IR2117/tb3_ws/install/olympic_interfaces/share/olympic_interfaces/environment/path.sh
[0.383s] -- Up-to-date: /home/usuario/Documentos/GitHub/IR2117/tb3_ws/install/olympic_interfaces/share/olympic_interfaces/environment/path.dsv
[0.383s] -- Up-to-date: /home/usuario/Documentos/GitHub/IR2117/tb3_ws/install/olympic_interfaces/share/olympic_interfaces/local_setup.bash
[0.383s] -- Up-to-date: /home/usuario/Documentos/GitHub/IR2117/tb3_ws/install/olympic_interfaces/share/olympic_interfaces/local_setup.sh
[0.384s] -- Up-to-date: /home/usuario/Documentos/GitHub/IR2117/tb3_ws/install/olympic_interfaces/share/olympic_interfaces/local_setup.zsh
[0.384s] -- Up-to-date: /home/usuario/Documentos/GitHub/IR2117/tb3_ws/install/olympic_interfaces/share/olympic_interfaces/local_setup.dsv
[0.384s] -- Installing: /home/usuario/Documentos/GitHub/IR2117/tb3_ws/install/olympic_interfaces/share/olympic_interfaces/package.dsv
[0.384s] -- Up-to-date: /home/usuario/Documentos/GitHub/IR2117/tb3_ws/install/olympic_interfaces/share/ament_index/resource_index/packages/olympic_interfaces
[0.385s] -- Up-to-date: /home/usuario/Documentos/GitHub/IR2117/tb3_ws/install/olympic_interfaces/share/olympic_interfaces/cmake/olympic_interfaces__rosidl_generator_cExport.cmake
[0.385s] -- Up-to-date: /home/usuario/Documentos/GitHub/IR2117/tb3_ws/install/olympic_interfaces/share/olympic_interfaces/cmake/olympic_interfaces__rosidl_generator_cExport-noconfig.cmake
[0.385s] -- Up-to-date: /home/usuario/Documentos/GitHub/IR2117/tb3_ws/install/olympic_interfaces/share/olympic_interfaces/cmake/olympic_interfaces__rosidl_typesupport_introspection_cExport.cmake
[0.386s] -- Up-to-date: /home/usuario/Documentos/GitHub/IR2117/tb3_ws/install/olympic_interfaces/share/olympic_interfaces/cmake/olympic_interfaces__rosidl_typesupport_introspection_cExport-noconfig.cmake
[0.386s] -- Up-to-date: /home/usuario/Documentos/GitHub/IR2117/tb3_ws/install/olympic_interfaces/share/olympic_interfaces/cmake/olympic_interfaces__rosidl_typesupport_cExport.cmake
[0.386s] -- Up-to-date: /home/usuario/Documentos/GitHub/IR2117/tb3_ws/install/olympic_interfaces/share/olympic_interfaces/cmake/olympic_interfaces__rosidl_typesupport_cExport-noconfig.cmake
[0.387s] -- Up-to-date: /home/usuario/Documentos/GitHub/IR2117/tb3_ws/install/olympic_interfaces/share/olympic_interfaces/cmake/olympic_interfaces__rosidl_generator_cppExport.cmake
[0.388s] -- Up-to-date: /home/usuario/Documentos/GitHub/IR2117/tb3_ws/install/olympic_interfaces/share/olympic_interfaces/cmake/olympic_interfaces__rosidl_typesupport_introspection_cppExport.cmake
[0.388s] -- Up-to-date: /home/usuario/Documentos/GitHub/IR2117/tb3_ws/install/olympic_interfaces/share/olympic_interfaces/cmake/olympic_interfaces__rosidl_typesupport_introspection_cppExport-noconfig.cmake
[0.388s] -- Up-to-date: /home/usuario/Documentos/GitHub/IR2117/tb3_ws/install/olympic_interfaces/share/olympic_interfaces/cmake/olympic_interfaces__rosidl_typesupport_cppExport.cmake
[0.389s] -- Up-to-date: /home/usuario/Documentos/GitHub/IR2117/tb3_ws/install/olympic_interfaces/share/olympic_interfaces/cmake/olympic_interfaces__rosidl_typesupport_cppExport-noconfig.cmake
[0.389s] -- Up-to-date: /home/usuario/Documentos/GitHub/IR2117/tb3_ws/install/olympic_interfaces/share/olympic_interfaces/cmake/rosidl_cmake-extras.cmake
[0.389s] -- Up-to-date: /home/usuario/Documentos/GitHub/IR2117/tb3_ws/install/olympic_interfaces/share/olympic_interfaces/cmake/ament_cmake_export_dependencies-extras.cmake
[0.389s] -- Up-to-date: /home/usuario/Documentos/GitHub/IR2117/tb3_ws/install/olympic_interfaces/share/olympic_interfaces/cmake/ament_cmake_export_libraries-extras.cmake
[0.389s] -- Up-to-date: /home/usuario/Documentos/GitHub/IR2117/tb3_ws/install/olympic_interfaces/share/olympic_interfaces/cmake/ament_cmake_export_targets-extras.cmake
[0.389s] -- Up-to-date: /home/usuario/Documentos/GitHub/IR2117/tb3_ws/install/olympic_interfaces/share/olympic_interfaces/cmake/ament_cmake_export_include_directories-extras.cmake
[0.389s] -- Up-to-date: /home/usuario/Documentos/GitHub/IR2117/tb3_ws/install/olympic_interfaces/share/olympic_interfaces/cmake/rosidl_cmake_export_typesupport_libraries-extras.cmake
[0.390s] -- Up-to-date: /home/usuario/Documentos/GitHub/IR2117/tb3_ws/install/olympic_interfaces/share/olympic_interfaces/cmake/rosidl_cmake_export_typesupport_targets-extras.cmake
[0.390s] -- Up-to-date: /home/usuario/Documentos/GitHub/IR2117/tb3_ws/install/olympic_interfaces/share/olympic_interfaces/cmake/olympic_interfacesConfig.cmake
[0.390s] -- Up-to-date: /home/usuario/Documentos/GitHub/IR2117/tb3_ws/install/olympic_interfaces/share/olympic_interfaces/cmake/olympic_interfacesConfig-version.cmake
[0.390s] -- Up-to-date: /home/usuario/Documentos/GitHub/IR2117/tb3_ws/install/olympic_interfaces/share/olympic_interfaces/package.xml
[0.392s] Invoked command in '/home/usuario/Documentos/GitHub/IR2117/tb3_ws/build/olympic_interfaces' returned '0': CMAKE_PREFIX_PATH=/opt/ros/foxy /usr/bin/cmake --install /home/usuario/Documentos/GitHub/IR2117/tb3_ws/build/olympic_interfaces
