[0.030s] Invoking command in '/home/usuario/Documentos/GitHub/IR2117/tb3_ws/src/build/obstacles': CMAKE_PREFIX_PATH=${CMAKE_PREFIX_PATH}:/opt/ros/foxy /usr/bin/cmake --build /home/usuario/Documentos/GitHub/IR2117/tb3_ws/src/build/obstacles -- -j6 -l6
[0.060s] [35m[1mScanning dependencies of target detector[0m
[0.077s] [ 50%] [32mBuilding CXX object CMakeFiles/detector.dir/src/detector.cpp.o[0m
[1.077s] [01m[K/home/usuario/Documentos/GitHub/IR2117/tb3_ws/src/obstacles/src/detector.cpp:[m[K In function ‘[01m[Kvoid topic_callback(sensor_msgs::msg::LaserScan_<std::allocator<void> >::SharedPtr)[m[K’:
[1.077s] [01m[K/home/usuario/Documentos/GitHub/IR2117/tb3_ws/src/obstacles/src/detector.cpp:8:66:[m[K [01;35m[Kwarning: [m[Kunused parameter ‘[01m[Kmsg[m[K’ [[01;35m[K-Wunused-parameter[m[K]
[1.078s]     8 | [01;35m[Kensor_msgs::msg::LaserScan::SharedPtr msg[m[K){
[1.078s]       | [01;35m[K~~~~~~~~~~~~~~~~~~~~~~~~~~~~~~~~~~~~~~^~~[m[K
[1.078s] 
[4.173s] [100%] [32m[1mLinking CXX executable detector[0m
[4.689s] [100%] Built target detector
[4.700s] Invoked command in '/home/usuario/Documentos/GitHub/IR2117/tb3_ws/src/build/obstacles' returned '0': CMAKE_PREFIX_PATH=${CMAKE_PREFIX_PATH}:/opt/ros/foxy /usr/bin/cmake --build /home/usuario/Documentos/GitHub/IR2117/tb3_ws/src/build/obstacles -- -j6 -l6
[4.721s] Invoking command in '/home/usuario/Documentos/GitHub/IR2117/tb3_ws/src/build/obstacles': CMAKE_PREFIX_PATH=${CMAKE_PREFIX_PATH}:/opt/ros/foxy /usr/bin/cmake --install /home/usuario/Documentos/GitHub/IR2117/tb3_ws/src/build/obstacles
[4.730s] -- Install configuration: ""
[4.733s] -- Installing: /home/usuario/Documentos/GitHub/IR2117/tb3_ws/src/install/obstacles/lib/obstacles/detector
[4.757s] -- Set runtime path of "/home/usuario/Documentos/GitHub/IR2117/tb3_ws/src/install/obstacles/lib/obstacles/detector" to ""
[4.758s] -- Up-to-date: /home/usuario/Documentos/GitHub/IR2117/tb3_ws/src/install/obstacles/share/ament_index/resource_index/package_run_dependencies/obstacles
[4.758s] -- Up-to-date: /home/usuario/Documentos/GitHub/IR2117/tb3_ws/src/install/obstacles/share/ament_index/resource_index/parent_prefix_path/obstacles
[4.758s] -- Up-to-date: /home/usuario/Documentos/GitHub/IR2117/tb3_ws/src/install/obstacles/share/obstacles/environment/ament_prefix_path.sh
[4.758s] -- Up-to-date: /home/usuario/Documentos/GitHub/IR2117/tb3_ws/src/install/obstacles/share/obstacles/environment/ament_prefix_path.dsv
[4.758s] -- Up-to-date: /home/usuario/Documentos/GitHub/IR2117/tb3_ws/src/install/obstacles/share/obstacles/environment/path.sh
[4.758s] -- Up-to-date: /home/usuario/Documentos/GitHub/IR2117/tb3_ws/src/install/obstacles/share/obstacles/environment/path.dsv
[4.758s] -- Up-to-date: /home/usuario/Documentos/GitHub/IR2117/tb3_ws/src/install/obstacles/share/obstacles/local_setup.bash
[4.758s] -- Up-to-date: /home/usuario/Documentos/GitHub/IR2117/tb3_ws/src/install/obstacles/share/obstacles/local_setup.sh
[4.759s] -- Up-to-date: /home/usuario/Documentos/GitHub/IR2117/tb3_ws/src/install/obstacles/share/obstacles/local_setup.zsh
[4.759s] -- Up-to-date: /home/usuario/Documentos/GitHub/IR2117/tb3_ws/src/install/obstacles/share/obstacles/local_setup.dsv
[4.759s] -- Installing: /home/usuario/Documentos/GitHub/IR2117/tb3_ws/src/install/obstacles/share/obstacles/package.dsv
[4.759s] -- Up-to-date: /home/usuario/Documentos/GitHub/IR2117/tb3_ws/src/install/obstacles/share/ament_index/resource_index/packages/obstacles
[4.759s] -- Up-to-date: /home/usuario/Documentos/GitHub/IR2117/tb3_ws/src/install/obstacles/share/obstacles/cmake/obstaclesConfig.cmake
[4.759s] -- Up-to-date: /home/usuario/Documentos/GitHub/IR2117/tb3_ws/src/install/obstacles/share/obstacles/cmake/obstaclesConfig-version.cmake
[4.759s] -- Up-to-date: /home/usuario/Documentos/GitHub/IR2117/tb3_ws/src/install/obstacles/share/obstacles/package.xml
[4.767s] Invoked command in '/home/usuario/Documentos/GitHub/IR2117/tb3_ws/src/build/obstacles' returned '0': CMAKE_PREFIX_PATH=${CMAKE_PREFIX_PATH}:/opt/ros/foxy /usr/bin/cmake --install /home/usuario/Documentos/GitHub/IR2117/tb3_ws/src/build/obstacles
