[0.028s] Invoking command in '/home/usuario/Documentos/GitHub/IR2117/tb3_ws/src/build/olympic_interfaces': CMAKE_PREFIX_PATH=/opt/ros/foxy /usr/bin/cmake /home/usuario/Documentos/GitHub/IR2117/tb3_ws/src/olympic_interfaces -DCMAKE_INSTALL_PREFIX=/home/usuario/Documentos/GitHub/IR2117/tb3_ws/src/install/olympic_interfaces
[0.080s] -- The C compiler identification is GNU 9.4.0
[0.127s] -- The CXX compiler identification is GNU 9.4.0
[0.138s] -- Check for working C compiler: /usr/bin/cc
[0.194s] -- Check for working C compiler: /usr/bin/cc -- works
[0.196s] -- Detecting C compiler ABI info
[0.257s] -- Detecting C compiler ABI info - done
[0.266s] -- Detecting C compile features
[0.266s] -- Detecting C compile features - done
[0.269s] -- Check for working CXX compiler: /usr/bin/c++
[0.332s] -- Check for working CXX compiler: /usr/bin/c++ -- works
[0.332s] -- Detecting CXX compiler ABI info
[0.399s] -- Detecting CXX compiler ABI info - done
[0.409s] -- Detecting CXX compile features
[0.410s] -- Detecting CXX compile features - done
[0.413s] -- Found ament_cmake: 0.9.11 (/opt/ros/foxy/share/ament_cmake/cmake)
[0.435s] -- Found PythonInterp: /usr/bin/python3 (found suitable version "3.8.10", minimum required is "3") 
[0.435s] -- Using PYTHON_EXECUTABLE: /usr/bin/python3
[0.603s] -- Found ament_lint_auto: 0.9.7 (/opt/ros/foxy/share/ament_lint_auto/cmake)
[0.666s] -- Added test 'copyright' to check source files copyright and LICENSE
[0.667s] -- Added test 'lint_cmake' to check CMake code style
[0.667s] -- Added test 'xmllint' to check XML markup files
[0.670s] -- Configuring done
[0.671s] -- Generating done
[0.673s] -- Build files have been written to: /home/usuario/Documentos/GitHub/IR2117/tb3_ws/src/build/olympic_interfaces
[0.675s] Invoked command in '/home/usuario/Documentos/GitHub/IR2117/tb3_ws/src/build/olympic_interfaces' returned '0': CMAKE_PREFIX_PATH=/opt/ros/foxy /usr/bin/cmake /home/usuario/Documentos/GitHub/IR2117/tb3_ws/src/olympic_interfaces -DCMAKE_INSTALL_PREFIX=/home/usuario/Documentos/GitHub/IR2117/tb3_ws/src/install/olympic_interfaces
[0.677s] Invoking command in '/home/usuario/Documentos/GitHub/IR2117/tb3_ws/src/build/olympic_interfaces': CMAKE_PREFIX_PATH=/opt/ros/foxy /usr/bin/cmake --build /home/usuario/Documentos/GitHub/IR2117/tb3_ws/src/build/olympic_interfaces -- -j6 -l6
[0.707s] Invoked command in '/home/usuario/Documentos/GitHub/IR2117/tb3_ws/src/build/olympic_interfaces' returned '0': CMAKE_PREFIX_PATH=/opt/ros/foxy /usr/bin/cmake --build /home/usuario/Documentos/GitHub/IR2117/tb3_ws/src/build/olympic_interfaces -- -j6 -l6
[0.729s] Invoking command in '/home/usuario/Documentos/GitHub/IR2117/tb3_ws/src/build/olympic_interfaces': CMAKE_PREFIX_PATH=/opt/ros/foxy /usr/bin/cmake --install /home/usuario/Documentos/GitHub/IR2117/tb3_ws/src/build/olympic_interfaces
[0.735s] -- Install configuration: ""
[0.735s] -- Installing: /home/usuario/Documentos/GitHub/IR2117/tb3_ws/src/install/olympic_interfaces/share/ament_index/resource_index/package_run_dependencies/olympic_interfaces
[0.735s] -- Installing: /home/usuario/Documentos/GitHub/IR2117/tb3_ws/src/install/olympic_interfaces/share/ament_index/resource_index/parent_prefix_path/olympic_interfaces
[0.736s] -- Installing: /home/usuario/Documentos/GitHub/IR2117/tb3_ws/src/install/olympic_interfaces/share/olympic_interfaces/environment/ament_prefix_path.sh
[0.736s] -- Installing: /home/usuario/Documentos/GitHub/IR2117/tb3_ws/src/install/olympic_interfaces/share/olympic_interfaces/environment/ament_prefix_path.dsv
[0.737s] -- Installing: /home/usuario/Documentos/GitHub/IR2117/tb3_ws/src/install/olympic_interfaces/share/olympic_interfaces/environment/path.sh
[0.737s] -- Installing: /home/usuario/Documentos/GitHub/IR2117/tb3_ws/src/install/olympic_interfaces/share/olympic_interfaces/environment/path.dsv
[0.738s] -- Installing: /home/usuario/Documentos/GitHub/IR2117/tb3_ws/src/install/olympic_interfaces/share/olympic_interfaces/local_setup.bash
[0.738s] -- Installing: /home/usuario/Documentos/GitHub/IR2117/tb3_ws/src/install/olympic_interfaces/share/olympic_interfaces/local_setup.sh
[0.739s] -- Installing: /home/usuario/Documentos/GitHub/IR2117/tb3_ws/src/install/olympic_interfaces/share/olympic_interfaces/local_setup.zsh
[0.739s] -- Installing: /home/usuario/Documentos/GitHub/IR2117/tb3_ws/src/install/olympic_interfaces/share/olympic_interfaces/local_setup.dsv
[0.740s] -- Installing: /home/usuario/Documentos/GitHub/IR2117/tb3_ws/src/install/olympic_interfaces/share/olympic_interfaces/package.dsv
[0.740s] -- Installing: /home/usuario/Documentos/GitHub/IR2117/tb3_ws/src/install/olympic_interfaces/share/ament_index/resource_index/packages/olympic_interfaces
[0.741s] -- Installing: /home/usuario/Documentos/GitHub/IR2117/tb3_ws/src/install/olympic_interfaces/share/olympic_interfaces/cmake/olympic_interfacesConfig.cmake
[0.741s] -- Installing: /home/usuario/Documentos/GitHub/IR2117/tb3_ws/src/install/olympic_interfaces/share/olympic_interfaces/cmake/olympic_interfacesConfig-version.cmake
[0.742s] -- Installing: /home/usuario/Documentos/GitHub/IR2117/tb3_ws/src/install/olympic_interfaces/share/olympic_interfaces/package.xml
[0.746s] Invoked command in '/home/usuario/Documentos/GitHub/IR2117/tb3_ws/src/build/olympic_interfaces' returned '0': CMAKE_PREFIX_PATH=/opt/ros/foxy /usr/bin/cmake --install /home/usuario/Documentos/GitHub/IR2117/tb3_ws/src/build/olympic_interfaces
