[0.022s] Invoking command in '/home/usuario/Documentos/GitHub/IR2117/tb3_ws/build/obstacles': /usr/bin/cmake /home/usuario/Documentos/GitHub/IR2117/tb3_ws/src/obstacles -DCMAKE_INSTALL_PREFIX=/home/usuario/Documentos/GitHub/IR2117/tb3_ws/install/obstacles
[0.042s] CMake Error at CMakeLists.txt:19 (find_package):
[0.042s]   By not providing "Findament_cmake.cmake" in CMAKE_MODULE_PATH this project
[0.042s]   has asked CMake to find a package configuration file provided by
[0.042s]   "ament_cmake", but CMake did not find one.
[0.042s] 
[0.042s]   Could not find a package configuration file provided by "ament_cmake" with
[0.042s]   any of the following names:
[0.042s] 
[0.042s]     ament_cmakeConfig.cmake
[0.042s]     ament_cmake-config.cmake
[0.042s] 
[0.042s]   Add the installation prefix of "ament_cmake" to CMAKE_PREFIX_PATH or set
[0.042s]   "ament_cmake_DIR" to a directory containing one of the above files.  If
[0.042s]   "ament_cmake" provides a separate development package or SDK, be sure it
[0.042s]   has been installed.
[0.042s] 
[0.042s] 
[0.042s] -- Configuring incomplete, errors occurred!
[0.042s] See also "/home/usuario/Documentos/GitHub/IR2117/tb3_ws/build/obstacles/CMakeFiles/CMakeOutput.log".
[0.044s] Invoked command in '/home/usuario/Documentos/GitHub/IR2117/tb3_ws/build/obstacles' returned '1': /usr/bin/cmake /home/usuario/Documentos/GitHub/IR2117/tb3_ws/src/obstacles -DCMAKE_INSTALL_PREFIX=/home/usuario/Documentos/GitHub/IR2117/tb3_ws/install/obstacles
