[0.018s] Invoking command in '/home/usuario/Documentos/GitHub/IR2117/tb3_ws/build/obstacles': /usr/bin/cmake /home/usuario/Documentos/GitHub/IR2117/tb3_ws/src/obstacles -DCMAKE_INSTALL_PREFIX=/home/usuario/Documentos/GitHub/IR2117/tb3_ws/install/obstacles
[0.056s] -- The C compiler identification is GNU 9.4.0
[0.098s] -- The CXX compiler identification is GNU 9.4.0
[0.100s] -- Check for working C compiler: /usr/bin/cc
[0.153s] -- Check for working C compiler: /usr/bin/cc -- works
[0.154s] -- Detecting C compiler ABI info
[0.203s] -- Detecting C compiler ABI info - done
[0.214s] -- Detecting C compile features
[0.214s] -- Detecting C compile features - done
[0.216s] -- Check for working CXX compiler: /usr/bin/c++
[0.279s] -- Check for working CXX compiler: /usr/bin/c++ -- works
[0.280s] -- Detecting CXX compiler ABI info
[0.339s] -- Detecting CXX compiler ABI info - done
[0.347s] -- Detecting CXX compile features
[0.347s] -- Detecting CXX compile features - done
[0.355s] CMake Error at CMakeLists.txt:19 (find_package):
[0.356s]   By not providing "Findament_cmake.cmake" in CMAKE_MODULE_PATH this project
[0.356s]   has asked CMake to find a package configuration file provided by
[0.356s]   "ament_cmake", but CMake did not find one.
[0.356s] 
[0.356s]   Could not find a package configuration file provided by "ament_cmake" with
[0.356s]   any of the following names:
[0.356s] 
[0.356s]     ament_cmakeConfig.cmake
[0.356s]     ament_cmake-config.cmake
[0.356s] 
[0.356s]   Add the installation prefix of "ament_cmake" to CMAKE_PREFIX_PATH or set
[0.356s]   "ament_cmake_DIR" to a directory containing one of the above files.  If
[0.356s]   "ament_cmake" provides a separate development package or SDK, be sure it
[0.356s]   has been installed.
[0.356s] 
[0.356s] 
[0.356s] -- Configuring incomplete, errors occurred!
[0.356s] See also "/home/usuario/Documentos/GitHub/IR2117/tb3_ws/build/obstacles/CMakeFiles/CMakeOutput.log".
[0.362s] Invoked command in '/home/usuario/Documentos/GitHub/IR2117/tb3_ws/build/obstacles' returned '1': /usr/bin/cmake /home/usuario/Documentos/GitHub/IR2117/tb3_ws/src/obstacles -DCMAKE_INSTALL_PREFIX=/home/usuario/Documentos/GitHub/IR2117/tb3_ws/install/obstacles
