[0.020s] Invoking command in '/home/usuario/Documentos/GitHub/IR2117/tb3_ws/build/obstacles': /usr/bin/cmake /home/usuario/Documentos/GitHub/IR2117/tb3_ws/src/obstacles -DCMAKE_INSTALL_PREFIX=/home/usuario/Documentos/GitHub/IR2117/tb3_ws/install/obstacles
[0.058s] -- The C compiler identification is GNU 9.4.0
[0.100s] -- The CXX compiler identification is GNU 9.4.0
[0.104s] -- Check for working C compiler: /usr/bin/cc
[0.160s] -- Check for working C compiler: /usr/bin/cc -- works
[0.161s] -- Detecting C compiler ABI info
[0.218s] -- Detecting C compiler ABI info - done
[0.228s] -- Detecting C compile features
[0.228s] -- Detecting C compile features - done
[0.230s] -- Check for working CXX compiler: /usr/bin/c++
[0.289s] -- Check for working CXX compiler: /usr/bin/c++ -- works
[0.289s] -- Detecting CXX compiler ABI info
[0.356s] -- Detecting CXX compiler ABI info - done
[0.370s] -- Detecting CXX compile features
[0.371s] -- Detecting CXX compile features - done
[0.380s] CMake Error at CMakeLists.txt:19 (find_package):
[0.380s]   By not providing "Findament_cmake.cmake" in CMAKE_MODULE_PATH this project
[0.380s]   has asked CMake to find a package configuration file provided by
[0.380s]   "ament_cmake", but CMake did not find one.
[0.380s] 
[0.380s]   Could not find a package configuration file provided by "ament_cmake" with
[0.380s]   any of the following names:
[0.380s] 
[0.380s]     ament_cmakeConfig.cmake
[0.380s]     ament_cmake-config.cmake
[0.381s] 
[0.381s]   Add the installation prefix of "ament_cmake" to CMAKE_PREFIX_PATH or set
[0.381s]   "ament_cmake_DIR" to a directory containing one of the above files.  If
[0.381s]   "ament_cmake" provides a separate development package or SDK, be sure it
[0.381s]   has been installed.
[0.381s] 
[0.381s] 
[0.381s] -- Configuring incomplete, errors occurred!
[0.381s] See also "/home/usuario/Documentos/GitHub/IR2117/tb3_ws/build/obstacles/CMakeFiles/CMakeOutput.log".
