[0.024s] Invoking command in '/home/usuario/Documentos/GitHub/IR2117/tb3_ws/build/obstacles': CMAKE_PREFIX_PATH=/opt/ros/foxy /usr/bin/cmake /home/usuario/Documentos/GitHub/IR2117/tb3_ws/src/obstacles -DCMAKE_INSTALL_PREFIX=/home/usuario/Documentos/GitHub/IR2117/tb3_ws/install/obstacles
[0.159s] -- The C compiler identification is GNU 9.4.0
[0.207s] -- The CXX compiler identification is GNU 9.4.0
[0.211s] -- Check for working C compiler: /usr/bin/cc
[0.266s] -- Check for working C compiler: /usr/bin/cc -- works
[0.267s] -- Detecting C compiler ABI info
[0.329s] -- Detecting C compiler ABI info - done
[0.338s] -- Detecting C compile features
[0.339s] -- Detecting C compile features - done
[0.341s] -- Check for working CXX compiler: /usr/bin/c++
[0.407s] -- Check for working CXX compiler: /usr/bin/c++ -- works
[0.408s] -- Detecting CXX compiler ABI info
[0.474s] -- Detecting CXX compiler ABI info - done
[0.483s] -- Detecting CXX compile features
[0.483s] -- Detecting CXX compile features - done
[0.485s] -- Found ament_cmake: 0.9.11 (/opt/ros/foxy/share/ament_cmake/cmake)
[0.505s] -- Found PythonInterp: /usr/bin/python3 (found suitable version "3.8.10", minimum required is "3") 
[0.505s] -- Using PYTHON_EXECUTABLE: /usr/bin/python3
[0.671s] -- Found rclcpp: 2.4.2 (/opt/ros/foxy/share/rclcpp/cmake)
[0.704s] -- Using all available rosidl_typesupport_c: rosidl_typesupport_fastrtps_c;rosidl_typesupport_introspection_c
[0.709s] -- Found rosidl_adapter: 1.3.0 (/opt/ros/foxy/share/rosidl_adapter/cmake)
[0.776s] -- Found OpenSSL: /usr/lib/x86_64-linux-gnu/libcrypto.so (found version "1.1.1f")  
[0.802s] -- Found FastRTPS: /opt/ros/foxy/include  
[0.863s] -- Using all available rosidl_typesupport_cpp: rosidl_typesupport_fastrtps_cpp;rosidl_typesupport_introspection_cpp
[0.901s] -- Found rmw_implementation_cmake: 1.0.3 (/opt/ros/foxy/share/rmw_implementation_cmake/cmake)
[0.902s] -- Using RMW implementation 'rmw_fastrtps_cpp' as default
[0.905s] -- Looking for pthread.h
[0.963s] -- Looking for pthread.h - found
[0.963s] -- Performing Test CMAKE_HAVE_LIBC_PTHREAD
[1.019s] -- Performing Test CMAKE_HAVE_LIBC_PTHREAD - Failed
[1.019s] -- Looking for pthread_create in pthreads
[1.068s] -- Looking for pthread_create in pthreads - not found
[1.069s] -- Looking for pthread_create in pthread
[1.131s] -- Looking for pthread_create in pthread - found
[1.132s] -- Found Threads: TRUE  
[1.309s] -- Found sensor_msgs: 2.0.5 (/opt/ros/foxy/share/sensor_msgs/cmake)
[1.399s] CMake Error at CMakeLists.txt:22 (find_package):
[1.399s]   By not providing "Findexample_interfaces.cmake" in CMAKE_MODULE_PATH this
[1.399s]   project has asked CMake to find a package configuration file provided by
[1.399s]   "example_interfaces", but CMake did not find one.
[1.399s] 
[1.399s]   Could not find a package configuration file provided by
[1.399s]   "example_interfaces" with any of the following names:
[1.399s] 
[1.399s]     example_interfacesConfig.cmake
[1.399s]     example_interfaces-config.cmake
[1.399s] 
[1.400s]   Add the installation prefix of "example_interfaces" to CMAKE_PREFIX_PATH or
[1.400s]   set "example_interfaces_DIR" to a directory containing one of the above
[1.400s]   files.  If "example_interfaces" provides a separate development package or
[1.400s]   SDK, be sure it has been installed.
[1.400s] 
[1.400s] 
[1.400s] -- Configuring incomplete, errors occurred!
[1.400s] See also "/home/usuario/Documentos/GitHub/IR2117/tb3_ws/build/obstacles/CMakeFiles/CMakeOutput.log".
[1.400s] See also "/home/usuario/Documentos/GitHub/IR2117/tb3_ws/build/obstacles/CMakeFiles/CMakeError.log".
[1.407s] Invoked command in '/home/usuario/Documentos/GitHub/IR2117/tb3_ws/build/obstacles' returned '1': CMAKE_PREFIX_PATH=/opt/ros/foxy /usr/bin/cmake /home/usuario/Documentos/GitHub/IR2117/tb3_ws/src/obstacles -DCMAKE_INSTALL_PREFIX=/home/usuario/Documentos/GitHub/IR2117/tb3_ws/install/obstacles
