[0.033s] Invoking command in '/home/usuario/Documentos/GitHub/IR2117/ros2_ws/build/cpp_srvcli': CMAKE_PREFIX_PATH=/opt/ros/foxy /usr/bin/cmake --build /home/usuario/Documentos/GitHub/IR2117/ros2_ws/build/cpp_srvcli -- -j6 -l6
[0.053s] -- Found ament_cmake: 0.9.11 (/opt/ros/foxy/share/ament_cmake/cmake)
[0.069s] -- Using PYTHON_EXECUTABLE: /usr/bin/python3
[0.222s] -- Found rclcpp: 2.4.2 (/opt/ros/foxy/share/rclcpp/cmake)
[0.248s] -- Using all available rosidl_typesupport_c: rosidl_typesupport_fastrtps_c;rosidl_typesupport_introspection_c
[0.250s] -- Found rosidl_adapter: 1.3.0 (/opt/ros/foxy/share/rosidl_adapter/cmake)
[0.344s] -- Using all available rosidl_typesupport_cpp: rosidl_typesupport_fastrtps_cpp;rosidl_typesupport_introspection_cpp
[0.380s] -- Found rmw_implementation_cmake: 1.0.3 (/opt/ros/foxy/share/rmw_implementation_cmake/cmake)
[0.381s] -- Using RMW implementation 'rmw_fastrtps_cpp' as default
[0.492s] CMake Error at CMakeLists.txt:21 (find_package):
[0.492s]   By not providing "Findexample_interfaces.cmake" in CMAKE_MODULE_PATH this
[0.492s]   project has asked CMake to find a package configuration file provided by
[0.492s]   "example_interfaces", but CMake did not find one.
[0.492s] 
[0.492s]   Could not find a package configuration file provided by
[0.492s]   "example_interfaces" with any of the following names:
[0.492s] 
[0.492s]     example_interfacesConfig.cmake
[0.492s]     example_interfaces-config.cmake
[0.493s] 
[0.493s]   Add the installation prefix of "example_interfaces" to CMAKE_PREFIX_PATH or
[0.493s]   set "example_interfaces_DIR" to a directory containing one of the above
[0.493s]   files.  If "example_interfaces" provides a separate development package or
[0.493s]   SDK, be sure it has been installed.
[0.493s] 
[0.493s] 
[0.493s] -- Configuring incomplete, errors occurred!
[0.493s] See also "/home/usuario/Documentos/GitHub/IR2117/ros2_ws/build/cpp_srvcli/CMakeFiles/CMakeOutput.log".
[0.493s] See also "/home/usuario/Documentos/GitHub/IR2117/ros2_ws/build/cpp_srvcli/CMakeFiles/CMakeError.log".
[0.501s] make: *** [Makefile:354: cmake_check_build_system] Error 1
[0.503s] Invoked command in '/home/usuario/Documentos/GitHub/IR2117/ros2_ws/build/cpp_srvcli' returned '2': CMAKE_PREFIX_PATH=/opt/ros/foxy /usr/bin/cmake --build /home/usuario/Documentos/GitHub/IR2117/ros2_ws/build/cpp_srvcli -- -j6 -l6
