[0.019s] Invoking command in '/home/usuario/Documentos/GitHub/IR2117/ros2_ws/build/learning_tf2_cpp': CMAKE_PREFIX_PATH=${CMAKE_PREFIX_PATH}:/opt/ros/foxy /usr/bin/cmake --build /home/usuario/Documentos/GitHub/IR2117/ros2_ws/build/learning_tf2_cpp -- -j6 -l6
[0.077s] [100%] Built target turtle_tf2_broadcaster
[0.087s] Invoked command in '/home/usuario/Documentos/GitHub/IR2117/ros2_ws/build/learning_tf2_cpp' returned '0': CMAKE_PREFIX_PATH=${CMAKE_PREFIX_PATH}:/opt/ros/foxy /usr/bin/cmake --build /home/usuario/Documentos/GitHub/IR2117/ros2_ws/build/learning_tf2_cpp -- -j6 -l6
[0.115s] Invoking command in '/home/usuario/Documentos/GitHub/IR2117/ros2_ws/build/learning_tf2_cpp': CMAKE_PREFIX_PATH=${CMAKE_PREFIX_PATH}:/opt/ros/foxy /usr/bin/cmake --install /home/usuario/Documentos/GitHub/IR2117/ros2_ws/build/learning_tf2_cpp
[0.123s] -- Install configuration: ""
[0.126s] -- Up-to-date: /home/usuario/Documentos/GitHub/IR2117/ros2_ws/install/learning_tf2_cpp/lib/learning_tf2_cpp/turtle_tf2_broadcaster
[0.130s] -- Up-to-date: /home/usuario/Documentos/GitHub/IR2117/ros2_ws/install/learning_tf2_cpp/share/learning_tf2_cpp/launch
[0.130s] -- Up-to-date: /home/usuario/Documentos/GitHub/IR2117/ros2_ws/install/learning_tf2_cpp/share/learning_tf2_cpp/launch/turtle_tf2_demo.launch.py
[0.130s] -- Up-to-date: /home/usuario/Documentos/GitHub/IR2117/ros2_ws/install/learning_tf2_cpp/share/ament_index/resource_index/package_run_dependencies/learning_tf2_cpp
[0.130s] -- Up-to-date: /home/usuario/Documentos/GitHub/IR2117/ros2_ws/install/learning_tf2_cpp/share/ament_index/resource_index/parent_prefix_path/learning_tf2_cpp
[0.130s] -- Up-to-date: /home/usuario/Documentos/GitHub/IR2117/ros2_ws/install/learning_tf2_cpp/share/learning_tf2_cpp/environment/ament_prefix_path.sh
[0.130s] -- Up-to-date: /home/usuario/Documentos/GitHub/IR2117/ros2_ws/install/learning_tf2_cpp/share/learning_tf2_cpp/environment/ament_prefix_path.dsv
[0.130s] -- Up-to-date: /home/usuario/Documentos/GitHub/IR2117/ros2_ws/install/learning_tf2_cpp/share/learning_tf2_cpp/environment/path.sh
[0.130s] -- Up-to-date: /home/usuario/Documentos/GitHub/IR2117/ros2_ws/install/learning_tf2_cpp/share/learning_tf2_cpp/environment/path.dsv
[0.130s] -- Up-to-date: /home/usuario/Documentos/GitHub/IR2117/ros2_ws/install/learning_tf2_cpp/share/learning_tf2_cpp/local_setup.bash
[0.130s] -- Up-to-date: /home/usuario/Documentos/GitHub/IR2117/ros2_ws/install/learning_tf2_cpp/share/learning_tf2_cpp/local_setup.sh
[0.130s] -- Up-to-date: /home/usuario/Documentos/GitHub/IR2117/ros2_ws/install/learning_tf2_cpp/share/learning_tf2_cpp/local_setup.zsh
[0.130s] -- Up-to-date: /home/usuario/Documentos/GitHub/IR2117/ros2_ws/install/learning_tf2_cpp/share/learning_tf2_cpp/local_setup.dsv
[0.130s] -- Installing: /home/usuario/Documentos/GitHub/IR2117/ros2_ws/install/learning_tf2_cpp/share/learning_tf2_cpp/package.dsv
[0.130s] -- Up-to-date: /home/usuario/Documentos/GitHub/IR2117/ros2_ws/install/learning_tf2_cpp/share/ament_index/resource_index/packages/learning_tf2_cpp
[0.131s] -- Up-to-date: /home/usuario/Documentos/GitHub/IR2117/ros2_ws/install/learning_tf2_cpp/share/learning_tf2_cpp/cmake/learning_tf2_cppConfig.cmake
[0.131s] -- Up-to-date: /home/usuario/Documentos/GitHub/IR2117/ros2_ws/install/learning_tf2_cpp/share/learning_tf2_cpp/cmake/learning_tf2_cppConfig-version.cmake
[0.131s] -- Up-to-date: /home/usuario/Documentos/GitHub/IR2117/ros2_ws/install/learning_tf2_cpp/share/learning_tf2_cpp/package.xml
[0.133s] Invoked command in '/home/usuario/Documentos/GitHub/IR2117/ros2_ws/build/learning_tf2_cpp' returned '0': CMAKE_PREFIX_PATH=${CMAKE_PREFIX_PATH}:/opt/ros/foxy /usr/bin/cmake --install /home/usuario/Documentos/GitHub/IR2117/ros2_ws/build/learning_tf2_cpp
