[0.019s] Invoking command in '/home/usuario/Documentos/GitHub/IR2117/ros2_ws/build/learning_tf2_cpp': CMAKE_PREFIX_PATH=${CMAKE_PREFIX_PATH}:/opt/ros/foxy /usr/bin/cmake /home/usuario/Documentos/GitHub/IR2117/ros2_ws/src/learning_tf2_cpp -DCMAKE_INSTALL_PREFIX=/home/usuario/Documentos/GitHub/IR2117/ros2_ws/install/learning_tf2_cpp
[0.064s] -- The C compiler identification is GNU 9.4.0
[0.109s] -- The CXX compiler identification is GNU 9.4.0
[0.113s] -- Check for working C compiler: /usr/bin/cc
[0.175s] -- Check for working C compiler: /usr/bin/cc -- works
[0.175s] -- Detecting C compiler ABI info
[0.238s] -- Detecting C compiler ABI info - done
[0.247s] -- Detecting C compile features
[0.247s] -- Detecting C compile features - done
[0.250s] -- Check for working CXX compiler: /usr/bin/c++
[0.321s] -- Check for working CXX compiler: /usr/bin/c++ -- works
[0.322s] -- Detecting CXX compiler ABI info
[0.388s] -- Detecting CXX compiler ABI info - done
[0.399s] -- Detecting CXX compile features
[0.399s] -- Detecting CXX compile features - done
[0.402s] -- Found ament_cmake: 0.9.11 (/opt/ros/foxy/share/ament_cmake/cmake)
[0.426s] -- Found PythonInterp: /usr/bin/python3 (found suitable version "3.8.10", minimum required is "3") 
[0.426s] -- Using PYTHON_EXECUTABLE: /usr/bin/python3
[0.593s] -- Found geometry_msgs: 2.0.5 (/opt/ros/foxy/share/geometry_msgs/cmake)
[0.618s] -- Using all available rosidl_typesupport_c: rosidl_typesupport_fastrtps_c;rosidl_typesupport_introspection_c
[0.628s] -- Found rosidl_adapter: 1.3.0 (/opt/ros/foxy/share/rosidl_adapter/cmake)
[0.713s] -- Found OpenSSL: /usr/lib/x86_64-linux-gnu/libcrypto.so (found version "1.1.1f")  
[0.739s] -- Found FastRTPS: /opt/ros/foxy/include  
[0.799s] -- Using all available rosidl_typesupport_cpp: rosidl_typesupport_fastrtps_cpp;rosidl_typesupport_introspection_cpp
[0.860s] -- Found rclcpp: 2.4.2 (/opt/ros/foxy/share/rclcpp/cmake)
[0.894s] -- Found rmw_implementation_cmake: 1.0.3 (/opt/ros/foxy/share/rmw_implementation_cmake/cmake)
[0.895s] -- Using RMW implementation 'rmw_fastrtps_cpp' as default
[0.898s] -- Looking for pthread.h
[0.965s] -- Looking for pthread.h - found
[0.965s] -- Performing Test CMAKE_HAVE_LIBC_PTHREAD
[1.024s] -- Performing Test CMAKE_HAVE_LIBC_PTHREAD - Failed
[1.024s] -- Looking for pthread_create in pthreads
[1.075s] -- Looking for pthread_create in pthreads - not found
[1.075s] -- Looking for pthread_create in pthread
[1.136s] -- Looking for pthread_create in pthread - found
[1.137s] -- Found Threads: TRUE  
[1.239s] -- Found tf2: 0.13.13 (/opt/ros/foxy/share/tf2/cmake)
[1.258s] -- Found tf2_ros: 0.13.13 (/opt/ros/foxy/share/tf2_ros/cmake)
[1.532s] -- Found turtlesim: 1.2.6 (/opt/ros/foxy/share/turtlesim/cmake)
[1.572s] -- Found ament_lint_auto: 0.9.7 (/opt/ros/foxy/share/ament_lint_auto/cmake)
[1.646s] -- Added test 'copyright' to check source files copyright and LICENSE
[1.648s] -- Added test 'cppcheck' to perform static code analysis on C / C++ code
[1.648s] -- Configured cppcheck include dirs: 
[1.648s] -- Configured cppcheck exclude dirs and/or files: 
[1.648s] -- Added test 'cpplint' to check C / C++ code against the Google style
[1.649s] -- Configured cpplint exclude dirs and/or files: 
[1.649s] -- Added test 'flake8' to check Python code syntax and style conventions
[1.650s] -- Added test 'lint_cmake' to check CMake code style
[1.650s] -- Added test 'pep257' to check Python code against some of the style conventions in PEP 257
[1.651s] -- Added test 'uncrustify' to check C / C++ code style
[1.651s] -- Configured uncrustify additional arguments: 
[1.651s] -- Added test 'xmllint' to check XML markup files
[1.654s] -- Configuring done
[1.665s] -- Generating done
[1.667s] -- Build files have been written to: /home/usuario/Documentos/GitHub/IR2117/ros2_ws/build/learning_tf2_cpp
[1.674s] Invoked command in '/home/usuario/Documentos/GitHub/IR2117/ros2_ws/build/learning_tf2_cpp' returned '0': CMAKE_PREFIX_PATH=${CMAKE_PREFIX_PATH}:/opt/ros/foxy /usr/bin/cmake /home/usuario/Documentos/GitHub/IR2117/ros2_ws/src/learning_tf2_cpp -DCMAKE_INSTALL_PREFIX=/home/usuario/Documentos/GitHub/IR2117/ros2_ws/install/learning_tf2_cpp
[1.677s] Invoking command in '/home/usuario/Documentos/GitHub/IR2117/ros2_ws/build/learning_tf2_cpp': CMAKE_PREFIX_PATH=${CMAKE_PREFIX_PATH}:/opt/ros/foxy /usr/bin/cmake --build /home/usuario/Documentos/GitHub/IR2117/ros2_ws/build/learning_tf2_cpp -- -j6 -l6
[1.714s] [35m[1mScanning dependencies of target turtle_tf2_broadcaster[0m
[1.747s] [ 50%] [32mBuilding CXX object CMakeFiles/turtle_tf2_broadcaster.dir/src/turtle_tf2_broadcaster.cpp.o[0m
[5.860s] [100%] [32m[1mLinking CXX executable turtle_tf2_broadcaster[0m
[6.333s] [100%] Built target turtle_tf2_broadcaster
[6.342s] Invoked command in '/home/usuario/Documentos/GitHub/IR2117/ros2_ws/build/learning_tf2_cpp' returned '0': CMAKE_PREFIX_PATH=${CMAKE_PREFIX_PATH}:/opt/ros/foxy /usr/bin/cmake --build /home/usuario/Documentos/GitHub/IR2117/ros2_ws/build/learning_tf2_cpp -- -j6 -l6
[6.370s] Invoking command in '/home/usuario/Documentos/GitHub/IR2117/ros2_ws/build/learning_tf2_cpp': CMAKE_PREFIX_PATH=${CMAKE_PREFIX_PATH}:/opt/ros/foxy /usr/bin/cmake --install /home/usuario/Documentos/GitHub/IR2117/ros2_ws/build/learning_tf2_cpp
[6.378s] -- Install configuration: ""
[6.378s] -- Installing: /home/usuario/Documentos/GitHub/IR2117/ros2_ws/install/learning_tf2_cpp/lib/learning_tf2_cpp/turtle_tf2_broadcaster
[6.394s] -- Set runtime path of "/home/usuario/Documentos/GitHub/IR2117/ros2_ws/install/learning_tf2_cpp/lib/learning_tf2_cpp/turtle_tf2_broadcaster" to ""
[6.395s] -- Installing: /home/usuario/Documentos/GitHub/IR2117/ros2_ws/install/learning_tf2_cpp/share/learning_tf2_cpp/launch
[6.395s] -- Installing: /home/usuario/Documentos/GitHub/IR2117/ros2_ws/install/learning_tf2_cpp/share/learning_tf2_cpp/launch/turtle_tf2_demo.launch.py
[6.395s] -- Installing: /home/usuario/Documentos/GitHub/IR2117/ros2_ws/install/learning_tf2_cpp/share/ament_index/resource_index/package_run_dependencies/learning_tf2_cpp
[6.396s] -- Installing: /home/usuario/Documentos/GitHub/IR2117/ros2_ws/install/learning_tf2_cpp/share/ament_index/resource_index/parent_prefix_path/learning_tf2_cpp
[6.396s] -- Installing: /home/usuario/Documentos/GitHub/IR2117/ros2_ws/install/learning_tf2_cpp/share/learning_tf2_cpp/environment/ament_prefix_path.sh
[6.396s] -- Installing: /home/usuario/Documentos/GitHub/IR2117/ros2_ws/install/learning_tf2_cpp/share/learning_tf2_cpp/environment/ament_prefix_path.dsv
[6.397s] -- Installing: /home/usuario/Documentos/GitHub/IR2117/ros2_ws/install/learning_tf2_cpp/share/learning_tf2_cpp/environment/path.sh
[6.397s] -- Installing: /home/usuario/Documentos/GitHub/IR2117/ros2_ws/install/learning_tf2_cpp/share/learning_tf2_cpp/environment/path.dsv
[6.397s] -- Installing: /home/usuario/Documentos/GitHub/IR2117/ros2_ws/install/learning_tf2_cpp/share/learning_tf2_cpp/local_setup.bash
[6.397s] -- Installing: /home/usuario/Documentos/GitHub/IR2117/ros2_ws/install/learning_tf2_cpp/share/learning_tf2_cpp/local_setup.sh
[6.398s] -- Installing: /home/usuario/Documentos/GitHub/IR2117/ros2_ws/install/learning_tf2_cpp/share/learning_tf2_cpp/local_setup.zsh
[6.398s] -- Installing: /home/usuario/Documentos/GitHub/IR2117/ros2_ws/install/learning_tf2_cpp/share/learning_tf2_cpp/local_setup.dsv
[6.398s] -- Installing: /home/usuario/Documentos/GitHub/IR2117/ros2_ws/install/learning_tf2_cpp/share/learning_tf2_cpp/package.dsv
[6.399s] -- Installing: /home/usuario/Documentos/GitHub/IR2117/ros2_ws/install/learning_tf2_cpp/share/ament_index/resource_index/packages/learning_tf2_cpp
[6.399s] -- Installing: /home/usuario/Documentos/GitHub/IR2117/ros2_ws/install/learning_tf2_cpp/share/learning_tf2_cpp/cmake/learning_tf2_cppConfig.cmake
[6.400s] -- Installing: /home/usuario/Documentos/GitHub/IR2117/ros2_ws/install/learning_tf2_cpp/share/learning_tf2_cpp/cmake/learning_tf2_cppConfig-version.cmake
[6.400s] -- Installing: /home/usuario/Documentos/GitHub/IR2117/ros2_ws/install/learning_tf2_cpp/share/learning_tf2_cpp/package.xml
[6.402s] Invoked command in '/home/usuario/Documentos/GitHub/IR2117/ros2_ws/build/learning_tf2_cpp' returned '0': CMAKE_PREFIX_PATH=${CMAKE_PREFIX_PATH}:/opt/ros/foxy /usr/bin/cmake --install /home/usuario/Documentos/GitHub/IR2117/ros2_ws/build/learning_tf2_cpp
