[0.026s] Invoking command in '/home/usuario/Documentos/GitHub/IR2117/tb3_ws/build/olympic': AMENT_PREFIX_PATH=/home/usuario/Documentos/GitHub/IR2117/tb3_ws/install/olympic_interfaces:${AMENT_PREFIX_PATH} CMAKE_PREFIX_PATH=/home/usuario/Documentos/GitHub/IR2117/tb3_ws/install/olympic_interfaces:/opt/ros/foxy /usr/bin/cmake --build /home/usuario/Documentos/GitHub/IR2117/tb3_ws/build/olympic -- -j6 -l6
[0.058s] [35m[1mScanning dependencies of target rings_action_server[0m
[0.058s] [35m[1mScanning dependencies of target rings_action_client[0m
[0.071s] [ 33%] Built target rings
[0.077s] [ 66%] [32mBuilding CXX object CMakeFiles/rings_action_server.dir/src/rings_action_server.cpp.o[0m
[0.077s] [ 66%] [32mBuilding CXX object CMakeFiles/rings_action_client.dir/src/rings_action_client.cpp.o[0m
[0.099s] [01m[K/home/usuario/Documentos/GitHub/IR2117/tb3_ws/src/olympic/src/rings_action_server.cpp:3:10:[m[K [01;31m[Kfatal error: [m[Kolympic_interfaces/action/rings.action.hpp: No existe el archivo o el directorio
[0.099s]     3 | #include [01;31m[K"olympic_interfaces/action/rings.action.hpp"[m[K
[0.099s]       |          [01;31m[K^~~~~~~~~~~~~~~~~~~~~~~~~~~~~~~~~~~~~~~~~~~~[m[K
[0.099s] compilation terminated.
[0.099s] make[2]: *** [CMakeFiles/rings_action_server.dir/build.make:63: CMakeFiles/rings_action_server.dir/src/rings_action_server.cpp.o] Error 1
[0.099s] make[1]: *** [CMakeFiles/Makefile2:109: CMakeFiles/rings_action_server.dir/all] Error 2
[0.100s] make[1]: *** Se espera a que terminen otras tareas....
[0.146s] [01m[K/home/usuario/Documentos/GitHub/IR2117/tb3_ws/src/olympic/src/rings_action_client.cpp:6:10:[m[K [01;31m[Kfatal error: [m[Kolympic_interfaces/action/rings.action.hpp: No existe el archivo o el directorio
[0.147s]     6 | #include [01;31m[K"olympic_interfaces/action/rings.action.hpp"[m[K
[0.147s]       |          [01;31m[K^~~~~~~~~~~~~~~~~~~~~~~~~~~~~~~~~~~~~~~~~~~~[m[K
[0.147s] compilation terminated.
[0.148s] make[2]: *** [CMakeFiles/rings_action_client.dir/build.make:63: CMakeFiles/rings_action_client.dir/src/rings_action_client.cpp.o] Error 1
[0.148s] make[1]: *** [CMakeFiles/Makefile2:82: CMakeFiles/rings_action_client.dir/all] Error 2
[0.149s] make: *** [Makefile:141: all] Error 2
[0.151s] Invoked command in '/home/usuario/Documentos/GitHub/IR2117/tb3_ws/build/olympic' returned '2': AMENT_PREFIX_PATH=/home/usuario/Documentos/GitHub/IR2117/tb3_ws/install/olympic_interfaces:${AMENT_PREFIX_PATH} CMAKE_PREFIX_PATH=/home/usuario/Documentos/GitHub/IR2117/tb3_ws/install/olympic_interfaces:/opt/ros/foxy /usr/bin/cmake --build /home/usuario/Documentos/GitHub/IR2117/tb3_ws/build/olympic -- -j6 -l6
