[0.025s] Invoking command in '/home/usuario/Documentos/GitHub/IR2117/ros2_ws/build/examples_topics': CMAKE_PREFIX_PATH=/opt/ros/foxy /usr/bin/cmake --build /home/usuario/Documentos/GitHub/IR2117/ros2_ws/build/examples_topics -- -j6 -l6
[0.081s] -- Found ament_cmake: 0.9.11 (/opt/ros/foxy/share/ament_cmake/cmake)
[0.112s] -- Using PYTHON_EXECUTABLE: /usr/bin/python3
[0.287s] -- Found rclcpp: 2.4.2 (/opt/ros/foxy/share/rclcpp/cmake)
[0.327s] -- Using all available rosidl_typesupport_c: rosidl_typesupport_fastrtps_c;rosidl_typesupport_introspection_c
[0.331s] -- Found rosidl_adapter: 1.3.0 (/opt/ros/foxy/share/rosidl_adapter/cmake)
[0.438s] -- Using all available rosidl_typesupport_cpp: rosidl_typesupport_fastrtps_cpp;rosidl_typesupport_introspection_cpp
[0.488s] -- Found rmw_implementation_cmake: 1.0.3 (/opt/ros/foxy/share/rmw_implementation_cmake/cmake)
[0.490s] -- Using RMW implementation 'rmw_fastrtps_cpp' as default
[0.661s] -- Configuring done
[0.674s] -- Generating done
[0.676s] -- Build files have been written to: /home/usuario/Documentos/GitHub/IR2117/ros2_ws/build/examples_topics
[0.698s] [35m[1mScanning dependencies of target publisher[0m
[0.698s] [35m[1mScanning dependencies of target subscriber[0m
[0.718s] [ 50%] [32mBuilding CXX object CMakeFiles/subscriber.dir/subscriber.cpp.o[0m
[0.719s] [ 50%] [32mBuilding CXX object CMakeFiles/publisher.dir/publisher.cpp.o[0m
[3.020s] [ 75%] [32m[1mLinking CXX executable publisher[0m
[3.263s] [ 75%] Built target publisher
[4.527s] [100%] [32m[1mLinking CXX executable subscriber[0m
[4.953s] [100%] Built target subscriber
