[0.041s] Invoking command in '/home/usuario/Documentos/GitHub/IR2117/tb3_ws/build/olympic_interfaces': CMAKE_PREFIX_PATH=/opt/ros/foxy /usr/bin/cmake /home/usuario/Documentos/GitHub/IR2117/tb3_ws/src/olympic_interfaces -DCMAKE_INSTALL_PREFIX=/home/usuario/Documentos/GitHub/IR2117/tb3_ws/install/olympic_interfaces
[0.427s] -- The C compiler identification is GNU 9.4.0
[0.731s] -- The CXX compiler identification is GNU 9.4.0
[0.742s] -- Check for working C compiler: /usr/bin/cc
[1.080s] -- Check for working C compiler: /usr/bin/cc -- works
[1.087s] -- Detecting C compiler ABI info
[1.549s] -- Detecting C compiler ABI info - done
[1.580s] -- Detecting C compile features
[1.580s] -- Detecting C compile features - done
[1.593s] -- Check for working CXX compiler: /usr/bin/c++
[1.968s] -- Check for working CXX compiler: /usr/bin/c++ -- works
[1.974s] -- Detecting CXX compiler ABI info
[2.194s] -- Detecting CXX compiler ABI info - done
[2.222s] -- Detecting CXX compile features
[2.223s] -- Detecting CXX compile features - done
[2.229s] -- Found ament_cmake: 0.9.11 (/opt/ros/foxy/share/ament_cmake/cmake)
[2.253s] -- Found PythonInterp: /usr/bin/python3 (found suitable version "3.8.10", minimum required is "3") 
[2.253s] -- Using PYTHON_EXECUTABLE: /usr/bin/python3
[2.435s] -- Found ament_lint_auto: 0.9.7 (/opt/ros/foxy/share/ament_lint_auto/cmake)
[2.528s] -- Added test 'copyright' to check source files copyright and LICENSE
[2.528s] -- Added test 'lint_cmake' to check CMake code style
[2.529s] -- Added test 'xmllint' to check XML markup files
[2.538s] -- Configuring done
[2.541s] -- Generating done
[2.552s] -- Build files have been written to: /home/usuario/Documentos/GitHub/IR2117/tb3_ws/build/olympic_interfaces
