[0.044s] Invoking command in '/home/usuario/Documentos/GitHub/IR2117/ros2_ws/src/build/cpp_srvcli': CMAKE_PREFIX_PATH=${CMAKE_PREFIX_PATH}:/opt/ros/foxy /usr/bin/cmake /home/usuario/Documentos/GitHub/IR2117/ros2_ws/src/cpp_srvcli -DCMAKE_INSTALL_PREFIX=/home/usuario/Documentos/GitHub/IR2117/ros2_ws/src/install/cpp_srvcli
[0.081s] -- The C compiler identification is GNU 9.4.0
[0.130s] -- The CXX compiler identification is GNU 9.4.0
[0.134s] -- Check for working C compiler: /usr/bin/cc
[0.190s] -- Check for working C compiler: /usr/bin/cc -- works
[0.191s] -- Detecting C compiler ABI info
[0.250s] -- Detecting C compiler ABI info - done
[0.259s] -- Detecting C compile features
[0.259s] -- Detecting C compile features - done
[0.262s] -- Check for working CXX compiler: /usr/bin/c++
[0.341s] -- Check for working CXX compiler: /usr/bin/c++ -- works
[0.342s] -- Detecting CXX compiler ABI info
[0.404s] -- Detecting CXX compiler ABI info - done
[0.413s] -- Detecting CXX compile features
[0.413s] -- Detecting CXX compile features - done
[0.415s] -- Found ament_cmake: 0.9.11 (/opt/ros/foxy/share/ament_cmake/cmake)
[0.439s] -- Found PythonInterp: /usr/bin/python3 (found suitable version "3.8.10", minimum required is "3") 
[0.439s] -- Using PYTHON_EXECUTABLE: /usr/bin/python3
[0.592s] -- Found rclcpp: 2.4.2 (/opt/ros/foxy/share/rclcpp/cmake)
[0.623s] -- Using all available rosidl_typesupport_c: rosidl_typesupport_fastrtps_c;rosidl_typesupport_introspection_c
[0.628s] -- Found rosidl_adapter: 1.3.0 (/opt/ros/foxy/share/rosidl_adapter/cmake)
[0.726s] -- Found OpenSSL: /usr/lib/x86_64-linux-gnu/libcrypto.so (found version "1.1.1f")  
[0.749s] -- Found FastRTPS: /opt/ros/foxy/include  
[0.803s] -- Using all available rosidl_typesupport_cpp: rosidl_typesupport_fastrtps_cpp;rosidl_typesupport_introspection_cpp
[0.841s] -- Found rmw_implementation_cmake: 1.0.3 (/opt/ros/foxy/share/rmw_implementation_cmake/cmake)
[0.842s] -- Using RMW implementation 'rmw_fastrtps_cpp' as default
[0.843s] -- Looking for pthread.h
[0.892s] -- Looking for pthread.h - found
[0.893s] -- Performing Test CMAKE_HAVE_LIBC_PTHREAD
[0.954s] -- Performing Test CMAKE_HAVE_LIBC_PTHREAD - Failed
[0.955s] -- Looking for pthread_create in pthreads
[0.996s] -- Looking for pthread_create in pthreads - not found
[0.997s] -- Looking for pthread_create in pthread
[1.057s] -- Looking for pthread_create in pthread - found
[1.057s] -- Found Threads: TRUE  
[1.164s] -- Found example_interfaces: 0.9.1 (/opt/ros/foxy/share/example_interfaces/cmake)
[1.244s] -- Found geometry_msgs: 2.0.5 (/opt/ros/foxy/share/geometry_msgs/cmake)
[1.271s] -- Found ament_lint_auto: 0.9.7 (/opt/ros/foxy/share/ament_lint_auto/cmake)
[1.329s] -- Added test 'copyright' to check source files copyright and LICENSE
[1.330s] -- Added test 'cppcheck' to perform static code analysis on C / C++ code
[1.330s] -- Configured cppcheck include dirs: 
[1.330s] -- Configured cppcheck exclude dirs and/or files: 
[1.331s] -- Added test 'cpplint' to check C / C++ code against the Google style
[1.331s] -- Configured cpplint exclude dirs and/or files: 
[1.331s] -- Added test 'lint_cmake' to check CMake code style
[1.331s] -- Added test 'uncrustify' to check C / C++ code style
[1.331s] -- Configured uncrustify additional arguments: 
[1.332s] -- Added test 'xmllint' to check XML markup files
[1.335s] -- Configuring done
[1.336s] CMake Error at CMakeLists.txt:26 (add_executable):
[1.336s]   Cannot find source file:
[1.337s] 
[1.337s]     src/olympic_rings_client.cpp
[1.337s] 
[1.337s]   Tried extensions .c .C .c++ .cc .cpp .cxx .cu .m .M .mm .h .hh .h++ .hm
[1.337s]   .hpp .hxx .in .txx
[1.337s] 
[1.337s] 
[1.337s] CMake Error at CMakeLists.txt:26 (add_executable):
[1.337s]   No SOURCES given to target: rings
[1.337s] 
[1.338s] 
[1.338s] CMake Generate step failed.  Build files cannot be regenerated correctly.
[1.349s] Invoked command in '/home/usuario/Documentos/GitHub/IR2117/ros2_ws/src/build/cpp_srvcli' returned '1': CMAKE_PREFIX_PATH=${CMAKE_PREFIX_PATH}:/opt/ros/foxy /usr/bin/cmake /home/usuario/Documentos/GitHub/IR2117/ros2_ws/src/cpp_srvcli -DCMAKE_INSTALL_PREFIX=/home/usuario/Documentos/GitHub/IR2117/ros2_ws/src/install/cpp_srvcli
