[0.146s] DEBUG:colcon:Command line arguments: ['/usr/bin/colcon', 'build']
[0.146s] DEBUG:colcon:Parsed command line arguments: Namespace(allow_overriding=[], ament_cmake_args=None, base_paths=['.'], build_base='build', catkin_cmake_args=None, catkin_skip_building_tests=False, cmake_args=None, cmake_clean_cache=False, cmake_clean_first=False, cmake_force_configure=False, cmake_target=None, cmake_target_skip_unavailable=False, continue_on_error=False, event_handlers=None, executor='parallel', ignore_user_meta=False, install_base='install', log_base=None, log_level=None, main=<bound method BuildVerb.main of <colcon_core.verb.build.BuildVerb object at 0x7f50a72f24c0>>, merge_install=False, metas=['./colcon.meta'], packages_above=None, packages_above_and_dependencies=None, packages_above_depth=None, packages_end=None, packages_ignore=None, packages_ignore_regex=None, packages_select=None, packages_select_build_failed=False, packages_select_by_dep=None, packages_select_regex=None, packages_select_test_failures=False, packages_skip=None, packages_skip_build_finished=False, packages_skip_by_dep=None, packages_skip_regex=None, packages_skip_test_passed=False, packages_skip_up_to=None, packages_start=None, packages_up_to=None, packages_up_to_regex=None, parallel_workers=6, paths=None, symlink_install=False, test_result_base=None, verb_extension=<colcon_core.verb.build.BuildVerb object at 0x7f50a72f24c0>, verb_name='build', verb_parser=<colcon_defaults.argument_parser.defaults.DefaultArgumentsDecorator object at 0x7f50a72f2a00>)
[0.167s] Level 1:colcon.colcon_core.package_discovery:discover_packages(colcon_meta) check parameters
[0.168s] Level 1:colcon.colcon_core.package_discovery:discover_packages(recursive) check parameters
[0.168s] Level 1:colcon.colcon_core.package_discovery:discover_packages(ignore) check parameters
[0.168s] Level 1:colcon.colcon_core.package_discovery:discover_packages(path) check parameters
[0.168s] Level 1:colcon.colcon_core.package_discovery:discover_packages(colcon_meta) discover
[0.168s] Level 1:colcon.colcon_core.package_discovery:discover_packages(recursive) discover
[0.168s] INFO:colcon.colcon_core.package_discovery:Crawling recursively for packages in '/home/usuario/Documentos/GitHub/ID2117/ros2_ws/src/examples/sum'
[0.168s] Level 1:colcon.colcon_core.package_identification:_identify(.) by extensions ['ignore', 'ignore_ament_install']
[0.168s] Level 1:colcon.colcon_core.package_identification:_identify(.) by extension 'ignore'
[0.168s] Level 1:colcon.colcon_core.package_identification:_identify(.) by extension 'ignore_ament_install'
[0.168s] Level 1:colcon.colcon_core.package_identification:_identify(.) by extensions ['colcon_pkg']
[0.168s] Level 1:colcon.colcon_core.package_identification:_identify(.) by extension 'colcon_pkg'
[0.168s] Level 1:colcon.colcon_core.package_identification:_identify(.) by extensions ['colcon_meta']
[0.168s] Level 1:colcon.colcon_core.package_identification:_identify(.) by extension 'colcon_meta'
[0.168s] Level 1:colcon.colcon_core.package_identification:_identify(.) by extensions ['ros']
[0.168s] Level 1:colcon.colcon_core.package_identification:_identify(.) by extension 'ros'
[0.189s] DEBUG:colcon.colcon_core.package_identification:Package '.' with type 'ros.ament_cmake' and name 'examples_sum'
[0.189s] Level 1:colcon.colcon_core.package_discovery:discover_packages(recursive) using defaults
[0.189s] Level 1:colcon.colcon_core.package_discovery:discover_packages(ignore) discover
[0.189s] Level 1:colcon.colcon_core.package_discovery:discover_packages(ignore) using defaults
[0.189s] Level 1:colcon.colcon_core.package_discovery:discover_packages(path) discover
[0.189s] Level 1:colcon.colcon_core.package_discovery:discover_packages(path) using defaults
[0.208s] Level 1:colcon.colcon_core.package_discovery:discover_packages(prefix_path) check parameters
[0.208s] Level 1:colcon.colcon_core.package_discovery:discover_packages(prefix_path) discover
[0.212s] DEBUG:colcon.colcon_installed_package_information.package_discovery:Found 271 installed packages in /opt/ros/foxy
[0.213s] Level 1:colcon.colcon_core.package_discovery:discover_packages(prefix_path) using defaults
[0.259s] Level 5:colcon.colcon_core.verb:set package 'examples_sum' build argument 'cmake_args' from command line to 'None'
[0.259s] Level 5:colcon.colcon_core.verb:set package 'examples_sum' build argument 'cmake_target' from command line to 'None'
[0.259s] Level 5:colcon.colcon_core.verb:set package 'examples_sum' build argument 'cmake_target_skip_unavailable' from command line to 'False'
[0.259s] Level 5:colcon.colcon_core.verb:set package 'examples_sum' build argument 'cmake_clean_cache' from command line to 'False'
[0.259s] Level 5:colcon.colcon_core.verb:set package 'examples_sum' build argument 'cmake_clean_first' from command line to 'False'
[0.259s] Level 5:colcon.colcon_core.verb:set package 'examples_sum' build argument 'cmake_force_configure' from command line to 'False'
[0.259s] Level 5:colcon.colcon_core.verb:set package 'examples_sum' build argument 'ament_cmake_args' from command line to 'None'
[0.259s] Level 5:colcon.colcon_core.verb:set package 'examples_sum' build argument 'catkin_cmake_args' from command line to 'None'
[0.259s] Level 5:colcon.colcon_core.verb:set package 'examples_sum' build argument 'catkin_skip_building_tests' from command line to 'False'
[0.260s] DEBUG:colcon.colcon_core.verb:Building package 'examples_sum' with the following arguments: {'ament_cmake_args': None, 'build_base': '/home/usuario/Documentos/GitHub/ID2117/ros2_ws/src/examples/sum/build/examples_sum', 'catkin_cmake_args': None, 'catkin_skip_building_tests': False, 'cmake_args': None, 'cmake_clean_cache': False, 'cmake_clean_first': False, 'cmake_force_configure': False, 'cmake_target': None, 'cmake_target_skip_unavailable': False, 'install_base': '/home/usuario/Documentos/GitHub/ID2117/ros2_ws/src/examples/sum/install/examples_sum', 'merge_install': False, 'path': '/home/usuario/Documentos/GitHub/ID2117/ros2_ws/src/examples/sum', 'symlink_install': False, 'test_result_base': None}
[0.261s] INFO:colcon.colcon_core.executor:Executing jobs using 'parallel' executor
[0.266s] DEBUG:colcon.colcon_parallel_executor.executor.parallel:run_until_complete
[0.266s] INFO:colcon.colcon_ros.task.ament_cmake.build:Building ROS package in '/home/usuario/Documentos/GitHub/ID2117/ros2_ws/src/examples/sum' with build type 'ament_cmake'
[0.266s] INFO:colcon.colcon_cmake.task.cmake.build:Building CMake package in '/home/usuario/Documentos/GitHub/ID2117/ros2_ws/src/examples/sum'
[0.273s] INFO:colcon.colcon_core.plugin_system:Skipping extension 'colcon_core.shell.bat': Not used on non-Windows systems
[0.273s] INFO:colcon.colcon_core.shell:Skip shell extension 'powershell' for command environment: Not usable outside of PowerShell
[0.273s] DEBUG:colcon.colcon_core.shell:Skip shell extension 'dsv' for command environment
[0.290s] DEBUG:colcon.colcon_core.event_handler.log_command:Invoking command in '/home/usuario/Documentos/GitHub/ID2117/ros2_ws/src/examples/sum/build/examples_sum': CMAKE_PREFIX_PATH=/opt/ros/foxy /usr/bin/cmake /home/usuario/Documentos/GitHub/ID2117/ros2_ws/src/examples/sum -DCMAKE_INSTALL_PREFIX=/home/usuario/Documentos/GitHub/ID2117/ros2_ws/src/examples/sum/install/examples_sum
[1.668s] DEBUG:colcon.colcon_core.event_handler.log_command:Invoked command in '/home/usuario/Documentos/GitHub/ID2117/ros2_ws/src/examples/sum/build/examples_sum' returned '0': CMAKE_PREFIX_PATH=/opt/ros/foxy /usr/bin/cmake /home/usuario/Documentos/GitHub/ID2117/ros2_ws/src/examples/sum -DCMAKE_INSTALL_PREFIX=/home/usuario/Documentos/GitHub/ID2117/ros2_ws/src/examples/sum/install/examples_sum
[1.671s] DEBUG:colcon.colcon_core.event_handler.log_command:Invoking command in '/home/usuario/Documentos/GitHub/ID2117/ros2_ws/src/examples/sum/build/examples_sum': CMAKE_PREFIX_PATH=/opt/ros/foxy /usr/bin/cmake --build /home/usuario/Documentos/GitHub/ID2117/ros2_ws/src/examples/sum/build/examples_sum -- -j6 -l6
[6.040s] DEBUG:colcon.colcon_core.event_handler.log_command:Invoked command in '/home/usuario/Documentos/GitHub/ID2117/ros2_ws/src/examples/sum/build/examples_sum' returned '0': CMAKE_PREFIX_PATH=/opt/ros/foxy /usr/bin/cmake --build /home/usuario/Documentos/GitHub/ID2117/ros2_ws/src/examples/sum/build/examples_sum -- -j6 -l6
[6.076s] DEBUG:colcon.colcon_core.event_handler.log_command:Invoking command in '/home/usuario/Documentos/GitHub/ID2117/ros2_ws/src/examples/sum/build/examples_sum': CMAKE_PREFIX_PATH=/opt/ros/foxy /usr/bin/cmake --install /home/usuario/Documentos/GitHub/ID2117/ros2_ws/src/examples/sum/build/examples_sum
[6.120s] Level 1:colcon.colcon_core.environment:create_environment_scripts_only(examples_sum)
[6.122s] DEBUG:colcon.colcon_core.event_handler.log_command:Invoked command in '/home/usuario/Documentos/GitHub/ID2117/ros2_ws/src/examples/sum/build/examples_sum' returned '0': CMAKE_PREFIX_PATH=/opt/ros/foxy /usr/bin/cmake --install /home/usuario/Documentos/GitHub/ID2117/ros2_ws/src/examples/sum/build/examples_sum
[6.129s] Level 1:colcon.colcon_core.environment:checking '/home/usuario/Documentos/GitHub/ID2117/ros2_ws/src/examples/sum/install/examples_sum' for CMake module files
[6.130s] Level 1:colcon.colcon_core.environment:checking '/home/usuario/Documentos/GitHub/ID2117/ros2_ws/src/examples/sum/install/examples_sum' for CMake config files
[6.130s] Level 1:colcon.colcon_core.shell:create_environment_hook('examples_sum', 'cmake_prefix_path')
[6.132s] INFO:colcon.colcon_core.shell:Creating environment hook '/home/usuario/Documentos/GitHub/ID2117/ros2_ws/src/examples/sum/install/examples_sum/share/examples_sum/hook/cmake_prefix_path.ps1'
[6.132s] INFO:colcon.colcon_core.shell:Creating environment descriptor '/home/usuario/Documentos/GitHub/ID2117/ros2_ws/src/examples/sum/install/examples_sum/share/examples_sum/hook/cmake_prefix_path.dsv'
[6.133s] INFO:colcon.colcon_core.shell:Creating environment hook '/home/usuario/Documentos/GitHub/ID2117/ros2_ws/src/examples/sum/install/examples_sum/share/examples_sum/hook/cmake_prefix_path.sh'
[6.134s] Level 1:colcon.colcon_core.environment:checking '/home/usuario/Documentos/GitHub/ID2117/ros2_ws/src/examples/sum/install/examples_sum/lib'
[6.134s] Level 1:colcon.colcon_core.environment:checking '/home/usuario/Documentos/GitHub/ID2117/ros2_ws/src/examples/sum/install/examples_sum/bin'
[6.134s] Level 1:colcon.colcon_core.environment:checking '/home/usuario/Documentos/GitHub/ID2117/ros2_ws/src/examples/sum/install/examples_sum/lib/pkgconfig/examples_sum.pc'
[6.134s] Level 1:colcon.colcon_core.environment:checking '/home/usuario/Documentos/GitHub/ID2117/ros2_ws/src/examples/sum/install/examples_sum/lib/python3.8/site-packages'
[6.135s] Level 1:colcon.colcon_core.environment:checking '/home/usuario/Documentos/GitHub/ID2117/ros2_ws/src/examples/sum/install/examples_sum/bin'
[6.137s] INFO:colcon.colcon_core.shell:Creating package script '/home/usuario/Documentos/GitHub/ID2117/ros2_ws/src/examples/sum/install/examples_sum/share/examples_sum/package.ps1'
[6.138s] INFO:colcon.colcon_core.shell:Creating package descriptor '/home/usuario/Documentos/GitHub/ID2117/ros2_ws/src/examples/sum/install/examples_sum/share/examples_sum/package.dsv'
[6.139s] INFO:colcon.colcon_core.shell:Creating package script '/home/usuario/Documentos/GitHub/ID2117/ros2_ws/src/examples/sum/install/examples_sum/share/examples_sum/package.sh'
[6.139s] INFO:colcon.colcon_core.shell:Creating package script '/home/usuario/Documentos/GitHub/ID2117/ros2_ws/src/examples/sum/install/examples_sum/share/examples_sum/package.bash'
[6.140s] INFO:colcon.colcon_core.shell:Creating package script '/home/usuario/Documentos/GitHub/ID2117/ros2_ws/src/examples/sum/install/examples_sum/share/examples_sum/package.zsh'
[6.141s] Level 1:colcon.colcon_core.environment:create_file_with_runtime_dependencies(/home/usuario/Documentos/GitHub/ID2117/ros2_ws/src/examples/sum/install/examples_sum/share/colcon-core/packages/examples_sum)
[6.168s] Level 1:colcon.colcon_core.environment:create_environment_scripts_only(examples_sum)
[6.172s] Level 1:colcon.colcon_core.environment:checking '/home/usuario/Documentos/GitHub/ID2117/ros2_ws/src/examples/sum/install/examples_sum' for CMake module files
[6.173s] Level 1:colcon.colcon_core.environment:checking '/home/usuario/Documentos/GitHub/ID2117/ros2_ws/src/examples/sum/install/examples_sum' for CMake config files
[6.174s] Level 1:colcon.colcon_core.shell:create_environment_hook('examples_sum', 'cmake_prefix_path')
[6.175s] INFO:colcon.colcon_core.shell:Creating environment hook '/home/usuario/Documentos/GitHub/ID2117/ros2_ws/src/examples/sum/install/examples_sum/share/examples_sum/hook/cmake_prefix_path.ps1'
[6.176s] INFO:colcon.colcon_core.shell:Creating environment descriptor '/home/usuario/Documentos/GitHub/ID2117/ros2_ws/src/examples/sum/install/examples_sum/share/examples_sum/hook/cmake_prefix_path.dsv'
[6.177s] INFO:colcon.colcon_core.shell:Creating environment hook '/home/usuario/Documentos/GitHub/ID2117/ros2_ws/src/examples/sum/install/examples_sum/share/examples_sum/hook/cmake_prefix_path.sh'
[6.177s] Level 1:colcon.colcon_core.environment:checking '/home/usuario/Documentos/GitHub/ID2117/ros2_ws/src/examples/sum/install/examples_sum/lib'
[6.178s] Level 1:colcon.colcon_core.environment:checking '/home/usuario/Documentos/GitHub/ID2117/ros2_ws/src/examples/sum/install/examples_sum/bin'
[6.178s] Level 1:colcon.colcon_core.environment:checking '/home/usuario/Documentos/GitHub/ID2117/ros2_ws/src/examples/sum/install/examples_sum/lib/pkgconfig/examples_sum.pc'
[6.178s] Level 1:colcon.colcon_core.environment:checking '/home/usuario/Documentos/GitHub/ID2117/ros2_ws/src/examples/sum/install/examples_sum/lib/python3.8/site-packages'
[6.178s] Level 1:colcon.colcon_core.environment:checking '/home/usuario/Documentos/GitHub/ID2117/ros2_ws/src/examples/sum/install/examples_sum/bin'
[6.180s] INFO:colcon.colcon_core.shell:Creating package script '/home/usuario/Documentos/GitHub/ID2117/ros2_ws/src/examples/sum/install/examples_sum/share/examples_sum/package.ps1'
[6.181s] INFO:colcon.colcon_core.shell:Creating package descriptor '/home/usuario/Documentos/GitHub/ID2117/ros2_ws/src/examples/sum/install/examples_sum/share/examples_sum/package.dsv'
[6.182s] INFO:colcon.colcon_core.shell:Creating package script '/home/usuario/Documentos/GitHub/ID2117/ros2_ws/src/examples/sum/install/examples_sum/share/examples_sum/package.sh'
[6.183s] INFO:colcon.colcon_core.shell:Creating package script '/home/usuario/Documentos/GitHub/ID2117/ros2_ws/src/examples/sum/install/examples_sum/share/examples_sum/package.bash'
[6.183s] INFO:colcon.colcon_core.shell:Creating package script '/home/usuario/Documentos/GitHub/ID2117/ros2_ws/src/examples/sum/install/examples_sum/share/examples_sum/package.zsh'
[6.184s] Level 1:colcon.colcon_core.environment:create_file_with_runtime_dependencies(/home/usuario/Documentos/GitHub/ID2117/ros2_ws/src/examples/sum/install/examples_sum/share/colcon-core/packages/examples_sum)
[6.184s] DEBUG:colcon.colcon_parallel_executor.executor.parallel:closing loop
[6.184s] DEBUG:colcon.colcon_parallel_executor.executor.parallel:loop closed
[6.184s] DEBUG:colcon.colcon_parallel_executor.executor.parallel:run_until_complete finished with '0'
[6.185s] DEBUG:colcon.colcon_core.event_reactor:joining thread
[6.191s] INFO:colcon.colcon_core.plugin_system:Skipping extension 'colcon_notification.desktop_notification.terminal_notifier': Not used on non-Darwin systems
[6.191s] INFO:colcon.colcon_core.plugin_system:Skipping extension 'colcon_notification.desktop_notification.win32': Not used on non-Windows systems
[6.191s] INFO:colcon.colcon_notification.desktop_notification:Sending desktop notification using 'notify2'
[6.207s] DEBUG:colcon.colcon_core.event_reactor:joined thread
[6.209s] INFO:colcon.colcon_core.shell:Creating prefix script '/home/usuario/Documentos/GitHub/ID2117/ros2_ws/src/examples/sum/install/local_setup.ps1'
[6.210s] INFO:colcon.colcon_core.shell:Creating prefix util module '/home/usuario/Documentos/GitHub/ID2117/ros2_ws/src/examples/sum/install/_local_setup_util_ps1.py'
[6.211s] INFO:colcon.colcon_core.shell:Creating prefix chain script '/home/usuario/Documentos/GitHub/ID2117/ros2_ws/src/examples/sum/install/setup.ps1'
[6.213s] INFO:colcon.colcon_core.shell:Creating prefix script '/home/usuario/Documentos/GitHub/ID2117/ros2_ws/src/examples/sum/install/local_setup.sh'
[6.214s] INFO:colcon.colcon_core.shell:Creating prefix util module '/home/usuario/Documentos/GitHub/ID2117/ros2_ws/src/examples/sum/install/_local_setup_util_sh.py'
[6.214s] INFO:colcon.colcon_core.shell:Creating prefix chain script '/home/usuario/Documentos/GitHub/ID2117/ros2_ws/src/examples/sum/install/setup.sh'
[6.217s] INFO:colcon.colcon_core.shell:Creating prefix script '/home/usuario/Documentos/GitHub/ID2117/ros2_ws/src/examples/sum/install/local_setup.bash'
[6.217s] INFO:colcon.colcon_core.shell:Creating prefix chain script '/home/usuario/Documentos/GitHub/ID2117/ros2_ws/src/examples/sum/install/setup.bash'
[6.219s] INFO:colcon.colcon_core.shell:Creating prefix script '/home/usuario/Documentos/GitHub/ID2117/ros2_ws/src/examples/sum/install/local_setup.zsh'
[6.220s] INFO:colcon.colcon_core.shell:Creating prefix chain script '/home/usuario/Documentos/GitHub/ID2117/ros2_ws/src/examples/sum/install/setup.zsh'
