[0.021s] Invoking command in '/home/usuario/Documentos/GitHub/IR2117/tb3_ws/src/build/olympic': AMENT_PREFIX_PATH=/home/usuario/Documentos/GitHub/IR2117/tb3_ws/src/install/olympic_interfaces:${AMENT_PREFIX_PATH} CMAKE_PREFIX_PATH=/home/usuario/Documentos/GitHub/IR2117/tb3_ws/src/install/olympic_interfaces:/opt/ros/foxy /usr/bin/cmake /home/usuario/Documentos/GitHub/IR2117/tb3_ws/src/olympic -DCMAKE_INSTALL_PREFIX=/home/usuario/Documentos/GitHub/IR2117/tb3_ws/src/install/olympic
[0.064s] -- The C compiler identification is GNU 9.4.0
[0.102s] -- The CXX compiler identification is GNU 9.4.0
[0.106s] -- Check for working C compiler: /usr/bin/cc
[0.158s] -- Check for working C compiler: /usr/bin/cc -- works
[0.159s] -- Detecting C compiler ABI info
[0.237s] -- Detecting C compiler ABI info - done
[0.245s] -- Detecting C compile features
[0.246s] -- Detecting C compile features - done
[0.248s] -- Check for working CXX compiler: /usr/bin/c++
[0.319s] -- Check for working CXX compiler: /usr/bin/c++ -- works
[0.320s] -- Detecting CXX compiler ABI info
[0.401s] -- Detecting CXX compiler ABI info - done
[0.410s] -- Detecting CXX compile features
[0.410s] -- Detecting CXX compile features - done
[0.412s] -- Found ament_cmake: 0.9.11 (/opt/ros/foxy/share/ament_cmake/cmake)
[0.431s] -- Found PythonInterp: /usr/bin/python3 (found suitable version "3.8.10", minimum required is "3") 
[0.431s] -- Using PYTHON_EXECUTABLE: /usr/bin/python3
[0.589s] -- Found rclcpp: 2.4.2 (/opt/ros/foxy/share/rclcpp/cmake)
[0.622s] -- Using all available rosidl_typesupport_c: rosidl_typesupport_fastrtps_c;rosidl_typesupport_introspection_c
[0.627s] -- Found rosidl_adapter: 1.3.0 (/opt/ros/foxy/share/rosidl_adapter/cmake)
[0.680s] -- Found OpenSSL: /usr/lib/x86_64-linux-gnu/libcrypto.so (found version "1.1.1f")  
[0.704s] -- Found FastRTPS: /opt/ros/foxy/include  
[0.762s] -- Using all available rosidl_typesupport_cpp: rosidl_typesupport_fastrtps_cpp;rosidl_typesupport_introspection_cpp
[0.800s] -- Found rmw_implementation_cmake: 1.0.3 (/opt/ros/foxy/share/rmw_implementation_cmake/cmake)
[0.801s] -- Using RMW implementation 'rmw_fastrtps_cpp' as default
[0.803s] -- Looking for pthread.h
[0.877s] -- Looking for pthread.h - found
[0.877s] -- Performing Test CMAKE_HAVE_LIBC_PTHREAD
[0.950s] -- Performing Test CMAKE_HAVE_LIBC_PTHREAD - Failed
[0.951s] -- Looking for pthread_create in pthreads
[1.010s] -- Looking for pthread_create in pthreads - not found
[1.010s] -- Looking for pthread_create in pthread
[1.077s] -- Looking for pthread_create in pthread - found
[1.078s] -- Found Threads: TRUE  
[1.187s] -- Found geometry_msgs: 2.0.5 (/opt/ros/foxy/share/geometry_msgs/cmake)
[1.215s] -- Found turtlesim: 1.2.6 (/opt/ros/foxy/share/turtlesim/cmake)
[1.291s] -- Found rclcpp_action: 2.4.2 (/opt/ros/foxy/share/rclcpp_action/cmake)
[1.315s] -- Found rclcpp_components: 2.4.2 (/opt/ros/foxy/share/rclcpp_components/cmake)
[1.359s] -- Found olympic_interfaces: 0.0.0 (/home/usuario/Documentos/GitHub/IR2117/tb3_ws/src/install/olympic_interfaces/share/olympic_interfaces/cmake)
[1.363s] -- Found ament_lint_auto: 0.9.7 (/opt/ros/foxy/share/ament_lint_auto/cmake)
[1.421s] -- Added test 'copyright' to check source files copyright and LICENSE
[1.422s] -- Added test 'cppcheck' to perform static code analysis on C / C++ code
[1.423s] -- Configured cppcheck include dirs: $<BUILD_INTERFACE:/home/usuario/Documentos/GitHub/IR2117/tb3_ws/src/olympic/include>
[1.423s] -- Configured cppcheck exclude dirs and/or files: 
[1.423s] -- Added test 'cpplint' to check C / C++ code against the Google style
[1.424s] -- Configured cpplint exclude dirs and/or files: 
[1.424s] -- Added test 'lint_cmake' to check CMake code style
[1.425s] -- Added test 'uncrustify' to check C / C++ code style
[1.425s] -- Configured uncrustify additional arguments: 
[1.425s] -- Added test 'xmllint' to check XML markup files
[1.429s] -- Configuring done
[1.446s] -- Generating done
[1.448s] -- Build files have been written to: /home/usuario/Documentos/GitHub/IR2117/tb3_ws/src/build/olympic
[1.458s] Invoked command in '/home/usuario/Documentos/GitHub/IR2117/tb3_ws/src/build/olympic' returned '0': AMENT_PREFIX_PATH=/home/usuario/Documentos/GitHub/IR2117/tb3_ws/src/install/olympic_interfaces:${AMENT_PREFIX_PATH} CMAKE_PREFIX_PATH=/home/usuario/Documentos/GitHub/IR2117/tb3_ws/src/install/olympic_interfaces:/opt/ros/foxy /usr/bin/cmake /home/usuario/Documentos/GitHub/IR2117/tb3_ws/src/olympic -DCMAKE_INSTALL_PREFIX=/home/usuario/Documentos/GitHub/IR2117/tb3_ws/src/install/olympic
[1.460s] Invoking command in '/home/usuario/Documentos/GitHub/IR2117/tb3_ws/src/build/olympic': AMENT_PREFIX_PATH=/home/usuario/Documentos/GitHub/IR2117/tb3_ws/src/install/olympic_interfaces:${AMENT_PREFIX_PATH} CMAKE_PREFIX_PATH=/home/usuario/Documentos/GitHub/IR2117/tb3_ws/src/install/olympic_interfaces:/opt/ros/foxy /usr/bin/cmake --build /home/usuario/Documentos/GitHub/IR2117/tb3_ws/src/build/olympic -- -j6 -l6
[1.507s] [35m[1mScanning dependencies of target rings_action_client[0m
[1.514s] [35m[1mScanning dependencies of target rings_action_server[0m
[1.527s] [35m[1mScanning dependencies of target rings[0m
[1.615s] [ 16%] [32mBuilding CXX object CMakeFiles/rings_action_client.dir/src/rings_action_client.cpp.o[0m
[1.617s] [ 33%] [32mBuilding CXX object CMakeFiles/rings_action_server.dir/src/rings_action_server.cpp.o[0m
[1.620s] [ 50%] [32mBuilding CXX object CMakeFiles/rings.dir/src/rings.cpp.o[0m
[1.777s] [01m[K/home/usuario/Documentos/GitHub/IR2117/tb3_ws/src/olympic/src/rings_action_client.cpp:6:10:[m[K [01;31m[Kfatal error: [m[Kolympic_interfaces/action/rings.hpp: No existe el archivo o el directorio
[1.777s]     6 | #include [01;31m[K"olympic_interfaces/action/rings.hpp"[m[K
[1.777s]       |          [01;31m[K^~~~~~~~~~~~~~~~~~~~~~~~~~~~~~~~~~~~~[m[K
[1.777s] compilation terminated.
[1.778s] make[2]: *** [CMakeFiles/rings_action_client.dir/build.make:63: CMakeFiles/rings_action_client.dir/src/rings_action_client.cpp.o] Error 1
[1.778s] make[1]: *** [CMakeFiles/Makefile2:82: CMakeFiles/rings_action_client.dir/all] Error 2
[1.778s] make[1]: *** Se espera a que terminen otras tareas....
[2.629s] [01m[K/home/usuario/Documentos/GitHub/IR2117/tb3_ws/src/olympic/src/rings_action_server.cpp:[m[K In function ‘[01m[Kint main(int, char**)[m[K’:
[2.629s] [01m[K/home/usuario/Documentos/GitHub/IR2117/tb3_ws/src/olympic/src/rings_action_server.cpp:12:34:[m[K [01;31m[Kerror: [m[K‘[01m[KRings[m[K’ was not declared in this scope
[2.629s]    12 |     rclcpp_action::create_server<[01;31m[KRings[m[K>(node,
[2.629s]       |                                  [01;31m[K^~~~~[m[K
[2.632s] [01m[K/home/usuario/Documentos/GitHub/IR2117/tb3_ws/src/olympic/src/rings_action_server.cpp:14:7:[m[K [01;31m[Kerror: [m[K‘[01m[Khandle_goal[m[K’ was not declared in this scope
[2.632s]    14 |       [01;31m[Khandle_goal[m[K,
[2.632s]       |       [01;31m[K^~~~~~~~~~~[m[K
[2.634s] [01m[K/home/usuario/Documentos/GitHub/IR2117/tb3_ws/src/olympic/src/rings_action_server.cpp:15:7:[m[K [01;31m[Kerror: [m[K‘[01m[Khandle_cancel[m[K’ was not declared in this scope
[2.634s]    15 |       [01;31m[Khandle_cancel[m[K,
[2.634s]       |       [01;31m[K^~~~~~~~~~~~~[m[K
[2.652s] [01m[K/home/usuario/Documentos/GitHub/IR2117/tb3_ws/src/olympic/src/rings_action_server.cpp:16:7:[m[K [01;31m[Kerror: [m[K‘[01m[Khandle_accepted[m[K’ was not declared in this scope
[2.652s]    16 |       [01;31m[Khandle_accepted[m[K);
[2.652s]       |       [01;31m[K^~~~~~~~~~~~~~~[m[K
[2.969s] make[2]: *** [CMakeFiles/rings_action_server.dir/build.make:63: CMakeFiles/rings_action_server.dir/src/rings_action_server.cpp.o] Error 1
[2.969s] make[1]: *** [CMakeFiles/Makefile2:109: CMakeFiles/rings_action_server.dir/all] Error 2
[4.857s] [ 66%] [32m[1mLinking CXX executable rings[0m
[5.165s] [ 66%] Built target rings
[5.166s] make: *** [Makefile:141: all] Error 2
[5.167s] Invoked command in '/home/usuario/Documentos/GitHub/IR2117/tb3_ws/src/build/olympic' returned '2': AMENT_PREFIX_PATH=/home/usuario/Documentos/GitHub/IR2117/tb3_ws/src/install/olympic_interfaces:${AMENT_PREFIX_PATH} CMAKE_PREFIX_PATH=/home/usuario/Documentos/GitHub/IR2117/tb3_ws/src/install/olympic_interfaces:/opt/ros/foxy /usr/bin/cmake --build /home/usuario/Documentos/GitHub/IR2117/tb3_ws/src/build/olympic -- -j6 -l6
