[0.023s] Invoking command in '/home/usuario/Documentos/GitHub/IR2117/tb3_ws/build/obstacles': CMAKE_PREFIX_PATH=/opt/ros/foxy /usr/bin/cmake --build /home/usuario/Documentos/GitHub/IR2117/tb3_ws/build/obstacles -- -j6 -l6
[0.041s] -- Found ament_cmake: 0.9.11 (/opt/ros/foxy/share/ament_cmake/cmake)
[0.057s] -- Using PYTHON_EXECUTABLE: /usr/bin/python3
[0.205s] -- Found rclcpp: 2.4.2 (/opt/ros/foxy/share/rclcpp/cmake)
[0.234s] -- Using all available rosidl_typesupport_c: rosidl_typesupport_fastrtps_c;rosidl_typesupport_introspection_c
[0.241s] -- Found rosidl_adapter: 1.3.0 (/opt/ros/foxy/share/rosidl_adapter/cmake)
[0.338s] -- Using all available rosidl_typesupport_cpp: rosidl_typesupport_fastrtps_cpp;rosidl_typesupport_introspection_cpp
[0.373s] -- Found rmw_implementation_cmake: 1.0.3 (/opt/ros/foxy/share/rmw_implementation_cmake/cmake)
[0.374s] -- Using RMW implementation 'rmw_fastrtps_cpp' as default
[0.473s] -- Found sensor_msgs: 2.0.5 (/opt/ros/foxy/share/sensor_msgs/cmake)
[0.554s] -- Found example_interfaces: 0.9.1 (/opt/ros/foxy/share/example_interfaces/cmake)
[0.631s] -- Found ament_lint_auto: 0.9.7 (/opt/ros/foxy/share/ament_lint_auto/cmake)
[0.680s] -- Added test 'copyright' to check source files copyright and LICENSE
[0.684s] -- Added test 'cppcheck' to perform static code analysis on C / C++ code
[0.685s] -- Configured cppcheck include dirs: 
[0.685s] -- Configured cppcheck exclude dirs and/or files: 
[0.689s] -- Added test 'cpplint' to check C / C++ code against the Google style
[0.689s] -- Configured cpplint exclude dirs and/or files: 
[0.690s] -- Added test 'flake8' to check Python code syntax and style conventions
[0.691s] -- Added test 'lint_cmake' to check CMake code style
[0.692s] -- Added test 'pep257' to check Python code against some of the style conventions in PEP 257
[0.696s] -- Added test 'uncrustify' to check C / C++ code style
[0.696s] -- Configured uncrustify additional arguments: 
[0.697s] -- Added test 'xmllint' to check XML markup files
[0.699s] -- Configuring done
[0.716s] -- Generating done
[0.718s] -- Build files have been written to: /home/usuario/Documentos/GitHub/IR2117/tb3_ws/build/obstacles
[0.746s] [35m[1mScanning dependencies of target detector[0m
[0.767s] [35m[1mScanning dependencies of target avoidance[0m
[0.783s] [ 25%] [32mBuilding CXX object CMakeFiles/detector.dir/src/detector.cpp.o[0m
[0.807s] [ 50%] [32mBuilding CXX object CMakeFiles/avoidance.dir/src/avoidance.cpp.o[0m
[4.866s] [ 75%] [32m[1mLinking CXX executable detector[0m
[4.929s] [100%] [32m[1mLinking CXX executable avoidance[0m
[5.385s] [100%] Built target detector
[5.447s] [100%] Built target avoidance
