[0.040s] Invoking command in '/home/usuario/Documentos/GitHub/IR2117/tb3_ws/build/olympic': CMAKE_PREFIX_PATH=${CMAKE_PREFIX_PATH}:/opt/ros/foxy /usr/bin/cmake --build /home/usuario/Documentos/GitHub/IR2117/tb3_ws/build/olympic -- -j6 -l6
[0.062s] -- Found ament_cmake: 0.9.11 (/opt/ros/foxy/share/ament_cmake/cmake)
[0.077s] -- Using PYTHON_EXECUTABLE: /usr/bin/python3
[0.224s] -- Found rclcpp: 2.4.2 (/opt/ros/foxy/share/rclcpp/cmake)
[0.251s] -- Using all available rosidl_typesupport_c: rosidl_typesupport_fastrtps_c;rosidl_typesupport_introspection_c
[0.253s] -- Found rosidl_adapter: 1.3.0 (/opt/ros/foxy/share/rosidl_adapter/cmake)
[0.347s] -- Using all available rosidl_typesupport_cpp: rosidl_typesupport_fastrtps_cpp;rosidl_typesupport_introspection_cpp
[0.383s] -- Found rmw_implementation_cmake: 1.0.3 (/opt/ros/foxy/share/rmw_implementation_cmake/cmake)
[0.384s] -- Using RMW implementation 'rmw_fastrtps_cpp' as default
[0.486s] -- Found geometry_msgs: 2.0.5 (/opt/ros/foxy/share/geometry_msgs/cmake)
[0.510s] -- Found turtlesim: 1.2.6 (/opt/ros/foxy/share/turtlesim/cmake)
[0.585s] CMake Error at CMakeLists.txt:27 (target_include_directories):
[0.585s]   target_include_directories called with invalid arguments
[0.585s] 
[0.585s] 
[0.586s] -- Found ament_lint_auto: 0.9.7 (/opt/ros/foxy/share/ament_lint_auto/cmake)
[0.654s] -- Added test 'copyright' to check source files copyright and LICENSE
[0.654s] -- Added test 'cppcheck' to perform static code analysis on C / C++ code
[0.655s] -- Configured cppcheck include dirs: 
[0.655s] -- Configured cppcheck exclude dirs and/or files: 
[0.655s] -- Added test 'cpplint' to check C / C++ code against the Google style
[0.655s] -- Configured cpplint exclude dirs and/or files: 
[0.655s] -- Added test 'lint_cmake' to check CMake code style
[0.656s] -- Added test 'uncrustify' to check C / C++ code style
[0.656s] -- Configured uncrustify additional arguments: 
[0.656s] -- Added test 'xmllint' to check XML markup files
[0.658s] -- Configuring incomplete, errors occurred!
[0.658s] See also "/home/usuario/Documentos/GitHub/IR2117/tb3_ws/build/olympic/CMakeFiles/CMakeOutput.log".
[0.658s] See also "/home/usuario/Documentos/GitHub/IR2117/tb3_ws/build/olympic/CMakeFiles/CMakeError.log".
[0.665s] make: *** [Makefile:266: cmake_check_build_system] Error 1
[0.667s] Invoked command in '/home/usuario/Documentos/GitHub/IR2117/tb3_ws/build/olympic' returned '2': CMAKE_PREFIX_PATH=${CMAKE_PREFIX_PATH}:/opt/ros/foxy /usr/bin/cmake --build /home/usuario/Documentos/GitHub/IR2117/tb3_ws/build/olympic -- -j6 -l6
