[0.045s] Invoking command in '/home/usuario/Documentos/GitHub/IR2117/tb3_ws/build/olympic': CMAKE_PREFIX_PATH=/opt/ros/foxy /usr/bin/cmake --build /home/usuario/Documentos/GitHub/IR2117/tb3_ws/build/olympic -- -j6 -l6
[0.155s] -- Found ament_cmake: 0.9.11 (/opt/ros/foxy/share/ament_cmake/cmake)
[0.179s] -- Using PYTHON_EXECUTABLE: /usr/bin/python3
[0.430s] -- Found rclcpp: 2.4.2 (/opt/ros/foxy/share/rclcpp/cmake)
[0.475s] -- Using all available rosidl_typesupport_c: rosidl_typesupport_fastrtps_c;rosidl_typesupport_introspection_c
[0.483s] -- Found rosidl_adapter: 1.3.0 (/opt/ros/foxy/share/rosidl_adapter/cmake)
[0.598s] -- Using all available rosidl_typesupport_cpp: rosidl_typesupport_fastrtps_cpp;rosidl_typesupport_introspection_cpp
[0.646s] -- Found rmw_implementation_cmake: 1.0.3 (/opt/ros/foxy/share/rmw_implementation_cmake/cmake)
[0.648s] -- Using RMW implementation 'rmw_fastrtps_cpp' as default
[0.764s] -- Found geometry_msgs: 2.0.5 (/opt/ros/foxy/share/geometry_msgs/cmake)
[0.792s] -- Found turtlesim: 1.2.6 (/opt/ros/foxy/share/turtlesim/cmake)
[0.879s] -- Found ament_lint_auto: 0.9.7 (/opt/ros/foxy/share/ament_lint_auto/cmake)
[1.139s] -- Added test 'copyright' to check source files copyright and LICENSE
[1.139s] -- Added test 'cppcheck' to perform static code analysis on C / C++ code
[1.139s] -- Configured cppcheck include dirs: $<BUILD_INTERFACE:/home/usuario/Documentos/GitHub/IR2117/tb3_ws/src/olympic/include>
[1.139s] -- Configured cppcheck exclude dirs and/or files: 
[1.140s] -- Added test 'cpplint' to check C / C++ code against the Google style
[1.140s] -- Configured cpplint exclude dirs and/or files: 
[1.140s] -- Added test 'lint_cmake' to check CMake code style
[1.141s] -- Added test 'uncrustify' to check C / C++ code style
[1.141s] -- Configured uncrustify additional arguments: 
[1.141s] -- Added test 'xmllint' to check XML markup files
[1.160s] -- Configuring done
[1.283s] -- Generating done
[1.343s] -- Build files have been written to: /home/usuario/Documentos/GitHub/IR2117/tb3_ws/build/olympic
[1.588s] [35m[1mScanning dependencies of target rings[0m
[1.735s] [ 50%] [32mBuilding CXX object CMakeFiles/rings.dir/src/rings.cpp.o[0m
[6.999s] make[2]: *** Se borra el archivo 'CMakeFiles/rings.dir/src/rings.cpp.o'
[7.097s] make[2]: *** [CMakeFiles/rings.dir/build.make:63: CMakeFiles/rings.dir/src/rings.cpp.o] Interrupción
[7.098s] make[1]: *** [CMakeFiles/Makefile2:78: CMakeFiles/rings.dir/all] Interrupción
[7.098s] make: *** [Makefile:141: all] Interrupción
