-- The C compiler identification is GNU 9.4.0
-- The CXX compiler identification is GNU 9.4.0
-- Check for working C compiler: /usr/bin/cc
-- Check for working C compiler: /usr/bin/cc -- works
-- Detecting C compiler ABI info
-- Detecting C compiler ABI info - done
-- Detecting C compile features
-- Detecting C compile features - done
-- Check for working CXX compiler: /usr/bin/c++
-- Check for working CXX compiler: /usr/bin/c++ -- works
-- Detecting CXX compiler ABI info
-- Detecting CXX compiler ABI info - done
-- Detecting CXX compile features
-- Detecting CXX compile features - done
-- Found ament_cmake: 0.9.11 (/opt/ros/foxy/share/ament_cmake/cmake)
-- Found PythonInterp: /usr/bin/python3 (found suitable version "3.8.10", minimum required is "3") 
-- Using PYTHON_EXECUTABLE: /usr/bin/python3
-- Found rclcpp: 2.4.2 (/opt/ros/foxy/share/rclcpp/cmake)
-- Using all available rosidl_typesupport_c: rosidl_typesupport_fastrtps_c;rosidl_typesupport_introspection_c
-- Found rosidl_adapter: 1.3.0 (/opt/ros/foxy/share/rosidl_adapter/cmake)
-- Found OpenSSL: /usr/lib/x86_64-linux-gnu/libcrypto.so (found version "1.1.1f")  
-- Found FastRTPS: /opt/ros/foxy/include  
-- Using all available rosidl_typesupport_cpp: rosidl_typesupport_fastrtps_cpp;rosidl_typesupport_introspection_cpp
-- Found rmw_implementation_cmake: 1.0.3 (/opt/ros/foxy/share/rmw_implementation_cmake/cmake)
-- Using RMW implementation 'rmw_fastrtps_cpp' as default
-- Looking for pthread.h
-- Looking for pthread.h - found
-- Performing Test CMAKE_HAVE_LIBC_PTHREAD
-- Performing Test CMAKE_HAVE_LIBC_PTHREAD - Failed
-- Looking for pthread_create in pthreads
-- Looking for pthread_create in pthreads - not found
-- Looking for pthread_create in pthread
-- Looking for pthread_create in pthread - found
-- Found Threads: TRUE  
-- Found example_interfaces: 0.9.1 (/opt/ros/foxy/share/example_interfaces/cmake)
-- Found geometry_msgs: 2.0.5 (/opt/ros/foxy/share/geometry_msgs/cmake)
-- Found ament_lint_auto: 0.9.7 (/opt/ros/foxy/share/ament_lint_auto/cmake)
-- Added test 'copyright' to check source files copyright and LICENSE
-- Added test 'cppcheck' to perform static code analysis on C / C++ code
-- Configured cppcheck include dirs: 
-- Configured cppcheck exclude dirs and/or files: 
-- Added test 'cpplint' to check C / C++ code against the Google style
-- Configured cpplint exclude dirs and/or files: 
-- Added test 'lint_cmake' to check CMake code style
-- Added test 'uncrustify' to check C / C++ code style
-- Configured uncrustify additional arguments: 
-- Added test 'xmllint' to check XML markup files
-- Configuring done
-- Generating done
-- Build files have been written to: /home/usuario/Documentos/GitHub/IR2117/ros2_ws/build/cpp_srvcli
[35m[1mScanning dependencies of target client[0m
[35m[1mScanning dependencies of target rings[0m
[35m[1mScanning dependencies of target server[0m
[ 16%] [32mBuilding CXX object CMakeFiles/client.dir/src/add_two_ints_client.cpp.o[0m
[ 33%] [32mBuilding CXX object CMakeFiles/server.dir/src/add_two_ints_server.cpp.o[0m
[ 50%] [32mBuilding CXX object CMakeFiles/rings.dir/src/olympic_rings_client.cpp.o[0m
[01m[K/home/usuario/Documentos/GitHub/IR2117/ros2_ws/src/cpp_srvcli/src/olympic_rings_client.cpp:[m[K In function ‘[01m[Kint main(int, char**)[m[K’:
[01m[K/home/usuario/Documentos/GitHub/IR2117/ros2_ws/src/cpp_srvcli/src/olympic_rings_client.cpp:10:85:[m[K [01;31m[Kerror: [m[Kno matching function for call to ‘[01m[Kstd_msgs::msg::String_<std::allocator<void> >::String_(const char [17], int)[m[K’
   10 | >create_publisher<std_msgs::msg::String("/turtle1/cmd_vel",10[01;31m[K)[m[K;
      |                                                              [01;31m[K^[m[K

In file included from [01m[K/opt/ros/foxy/include/std_msgs/msg/string.hpp:7[m[K,
                 from [01m[K/home/usuario/Documentos/GitHub/IR2117/ros2_ws/src/cpp_srvcli/src/olympic_rings_client.cpp:3[m[K:
[01m[K/opt/ros/foxy/include/std_msgs/msg/detail/string__struct.hpp:44:12:[m[K [01;36m[Knote: [m[Kcandidate: ‘[01m[Kstd_msgs::msg::String_<ContainerAllocator>::String_(const ContainerAllocator&, rosidl_runtime_cpp::MessageInitialization) [with ContainerAllocator = std::allocator<void>][m[K’
   44 |   explicit [01;36m[KString_[m[K(const ContainerAllocator & _alloc, rosidl_runtime_cpp::MessageInitialization _init = rosidl_runtime_cpp::MessageInitialization::ALL)
      |            [01;36m[K^~~~~~~[m[K
[01m[K/opt/ros/foxy/include/std_msgs/msg/detail/string__struct.hpp:44:47:[m[K [01;36m[Knote: [m[K  no known conversion for argument 1 from ‘[01m[Kconst char [17][m[K’ to ‘[01m[Kconst std::allocator<void>&[m[K’
   44 |   explicit String_([01;36m[Kconst ContainerAllocator & _alloc[m[K, rosidl_runtime_cpp::MessageInitialization _init = rosidl_runtime_cpp::MessageInitialization::ALL)
      |                    [01;36m[K~~~~~~~~~~~~~~~~~~~~~~~~~~~^~~~~~[m[K
[01m[K/opt/ros/foxy/include/std_msgs/msg/detail/string__struct.hpp:35:12:[m[K [01;36m[Knote: [m[Kcandidate: ‘[01m[Kstd_msgs::msg::String_<ContainerAllocator>::String_(rosidl_runtime_cpp::MessageInitialization) [with ContainerAllocator = std::allocator<void>][m[K’
   35 |   explicit [01;36m[KString_[m[K(rosidl_runtime_cpp::MessageInitialization _init = rosidl_runtime_cpp::MessageInitialization::ALL)
      |            [01;36m[K^~~~~~~[m[K
[01m[K/opt/ros/foxy/include/std_msgs/msg/detail/string__struct.hpp:35:12:[m[K [01;36m[Knote: [m[K  candidate expects 1 argument, 2 provided
[01m[K/opt/ros/foxy/include/std_msgs/msg/detail/string__struct.hpp:31:8:[m[K [01;36m[Knote: [m[Kcandidate: ‘[01m[Kstd_msgs::msg::String_<std::allocator<void> >::String_(const std_msgs::msg::String_<std::allocator<void> >&)[m[K’
   31 | struct [01;36m[KString_[m[K
      |        [01;36m[K^~~~~~~[m[K
[01m[K/opt/ros/foxy/include/std_msgs/msg/detail/string__struct.hpp:31:8:[m[K [01;36m[Knote: [m[K  candidate expects 1 argument, 2 provided
[01m[K/opt/ros/foxy/include/std_msgs/msg/detail/string__struct.hpp:31:8:[m[K [01;36m[Knote: [m[Kcandidate: ‘[01m[Kstd_msgs::msg::String_<std::allocator<void> >::String_(std_msgs::msg::String_<std::allocator<void> >&&)[m[K’
[01m[K/opt/ros/foxy/include/std_msgs/msg/detail/string__struct.hpp:31:8:[m[K [01;36m[Knote: [m[K  candidate expects 1 argument, 2 provided
[01m[K/home/usuario/Documentos/GitHub/IR2117/ros2_ws/src/cpp_srvcli/src/olympic_rings_client.cpp:10:25:[m[K [01;31m[Kerror: [m[Kparse error in template argument list
   10 |  auto publisher = node->[01;31m[Kcreate_publisher<std_msgs::msg::String("/turtle1/cmd_vel",10)[m[K;
      |                         [01;31m[K^~~~~~~~~~~~~~~~~~~~~~~~~~~~~~~~~~~~~~~~~~~~~~~~~~~~~~~~~~~~~[m[K
[01m[K/home/usuario/Documentos/GitHub/IR2117/ros2_ws/src/cpp_srvcli/src/olympic_rings_client.cpp:10:25:[m[K [01;31m[Kerror: [m[Kunable to deduce ‘[01m[Kauto[m[K’ from ‘[01m[K((std::__shared_ptr_access<rclcpp::Node, __gnu_cxx::_S_atomic, false, false>*)(& node))->std::__shared_ptr_access<rclcpp::Node, __gnu_cxx::_S_atomic, false, false>::operator->()->create_publisher<<expression error> >[m[K’
[01m[K/home/usuario/Documentos/GitHub/IR2117/ros2_ws/src/cpp_srvcli/src/olympic_rings_client.cpp:10:25:[m[K [01;36m[Knote: [m[K  couldn’t deduce template parameter ‘[01m[Kauto[m[K’
make[2]: *** [CMakeFiles/rings.dir/build.make:63: CMakeFiles/rings.dir/src/olympic_rings_client.cpp.o] Error 1
make[1]: *** [CMakeFiles/Makefile2:82: CMakeFiles/rings.dir/all] Error 2
make[1]: *** Se espera a que terminen otras tareas....
[ 66%] [32m[1mLinking CXX executable server[0m
[ 83%] [32m[1mLinking CXX executable client[0m
[ 83%] Built target server
[ 83%] Built target client
make: *** [Makefile:141: all] Error 2
