[0.032s] Invoking command in '/home/usuario/Documentos/GitHub/IR2117/ros2_ws/build/cpp_srvcli': CMAKE_PREFIX_PATH=/opt/ros/foxy /usr/bin/cmake /home/usuario/Documentos/GitHub/IR2117/ros2_ws/src/cpp_srvcli -DCMAKE_INSTALL_PREFIX=/home/usuario/Documentos/GitHub/IR2117/ros2_ws/install/cpp_srvcli
[0.201s] -- The C compiler identification is GNU 9.4.0
[0.306s] -- The CXX compiler identification is GNU 9.4.0
[0.311s] -- Check for working C compiler: /usr/bin/cc
[0.366s] -- Check for working C compiler: /usr/bin/cc -- works
[0.367s] -- Detecting C compiler ABI info
[0.422s] -- Detecting C compiler ABI info - done
[0.431s] -- Detecting C compile features
[0.431s] -- Detecting C compile features - done
[0.434s] -- Check for working CXX compiler: /usr/bin/c++
[0.498s] -- Check for working CXX compiler: /usr/bin/c++ -- works
[0.499s] -- Detecting CXX compiler ABI info
[0.562s] -- Detecting CXX compiler ABI info - done
[0.572s] -- Detecting CXX compile features
[0.572s] -- Detecting CXX compile features - done
[0.576s] -- Found ament_cmake: 0.9.11 (/opt/ros/foxy/share/ament_cmake/cmake)
[0.598s] -- Found PythonInterp: /usr/bin/python3 (found suitable version "3.8.10", minimum required is "3") 
[0.598s] -- Using PYTHON_EXECUTABLE: /usr/bin/python3
[0.761s] -- Found rclcpp: 2.4.2 (/opt/ros/foxy/share/rclcpp/cmake)
[0.795s] -- Using all available rosidl_typesupport_c: rosidl_typesupport_fastrtps_c;rosidl_typesupport_introspection_c
[0.800s] -- Found rosidl_adapter: 1.3.0 (/opt/ros/foxy/share/rosidl_adapter/cmake)
[0.858s] -- Found OpenSSL: /usr/lib/x86_64-linux-gnu/libcrypto.so (found version "1.1.1f")  
[0.883s] -- Found FastRTPS: /opt/ros/foxy/include  
[0.943s] -- Using all available rosidl_typesupport_cpp: rosidl_typesupport_fastrtps_cpp;rosidl_typesupport_introspection_cpp
[0.982s] -- Found rmw_implementation_cmake: 1.0.3 (/opt/ros/foxy/share/rmw_implementation_cmake/cmake)
[0.983s] -- Using RMW implementation 'rmw_fastrtps_cpp' as default
[0.985s] -- Looking for pthread.h
[1.043s] -- Looking for pthread.h - found
[1.043s] -- Performing Test CMAKE_HAVE_LIBC_PTHREAD
[1.099s] -- Performing Test CMAKE_HAVE_LIBC_PTHREAD - Failed
[1.100s] -- Looking for pthread_create in pthreads
[1.146s] -- Looking for pthread_create in pthreads - not found
[1.148s] -- Looking for pthread_create in pthread
[1.201s] -- Looking for pthread_create in pthread - found
[1.202s] -- Found Threads: TRUE  
[1.310s] -- Found example_interfaces: 0.9.1 (/opt/ros/foxy/share/example_interfaces/cmake)
[1.400s] -- Found geometry_msgs: 2.0.5 (/opt/ros/foxy/share/geometry_msgs/cmake)
[1.434s] -- Found ament_lint_auto: 0.9.7 (/opt/ros/foxy/share/ament_lint_auto/cmake)
[1.503s] -- Added test 'copyright' to check source files copyright and LICENSE
[1.503s] -- Added test 'cppcheck' to perform static code analysis on C / C++ code
[1.503s] -- Configured cppcheck include dirs: 
[1.503s] -- Configured cppcheck exclude dirs and/or files: 
[1.504s] -- Added test 'cpplint' to check C / C++ code against the Google style
[1.504s] -- Configured cpplint exclude dirs and/or files: 
[1.505s] -- Added test 'lint_cmake' to check CMake code style
[1.505s] -- Added test 'uncrustify' to check C / C++ code style
[1.505s] -- Configured uncrustify additional arguments: 
[1.506s] -- Added test 'xmllint' to check XML markup files
[1.508s] -- Configuring done
[1.521s] -- Generating done
[1.523s] -- Build files have been written to: /home/usuario/Documentos/GitHub/IR2117/ros2_ws/build/cpp_srvcli
[1.531s] Invoked command in '/home/usuario/Documentos/GitHub/IR2117/ros2_ws/build/cpp_srvcli' returned '0': CMAKE_PREFIX_PATH=/opt/ros/foxy /usr/bin/cmake /home/usuario/Documentos/GitHub/IR2117/ros2_ws/src/cpp_srvcli -DCMAKE_INSTALL_PREFIX=/home/usuario/Documentos/GitHub/IR2117/ros2_ws/install/cpp_srvcli
[1.533s] Invoking command in '/home/usuario/Documentos/GitHub/IR2117/ros2_ws/build/cpp_srvcli': CMAKE_PREFIX_PATH=/opt/ros/foxy /usr/bin/cmake --build /home/usuario/Documentos/GitHub/IR2117/ros2_ws/build/cpp_srvcli -- -j6 -l6
[1.568s] [35m[1mScanning dependencies of target client[0m
[1.568s] [35m[1mScanning dependencies of target rings[0m
[1.573s] [35m[1mScanning dependencies of target server[0m
[1.595s] [ 16%] [32mBuilding CXX object CMakeFiles/client.dir/src/add_two_ints_client.cpp.o[0m
[1.598s] [ 33%] [32mBuilding CXX object CMakeFiles/server.dir/src/add_two_ints_server.cpp.o[0m
[1.601s] [ 50%] [32mBuilding CXX object CMakeFiles/rings.dir/src/olympic_rings_client.cpp.o[0m
[2.534s] [01m[K/home/usuario/Documentos/GitHub/IR2117/ros2_ws/src/cpp_srvcli/src/olympic_rings_client.cpp:[m[K In function ‘[01m[Kint main(int, char**)[m[K’:
[2.534s] [01m[K/home/usuario/Documentos/GitHub/IR2117/ros2_ws/src/cpp_srvcli/src/olympic_rings_client.cpp:10:85:[m[K [01;31m[Kerror: [m[Kno matching function for call to ‘[01m[Kstd_msgs::msg::String_<std::allocator<void> >::String_(const char [17], int)[m[K’
[2.534s]    10 | >create_publisher<std_msgs::msg::String("/turtle1/cmd_vel",10[01;31m[K)[m[K;
[2.534s]       |                                                              [01;31m[K^[m[K
[2.534s] 
[2.534s] In file included from [01m[K/opt/ros/foxy/include/std_msgs/msg/string.hpp:7[m[K,
[2.534s]                  from [01m[K/home/usuario/Documentos/GitHub/IR2117/ros2_ws/src/cpp_srvcli/src/olympic_rings_client.cpp:3[m[K:
[2.534s] [01m[K/opt/ros/foxy/include/std_msgs/msg/detail/string__struct.hpp:44:12:[m[K [01;36m[Knote: [m[Kcandidate: ‘[01m[Kstd_msgs::msg::String_<ContainerAllocator>::String_(const ContainerAllocator&, rosidl_runtime_cpp::MessageInitialization) [with ContainerAllocator = std::allocator<void>][m[K’
[2.534s]    44 |   explicit [01;36m[KString_[m[K(const ContainerAllocator & _alloc, rosidl_runtime_cpp::MessageInitialization _init = rosidl_runtime_cpp::MessageInitialization::ALL)
[2.534s]       |            [01;36m[K^~~~~~~[m[K
[2.534s] [01m[K/opt/ros/foxy/include/std_msgs/msg/detail/string__struct.hpp:44:47:[m[K [01;36m[Knote: [m[K  no known conversion for argument 1 from ‘[01m[Kconst char [17][m[K’ to ‘[01m[Kconst std::allocator<void>&[m[K’
[2.534s]    44 |   explicit String_([01;36m[Kconst ContainerAllocator & _alloc[m[K, rosidl_runtime_cpp::MessageInitialization _init = rosidl_runtime_cpp::MessageInitialization::ALL)
[2.534s]       |                    [01;36m[K~~~~~~~~~~~~~~~~~~~~~~~~~~~^~~~~~[m[K
[2.534s] [01m[K/opt/ros/foxy/include/std_msgs/msg/detail/string__struct.hpp:35:12:[m[K [01;36m[Knote: [m[Kcandidate: ‘[01m[Kstd_msgs::msg::String_<ContainerAllocator>::String_(rosidl_runtime_cpp::MessageInitialization) [with ContainerAllocator = std::allocator<void>][m[K’
[2.534s]    35 |   explicit [01;36m[KString_[m[K(rosidl_runtime_cpp::MessageInitialization _init = rosidl_runtime_cpp::MessageInitialization::ALL)
[2.534s]       |            [01;36m[K^~~~~~~[m[K
[2.534s] [01m[K/opt/ros/foxy/include/std_msgs/msg/detail/string__struct.hpp:35:12:[m[K [01;36m[Knote: [m[K  candidate expects 1 argument, 2 provided
[2.535s] [01m[K/opt/ros/foxy/include/std_msgs/msg/detail/string__struct.hpp:31:8:[m[K [01;36m[Knote: [m[Kcandidate: ‘[01m[Kstd_msgs::msg::String_<std::allocator<void> >::String_(const std_msgs::msg::String_<std::allocator<void> >&)[m[K’
[2.535s]    31 | struct [01;36m[KString_[m[K
[2.535s]       |        [01;36m[K^~~~~~~[m[K
[2.535s] [01m[K/opt/ros/foxy/include/std_msgs/msg/detail/string__struct.hpp:31:8:[m[K [01;36m[Knote: [m[K  candidate expects 1 argument, 2 provided
[2.535s] [01m[K/opt/ros/foxy/include/std_msgs/msg/detail/string__struct.hpp:31:8:[m[K [01;36m[Knote: [m[Kcandidate: ‘[01m[Kstd_msgs::msg::String_<std::allocator<void> >::String_(std_msgs::msg::String_<std::allocator<void> >&&)[m[K’
[2.535s] [01m[K/opt/ros/foxy/include/std_msgs/msg/detail/string__struct.hpp:31:8:[m[K [01;36m[Knote: [m[K  candidate expects 1 argument, 2 provided
[2.535s] [01m[K/home/usuario/Documentos/GitHub/IR2117/ros2_ws/src/cpp_srvcli/src/olympic_rings_client.cpp:10:25:[m[K [01;31m[Kerror: [m[Kparse error in template argument list
[2.535s]    10 |  auto publisher = node->[01;31m[Kcreate_publisher<std_msgs::msg::String("/turtle1/cmd_vel",10)[m[K;
[2.535s]       |                         [01;31m[K^~~~~~~~~~~~~~~~~~~~~~~~~~~~~~~~~~~~~~~~~~~~~~~~~~~~~~~~~~~~~[m[K
[2.535s] [01m[K/home/usuario/Documentos/GitHub/IR2117/ros2_ws/src/cpp_srvcli/src/olympic_rings_client.cpp:10:25:[m[K [01;31m[Kerror: [m[Kunable to deduce ‘[01m[Kauto[m[K’ from ‘[01m[K((std::__shared_ptr_access<rclcpp::Node, __gnu_cxx::_S_atomic, false, false>*)(& node))->std::__shared_ptr_access<rclcpp::Node, __gnu_cxx::_S_atomic, false, false>::operator->()->create_publisher<<expression error> >[m[K’
[2.535s] [01m[K/home/usuario/Documentos/GitHub/IR2117/ros2_ws/src/cpp_srvcli/src/olympic_rings_client.cpp:10:25:[m[K [01;36m[Knote: [m[K  couldn’t deduce template parameter ‘[01m[Kauto[m[K’
[2.821s] make[2]: *** [CMakeFiles/rings.dir/build.make:63: CMakeFiles/rings.dir/src/olympic_rings_client.cpp.o] Error 1
[2.821s] make[1]: *** [CMakeFiles/Makefile2:82: CMakeFiles/rings.dir/all] Error 2
[2.821s] make[1]: *** Se espera a que terminen otras tareas....
[3.135s] [ 66%] [32m[1mLinking CXX executable server[0m
[3.298s] [ 83%] [32m[1mLinking CXX executable client[0m
[3.321s] [ 83%] Built target server
[3.476s] [ 83%] Built target client
[3.477s] make: *** [Makefile:141: all] Error 2
[3.478s] Invoked command in '/home/usuario/Documentos/GitHub/IR2117/ros2_ws/build/cpp_srvcli' returned '2': CMAKE_PREFIX_PATH=/opt/ros/foxy /usr/bin/cmake --build /home/usuario/Documentos/GitHub/IR2117/ros2_ws/build/cpp_srvcli -- -j6 -l6
