[0.027s] Invoking command in '/home/usuario/Documentos/GitHub/IR2117/tb3_ws/build/olympic': CMAKE_PREFIX_PATH=/opt/ros/foxy /usr/bin/cmake --build /home/usuario/Documentos/GitHub/IR2117/tb3_ws/build/olympic -- -j6 -l6
[0.068s] [ 50%] [32mBuilding CXX object CMakeFiles/rings.dir/src/rings.cpp.o[0m
[3.847s] [100%] [32m[1mLinking CXX executable rings[0m
[5.507s] [100%] Built target rings
[5.630s] Invoked command in '/home/usuario/Documentos/GitHub/IR2117/tb3_ws/build/olympic' returned '0': CMAKE_PREFIX_PATH=/opt/ros/foxy /usr/bin/cmake --build /home/usuario/Documentos/GitHub/IR2117/tb3_ws/build/olympic -- -j6 -l6
[5.665s] Invoking command in '/home/usuario/Documentos/GitHub/IR2117/tb3_ws/build/olympic': CMAKE_PREFIX_PATH=/opt/ros/foxy /usr/bin/cmake --install /home/usuario/Documentos/GitHub/IR2117/tb3_ws/build/olympic
[5.677s] -- Install configuration: ""
[5.677s] -- Installing: /home/usuario/Documentos/GitHub/IR2117/tb3_ws/install/olympic/lib/olympic/rings
[5.689s] -- Set runtime path of "/home/usuario/Documentos/GitHub/IR2117/tb3_ws/install/olympic/lib/olympic/rings" to ""
[5.689s] -- Up-to-date: /home/usuario/Documentos/GitHub/IR2117/tb3_ws/install/olympic/share/ament_index/resource_index/package_run_dependencies/olympic
[5.690s] -- Up-to-date: /home/usuario/Documentos/GitHub/IR2117/tb3_ws/install/olympic/share/ament_index/resource_index/parent_prefix_path/olympic
[5.690s] -- Installing: /home/usuario/Documentos/GitHub/IR2117/tb3_ws/install/olympic/share/olympic/environment/ament_prefix_path.sh
[5.690s] -- Installing: /home/usuario/Documentos/GitHub/IR2117/tb3_ws/install/olympic/share/olympic/environment/ament_prefix_path.dsv
[5.690s] -- Installing: /home/usuario/Documentos/GitHub/IR2117/tb3_ws/install/olympic/share/olympic/environment/path.sh
[5.691s] -- Installing: /home/usuario/Documentos/GitHub/IR2117/tb3_ws/install/olympic/share/olympic/environment/path.dsv
[5.692s] -- Up-to-date: /home/usuario/Documentos/GitHub/IR2117/tb3_ws/install/olympic/share/olympic/local_setup.bash
[5.692s] -- Up-to-date: /home/usuario/Documentos/GitHub/IR2117/tb3_ws/install/olympic/share/olympic/local_setup.sh
[5.692s] -- Up-to-date: /home/usuario/Documentos/GitHub/IR2117/tb3_ws/install/olympic/share/olympic/local_setup.zsh
[5.693s] -- Installing: /home/usuario/Documentos/GitHub/IR2117/tb3_ws/install/olympic/share/olympic/local_setup.dsv
[5.693s] -- Installing: /home/usuario/Documentos/GitHub/IR2117/tb3_ws/install/olympic/share/olympic/package.dsv
[5.694s] -- Up-to-date: /home/usuario/Documentos/GitHub/IR2117/tb3_ws/install/olympic/share/ament_index/resource_index/packages/olympic
[5.694s] -- Up-to-date: /home/usuario/Documentos/GitHub/IR2117/tb3_ws/install/olympic/share/olympic/cmake/olympicConfig.cmake
[5.694s] -- Up-to-date: /home/usuario/Documentos/GitHub/IR2117/tb3_ws/install/olympic/share/olympic/cmake/olympicConfig-version.cmake
[5.694s] -- Up-to-date: /home/usuario/Documentos/GitHub/IR2117/tb3_ws/install/olympic/share/olympic/package.xml
[5.703s] Invoked command in '/home/usuario/Documentos/GitHub/IR2117/tb3_ws/build/olympic' returned '0': CMAKE_PREFIX_PATH=/opt/ros/foxy /usr/bin/cmake --install /home/usuario/Documentos/GitHub/IR2117/tb3_ws/build/olympic
