[0.024s] Invoking command in '/home/usuario/Documentos/GitHub/IR2117/tb3_ws/src/build/obstacles': CMAKE_PREFIX_PATH=/opt/ros/foxy /usr/bin/cmake --build /home/usuario/Documentos/GitHub/IR2117/tb3_ws/src/build/obstacles -- -j6 -l6
[0.045s] -- Found ament_cmake: 0.9.11 (/opt/ros/foxy/share/ament_cmake/cmake)
[0.061s] -- Using PYTHON_EXECUTABLE: /usr/bin/python3
[0.215s] -- Found rclcpp: 2.4.2 (/opt/ros/foxy/share/rclcpp/cmake)
[0.243s] -- Using all available rosidl_typesupport_c: rosidl_typesupport_fastrtps_c;rosidl_typesupport_introspection_c
[0.245s] -- Found rosidl_adapter: 1.3.0 (/opt/ros/foxy/share/rosidl_adapter/cmake)
[0.337s] -- Using all available rosidl_typesupport_cpp: rosidl_typesupport_fastrtps_cpp;rosidl_typesupport_introspection_cpp
[0.372s] -- Found rmw_implementation_cmake: 1.0.3 (/opt/ros/foxy/share/rmw_implementation_cmake/cmake)
[0.373s] -- Using RMW implementation 'rmw_fastrtps_cpp' as default
[0.475s] -- Found sensor_msgs: 2.0.5 (/opt/ros/foxy/share/sensor_msgs/cmake)
[0.568s] -- Found example_interfaces: 0.9.1 (/opt/ros/foxy/share/example_interfaces/cmake)
[0.648s] -- Found ament_lint_auto: 0.9.7 (/opt/ros/foxy/share/ament_lint_auto/cmake)
[0.700s] -- Added test 'copyright' to check source files copyright and LICENSE
[0.703s] -- Added test 'cppcheck' to perform static code analysis on C / C++ code
[0.703s] -- Configured cppcheck include dirs: 
[0.703s] -- Configured cppcheck exclude dirs and/or files: 
[0.706s] -- Added test 'cpplint' to check C / C++ code against the Google style
[0.706s] -- Configured cpplint exclude dirs and/or files: 
[0.707s] -- Added test 'flake8' to check Python code syntax and style conventions
[0.708s] -- Added test 'lint_cmake' to check CMake code style
[0.709s] -- Added test 'pep257' to check Python code against some of the style conventions in PEP 257
[0.713s] -- Added test 'uncrustify' to check C / C++ code style
[0.713s] -- Configured uncrustify additional arguments: 
[0.714s] -- Added test 'xmllint' to check XML markup files
[0.716s] -- Configuring done
[0.732s] -- Generating done
[0.734s] -- Build files have been written to: /home/usuario/Documentos/GitHub/IR2117/tb3_ws/src/build/obstacles
[0.755s] [35m[1mScanning dependencies of target avoidance[0m
[0.761s] [35m[1mScanning dependencies of target detector[0m
[0.788s] [ 25%] [32mBuilding CXX object CMakeFiles/detector.dir/src/detector.cpp.o[0m
[0.805s] [ 50%] [32mBuilding CXX object CMakeFiles/avoidance.dir/src/avoidance.cpp.o[0m
[4.775s] [ 75%] [32m[1mLinking CXX executable avoidance[0m
[4.783s] [100%] [32m[1mLinking CXX executable detector[0m
[5.407s] [100%] Built target avoidance
[5.412s] [100%] Built target detector
[5.420s] Invoked command in '/home/usuario/Documentos/GitHub/IR2117/tb3_ws/src/build/obstacles' returned '0': CMAKE_PREFIX_PATH=/opt/ros/foxy /usr/bin/cmake --build /home/usuario/Documentos/GitHub/IR2117/tb3_ws/src/build/obstacles -- -j6 -l6
[5.440s] Invoking command in '/home/usuario/Documentos/GitHub/IR2117/tb3_ws/src/build/obstacles': CMAKE_PREFIX_PATH=/opt/ros/foxy /usr/bin/cmake --install /home/usuario/Documentos/GitHub/IR2117/tb3_ws/src/build/obstacles
[5.446s] -- Install configuration: ""
[5.449s] -- Installing: /home/usuario/Documentos/GitHub/IR2117/tb3_ws/src/install/obstacles/lib/obstacles/detector
[5.467s] -- Set runtime path of "/home/usuario/Documentos/GitHub/IR2117/tb3_ws/src/install/obstacles/lib/obstacles/detector" to ""
[5.467s] -- Installing: /home/usuario/Documentos/GitHub/IR2117/tb3_ws/src/install/obstacles/lib/obstacles/avoidance
[5.485s] -- Set runtime path of "/home/usuario/Documentos/GitHub/IR2117/tb3_ws/src/install/obstacles/lib/obstacles/avoidance" to ""
[5.485s] -- Up-to-date: /home/usuario/Documentos/GitHub/IR2117/tb3_ws/src/install/obstacles/share/obstacles/launch
[5.485s] -- Up-to-date: /home/usuario/Documentos/GitHub/IR2117/tb3_ws/src/install/obstacles/share/obstacles/launch/detector_test.launch.py
[5.485s] -- Up-to-date: /home/usuario/Documentos/GitHub/IR2117/tb3_ws/src/install/obstacles/share/obstacles/launch/triple_detector.launch.py
[5.485s] -- Up-to-date: /home/usuario/Documentos/GitHub/IR2117/tb3_ws/src/install/obstacles/share/ament_index/resource_index/package_run_dependencies/obstacles
[5.485s] -- Up-to-date: /home/usuario/Documentos/GitHub/IR2117/tb3_ws/src/install/obstacles/share/ament_index/resource_index/parent_prefix_path/obstacles
[5.485s] -- Installing: /home/usuario/Documentos/GitHub/IR2117/tb3_ws/src/install/obstacles/share/obstacles/environment/ament_prefix_path.sh
[5.485s] -- Installing: /home/usuario/Documentos/GitHub/IR2117/tb3_ws/src/install/obstacles/share/obstacles/environment/ament_prefix_path.dsv
[5.486s] -- Installing: /home/usuario/Documentos/GitHub/IR2117/tb3_ws/src/install/obstacles/share/obstacles/environment/path.sh
[5.486s] -- Installing: /home/usuario/Documentos/GitHub/IR2117/tb3_ws/src/install/obstacles/share/obstacles/environment/path.dsv
[5.486s] -- Up-to-date: /home/usuario/Documentos/GitHub/IR2117/tb3_ws/src/install/obstacles/share/obstacles/local_setup.bash
[5.486s] -- Up-to-date: /home/usuario/Documentos/GitHub/IR2117/tb3_ws/src/install/obstacles/share/obstacles/local_setup.sh
[5.486s] -- Up-to-date: /home/usuario/Documentos/GitHub/IR2117/tb3_ws/src/install/obstacles/share/obstacles/local_setup.zsh
[5.487s] -- Installing: /home/usuario/Documentos/GitHub/IR2117/tb3_ws/src/install/obstacles/share/obstacles/local_setup.dsv
[5.487s] -- Installing: /home/usuario/Documentos/GitHub/IR2117/tb3_ws/src/install/obstacles/share/obstacles/package.dsv
[5.487s] -- Up-to-date: /home/usuario/Documentos/GitHub/IR2117/tb3_ws/src/install/obstacles/share/ament_index/resource_index/packages/obstacles
[5.487s] -- Up-to-date: /home/usuario/Documentos/GitHub/IR2117/tb3_ws/src/install/obstacles/share/obstacles/cmake/obstaclesConfig.cmake
[5.487s] -- Up-to-date: /home/usuario/Documentos/GitHub/IR2117/tb3_ws/src/install/obstacles/share/obstacles/cmake/obstaclesConfig-version.cmake
[5.487s] -- Up-to-date: /home/usuario/Documentos/GitHub/IR2117/tb3_ws/src/install/obstacles/share/obstacles/package.xml
[5.492s] Invoked command in '/home/usuario/Documentos/GitHub/IR2117/tb3_ws/src/build/obstacles' returned '0': CMAKE_PREFIX_PATH=/opt/ros/foxy /usr/bin/cmake --install /home/usuario/Documentos/GitHub/IR2117/tb3_ws/src/build/obstacles
