[0.043s] Invoking command in '/home/usuario/Documentos/GitHub/IR2117/tb3_ws/build/obstacles': CMAKE_PREFIX_PATH=/opt/ros/foxy /usr/bin/cmake --build /home/usuario/Documentos/GitHub/IR2117/tb3_ws/build/obstacles -- -j6 -l6
[0.064s] -- Found ament_cmake: 0.9.11 (/opt/ros/foxy/share/ament_cmake/cmake)
[0.081s] -- Using PYTHON_EXECUTABLE: /usr/bin/python3
[0.226s] -- Found rclcpp: 2.4.2 (/opt/ros/foxy/share/rclcpp/cmake)
[0.250s] -- Using all available rosidl_typesupport_c: rosidl_typesupport_fastrtps_c;rosidl_typesupport_introspection_c
[0.253s] -- Found rosidl_adapter: 1.3.0 (/opt/ros/foxy/share/rosidl_adapter/cmake)
[0.345s] -- Using all available rosidl_typesupport_cpp: rosidl_typesupport_fastrtps_cpp;rosidl_typesupport_introspection_cpp
[0.380s] -- Found rmw_implementation_cmake: 1.0.3 (/opt/ros/foxy/share/rmw_implementation_cmake/cmake)
[0.381s] -- Using RMW implementation 'rmw_fastrtps_cpp' as default
[0.483s] -- Found sensor_msgs: 2.0.5 (/opt/ros/foxy/share/sensor_msgs/cmake)
[0.564s] -- Found example_interfaces: 0.9.1 (/opt/ros/foxy/share/example_interfaces/cmake)
[0.641s] -- Found ament_lint_auto: 0.9.7 (/opt/ros/foxy/share/ament_lint_auto/cmake)
[0.694s] -- Added test 'copyright' to check source files copyright and LICENSE
[0.698s] -- Added test 'cppcheck' to perform static code analysis on C / C++ code
[0.698s] -- Configured cppcheck include dirs: 
[0.698s] -- Configured cppcheck exclude dirs and/or files: 
[0.702s] -- Added test 'cpplint' to check C / C++ code against the Google style
[0.702s] -- Configured cpplint exclude dirs and/or files: 
[0.703s] -- Added test 'flake8' to check Python code syntax and style conventions
[0.704s] -- Added test 'lint_cmake' to check CMake code style
[0.704s] -- Added test 'pep257' to check Python code against some of the style conventions in PEP 257
[0.708s] -- Added test 'uncrustify' to check C / C++ code style
[0.708s] -- Configured uncrustify additional arguments: 
[0.709s] -- Added test 'xmllint' to check XML markup files
[0.712s] -- Configuring done
[0.728s] -- Generating done
[0.731s] -- Build files have been written to: /home/usuario/Documentos/GitHub/IR2117/tb3_ws/build/obstacles
[0.754s] [35m[1mScanning dependencies of target detector[0m
[0.762s] [35m[1mScanning dependencies of target avoidance[0m
[0.778s] [ 25%] [32mBuilding CXX object CMakeFiles/detector.dir/src/detector.cpp.o[0m
[0.795s] [ 50%] [32mBuilding CXX object CMakeFiles/avoidance.dir/src/avoidance.cpp.o[0m
[4.815s] [ 75%] [32m[1mLinking CXX executable detector[0m
[4.837s] [100%] [32m[1mLinking CXX executable avoidance[0m
[5.343s] [100%] Built target avoidance
[5.349s] [100%] Built target detector
[5.355s] Invoked command in '/home/usuario/Documentos/GitHub/IR2117/tb3_ws/build/obstacles' returned '0': CMAKE_PREFIX_PATH=/opt/ros/foxy /usr/bin/cmake --build /home/usuario/Documentos/GitHub/IR2117/tb3_ws/build/obstacles -- -j6 -l6
[5.373s] Invoking command in '/home/usuario/Documentos/GitHub/IR2117/tb3_ws/build/obstacles': CMAKE_PREFIX_PATH=/opt/ros/foxy /usr/bin/cmake --install /home/usuario/Documentos/GitHub/IR2117/tb3_ws/build/obstacles
[5.379s] -- Install configuration: ""
[5.382s] -- Installing: /home/usuario/Documentos/GitHub/IR2117/tb3_ws/install/obstacles/lib/obstacles/detector
[5.401s] -- Set runtime path of "/home/usuario/Documentos/GitHub/IR2117/tb3_ws/install/obstacles/lib/obstacles/detector" to ""
[5.408s] -- Installing: /home/usuario/Documentos/GitHub/IR2117/tb3_ws/install/obstacles/lib/obstacles/avoidance
[5.421s] -- Set runtime path of "/home/usuario/Documentos/GitHub/IR2117/tb3_ws/install/obstacles/lib/obstacles/avoidance" to ""
[5.421s] -- Up-to-date: /home/usuario/Documentos/GitHub/IR2117/tb3_ws/install/obstacles/share/obstacles/launch
[5.421s] -- Up-to-date: /home/usuario/Documentos/GitHub/IR2117/tb3_ws/install/obstacles/share/obstacles/launch/detector_test.launch.py
[5.422s] -- Up-to-date: /home/usuario/Documentos/GitHub/IR2117/tb3_ws/install/obstacles/share/obstacles/launch/triple_detector.launch.py
[5.422s] -- Up-to-date: /home/usuario/Documentos/GitHub/IR2117/tb3_ws/install/obstacles/share/ament_index/resource_index/package_run_dependencies/obstacles
[5.422s] -- Up-to-date: /home/usuario/Documentos/GitHub/IR2117/tb3_ws/install/obstacles/share/ament_index/resource_index/parent_prefix_path/obstacles
[5.422s] -- Installing: /home/usuario/Documentos/GitHub/IR2117/tb3_ws/install/obstacles/share/obstacles/environment/ament_prefix_path.sh
[5.422s] -- Installing: /home/usuario/Documentos/GitHub/IR2117/tb3_ws/install/obstacles/share/obstacles/environment/ament_prefix_path.dsv
[5.422s] -- Installing: /home/usuario/Documentos/GitHub/IR2117/tb3_ws/install/obstacles/share/obstacles/environment/path.sh
[5.422s] -- Installing: /home/usuario/Documentos/GitHub/IR2117/tb3_ws/install/obstacles/share/obstacles/environment/path.dsv
[5.423s] -- Up-to-date: /home/usuario/Documentos/GitHub/IR2117/tb3_ws/install/obstacles/share/obstacles/local_setup.bash
[5.423s] -- Up-to-date: /home/usuario/Documentos/GitHub/IR2117/tb3_ws/install/obstacles/share/obstacles/local_setup.sh
[5.423s] -- Up-to-date: /home/usuario/Documentos/GitHub/IR2117/tb3_ws/install/obstacles/share/obstacles/local_setup.zsh
[5.423s] -- Installing: /home/usuario/Documentos/GitHub/IR2117/tb3_ws/install/obstacles/share/obstacles/local_setup.dsv
[5.423s] -- Installing: /home/usuario/Documentos/GitHub/IR2117/tb3_ws/install/obstacles/share/obstacles/package.dsv
[5.424s] -- Up-to-date: /home/usuario/Documentos/GitHub/IR2117/tb3_ws/install/obstacles/share/ament_index/resource_index/packages/obstacles
[5.424s] -- Up-to-date: /home/usuario/Documentos/GitHub/IR2117/tb3_ws/install/obstacles/share/obstacles/cmake/obstaclesConfig.cmake
[5.424s] -- Up-to-date: /home/usuario/Documentos/GitHub/IR2117/tb3_ws/install/obstacles/share/obstacles/cmake/obstaclesConfig-version.cmake
[5.424s] -- Up-to-date: /home/usuario/Documentos/GitHub/IR2117/tb3_ws/install/obstacles/share/obstacles/package.xml
[5.428s] Invoked command in '/home/usuario/Documentos/GitHub/IR2117/tb3_ws/build/obstacles' returned '0': CMAKE_PREFIX_PATH=/opt/ros/foxy /usr/bin/cmake --install /home/usuario/Documentos/GitHub/IR2117/tb3_ws/build/obstacles
