Performing C SOURCE FILE Test CMAKE_HAVE_LIBC_PTHREAD failed with the following output:
Change Dir: /home/usuario/Documentos/GitHub/IR2117/ros2_ws/src/build/learning_tf2_cpp/CMakeFiles/CMakeTmp

Run Build Command(s):/usr/bin/make cmTC_9220c/fast && /usr/bin/make -f CMakeFiles/cmTC_9220c.dir/build.make CMakeFiles/cmTC_9220c.dir/build
make[1]: se entra en el directorio '/home/usuario/Documentos/GitHub/IR2117/ros2_ws/src/build/learning_tf2_cpp/CMakeFiles/CMakeTmp'
Building C object CMakeFiles/cmTC_9220c.dir/src.c.o
/usr/bin/cc   -DCMAKE_HAVE_LIBC_PTHREAD   -o CMakeFiles/cmTC_9220c.dir/src.c.o   -c /home/usuario/Documentos/GitHub/IR2117/ros2_ws/src/build/learning_tf2_cpp/CMakeFiles/CMakeTmp/src.c
Linking C executable cmTC_9220c
/usr/bin/cmake -E cmake_link_script CMakeFiles/cmTC_9220c.dir/link.txt --verbose=1
/usr/bin/cc  -DCMAKE_HAVE_LIBC_PTHREAD    CMakeFiles/cmTC_9220c.dir/src.c.o  -o cmTC_9220c 
/usr/bin/ld: CMakeFiles/cmTC_9220c.dir/src.c.o: en la función `main':
src.c:(.text+0x46): referencia a `pthread_create' sin definir
/usr/bin/ld: src.c:(.text+0x52): referencia a `pthread_detach' sin definir
/usr/bin/ld: src.c:(.text+0x63): referencia a `pthread_join' sin definir
collect2: error: ld returned 1 exit status
make[1]: *** [CMakeFiles/cmTC_9220c.dir/build.make:87: cmTC_9220c] Error 1
make[1]: se sale del directorio '/home/usuario/Documentos/GitHub/IR2117/ros2_ws/src/build/learning_tf2_cpp/CMakeFiles/CMakeTmp'
make: *** [Makefile:121: cmTC_9220c/fast] Error 2


Source file was:
#include <pthread.h>

void* test_func(void* data)
{
  return data;
}

int main(void)
{
  pthread_t thread;
  pthread_create(&thread, NULL, test_func, NULL);
  pthread_detach(thread);
  pthread_join(thread, NULL);
  pthread_atfork(NULL, NULL, NULL);
  pthread_exit(NULL);

  return 0;
}

Determining if the function pthread_create exists in the pthreads failed with the following output:
Change Dir: /home/usuario/Documentos/GitHub/IR2117/ros2_ws/src/build/learning_tf2_cpp/CMakeFiles/CMakeTmp

Run Build Command(s):/usr/bin/make cmTC_9e707/fast && /usr/bin/make -f CMakeFiles/cmTC_9e707.dir/build.make CMakeFiles/cmTC_9e707.dir/build
make[1]: se entra en el directorio '/home/usuario/Documentos/GitHub/IR2117/ros2_ws/src/build/learning_tf2_cpp/CMakeFiles/CMakeTmp'
Building C object CMakeFiles/cmTC_9e707.dir/CheckFunctionExists.c.o
/usr/bin/cc   -DCHECK_FUNCTION_EXISTS=pthread_create   -o CMakeFiles/cmTC_9e707.dir/CheckFunctionExists.c.o   -c /usr/share/cmake-3.16/Modules/CheckFunctionExists.c
Linking C executable cmTC_9e707
/usr/bin/cmake -E cmake_link_script CMakeFiles/cmTC_9e707.dir/link.txt --verbose=1
/usr/bin/cc  -DCHECK_FUNCTION_EXISTS=pthread_create    CMakeFiles/cmTC_9e707.dir/CheckFunctionExists.c.o  -o cmTC_9e707  -lpthreads 
/usr/bin/ld: no se puede encontrar -lpthreads
collect2: error: ld returned 1 exit status
make[1]: *** [CMakeFiles/cmTC_9e707.dir/build.make:87: cmTC_9e707] Error 1
make[1]: se sale del directorio '/home/usuario/Documentos/GitHub/IR2117/ros2_ws/src/build/learning_tf2_cpp/CMakeFiles/CMakeTmp'
make: *** [Makefile:121: cmTC_9e707/fast] Error 2



