[0.028s] Invoking command in '/home/usuario/Documentos/GitHub/IR2117/tb3_ws/build/olympic': CMAKE_PREFIX_PATH=${CMAKE_PREFIX_PATH}:/opt/ros/foxy /usr/bin/cmake --build /home/usuario/Documentos/GitHub/IR2117/tb3_ws/build/olympic -- -j6 -l6
[0.062s] [35m[1mScanning dependencies of target rings[0m
[0.080s] [ 50%] [32mBuilding CXX object CMakeFiles/rings.dir/src/rings.cpp.o[0m
[1.095s] [01m[K/home/usuario/Documentos/GitHub/IR2117/tb3_ws/src/olympic/src/rings.cpp:[m[K In function ‘[01m[Kint main(int, char**)[m[K’:
[1.095s] [01m[K/home/usuario/Documentos/GitHub/IR2117/tb3_ws/src/olympic/src/rings.cpp:86:8:[m[K [01;31m[Kerror: [m[Kconflicting declaration ‘[01m[Kauto setpen_request[m[K’
[1.096s]    86 |   auto [01;31m[Ksetpen_request[m[K = std::make_shared<turtlesim::srv::SetPen::Request>();
[1.096s]       |        [01;31m[K^~~~~~~~~~~~~~[m[K
[1.096s] [01m[K/home/usuario/Documentos/GitHub/IR2117/tb3_ws/src/olympic/src/rings.cpp:66:15:[m[K [01;36m[Knote: [m[Kprevious declaration as ‘[01m[Kstd::shared_ptr<turtlesim::srv::SetPen_Request_<std::allocator<void> > > setpen_request[m[K’
[1.096s]    66 |          auto [01;36m[Ksetpen_request[m[K = std::make_shared<turtlesim::srv::SetPen::Request>();
[1.096s]       |               [01;36m[K^~~~~~~~~~~~~~[m[K
[1.096s] [01m[K/home/usuario/Documentos/GitHub/IR2117/tb3_ws/src/olympic/src/rings.cpp:92:15:[m[K [01;31m[Kerror: [m[Kconflicting declaration ‘[01m[Kauto future_setpen[m[K’
[1.096s]    92 |          auto [01;31m[Kfuture_setpen[m[K = setpen->async_send_request(setpen_request);
[1.096s]       |               [01;31m[K^~~~~~~~~~~~~[m[K
[1.096s] [01m[K/home/usuario/Documentos/GitHub/IR2117/tb3_ws/src/olympic/src/rings.cpp:74:15:[m[K [01;36m[Knote: [m[Kprevious declaration as ‘[01m[Kstd::shared_future<std::shared_ptr<turtlesim::srv::SetPen_Response_<std::allocator<void> > > > future_setpen[m[K’
[1.096s]    74 |          auto [01;36m[Kfuture_setpen[m[K = setpen->async_send_request(setpen_request);
[1.096s]       |               [01;36m[K^~~~~~~~~~~~~[m[K
[2.041s] make[2]: *** [CMakeFiles/rings.dir/build.make:63: CMakeFiles/rings.dir/src/rings.cpp.o] Error 1
[2.041s] make[1]: *** [CMakeFiles/Makefile2:78: CMakeFiles/rings.dir/all] Error 2
[2.042s] make: *** [Makefile:141: all] Error 2
[2.044s] Invoked command in '/home/usuario/Documentos/GitHub/IR2117/tb3_ws/build/olympic' returned '2': CMAKE_PREFIX_PATH=${CMAKE_PREFIX_PATH}:/opt/ros/foxy /usr/bin/cmake --build /home/usuario/Documentos/GitHub/IR2117/tb3_ws/build/olympic -- -j6 -l6
