[0.023s] Invoking command in '/home/usuario/Documentos/GitHub/IR2117/ros2_ws/build/action_tutorials_cpp': CMAKE_PREFIX_PATH=/home/usuario/Documentos/GitHub/IR2117/ros2_ws/install/action_tutorials_interfaces:/home/usuario/Documentos/GitHub/IR2117/ros2_ws/install/examples_topics:/home/usuario/Documentos/GitHub/IR2117/ros2_ws/install/examples_sum:/home/usuario/Documentos/GitHub/IR2117/ros2_ws/install/cpp_srvcli:/opt/ros/foxy /usr/bin/cmake /home/usuario/Documentos/GitHub/IR2117/ros2_ws/src/action_tutorials_cpp -DCMAKE_INSTALL_PREFIX=/home/usuario/Documentos/GitHub/IR2117/ros2_ws/install/action_tutorials_cpp
[0.081s] -- The C compiler identification is GNU 9.4.0
[0.134s] -- The CXX compiler identification is GNU 9.4.0
[0.141s] -- Check for working C compiler: /usr/bin/cc
[0.211s] -- Check for working C compiler: /usr/bin/cc -- works
[0.212s] -- Detecting C compiler ABI info
[0.283s] -- Detecting C compiler ABI info - done
[0.291s] -- Detecting C compile features
[0.291s] -- Detecting C compile features - done
[0.294s] -- Check for working CXX compiler: /usr/bin/c++
[0.372s] -- Check for working CXX compiler: /usr/bin/c++ -- works
[0.373s] -- Detecting CXX compiler ABI info
[0.459s] -- Detecting CXX compiler ABI info - done
[0.471s] -- Detecting CXX compile features
[0.471s] -- Detecting CXX compile features - done
[0.474s] -- Found ament_cmake: 0.9.11 (/opt/ros/foxy/share/ament_cmake/cmake)
[0.499s] -- Found PythonInterp: /usr/bin/python3 (found suitable version "3.8.10", minimum required is "3") 
[0.500s] -- Using PYTHON_EXECUTABLE: /usr/bin/python3
[0.677s] -- Found action_tutorials_interfaces: 0.0.0 (/home/usuario/Documentos/GitHub/IR2117/ros2_ws/install/action_tutorials_interfaces/share/action_tutorials_interfaces/cmake)
[0.708s] -- Using all available rosidl_typesupport_c: rosidl_typesupport_fastrtps_c;rosidl_typesupport_introspection_c
[0.713s] -- Found rosidl_adapter: 1.3.0 (/opt/ros/foxy/share/rosidl_adapter/cmake)
[0.781s] -- Found OpenSSL: /usr/lib/x86_64-linux-gnu/libcrypto.so (found version "1.1.1f")  
[0.807s] -- Found FastRTPS: /opt/ros/foxy/include  
[0.867s] -- Using all available rosidl_typesupport_cpp: rosidl_typesupport_fastrtps_cpp;rosidl_typesupport_introspection_cpp
[0.976s] -- Found rclcpp: 2.4.2 (/opt/ros/foxy/share/rclcpp/cmake)
[1.017s] -- Found rmw_implementation_cmake: 1.0.3 (/opt/ros/foxy/share/rmw_implementation_cmake/cmake)
[1.018s] -- Using RMW implementation 'rmw_fastrtps_cpp' as default
[1.021s] -- Looking for pthread.h
[1.109s] -- Looking for pthread.h - found
[1.110s] -- Performing Test CMAKE_HAVE_LIBC_PTHREAD
[1.204s] -- Performing Test CMAKE_HAVE_LIBC_PTHREAD - Failed
[1.204s] -- Looking for pthread_create in pthreads
[1.271s] -- Looking for pthread_create in pthreads - not found
[1.272s] -- Looking for pthread_create in pthread
[1.354s] -- Looking for pthread_create in pthread - found
[1.355s] -- Found Threads: TRUE  
[1.468s] -- Found rclcpp_action: 2.4.2 (/opt/ros/foxy/share/rclcpp_action/cmake)
[1.495s] -- Found rclcpp_components: 2.4.2 (/opt/ros/foxy/share/rclcpp_components/cmake)
[1.548s] -- Found ament_lint_auto: 0.9.7 (/opt/ros/foxy/share/ament_lint_auto/cmake)
[1.622s] -- Added test 'copyright' to check source files copyright and LICENSE
[1.623s] -- Added test 'cppcheck' to perform static code analysis on C / C++ code
[1.623s] -- Configured cppcheck include dirs: 
[1.623s] -- Configured cppcheck exclude dirs and/or files: 
[1.623s] -- Added test 'cpplint' to check C / C++ code against the Google style
[1.623s] -- Configured cpplint exclude dirs and/or files: 
[1.624s] -- Added test 'lint_cmake' to check CMake code style
[1.624s] -- Added test 'uncrustify' to check C / C++ code style
[1.624s] -- Configured uncrustify additional arguments: 
[1.625s] -- Added test 'xmllint' to check XML markup files
[1.628s] -- Configuring done
[1.635s] -- Generating done
[1.637s] -- Build files have been written to: /home/usuario/Documentos/GitHub/IR2117/ros2_ws/build/action_tutorials_cpp
[1.645s] Invoked command in '/home/usuario/Documentos/GitHub/IR2117/ros2_ws/build/action_tutorials_cpp' returned '0': CMAKE_PREFIX_PATH=/home/usuario/Documentos/GitHub/IR2117/ros2_ws/install/action_tutorials_interfaces:/home/usuario/Documentos/GitHub/IR2117/ros2_ws/install/examples_topics:/home/usuario/Documentos/GitHub/IR2117/ros2_ws/install/examples_sum:/home/usuario/Documentos/GitHub/IR2117/ros2_ws/install/cpp_srvcli:/opt/ros/foxy /usr/bin/cmake /home/usuario/Documentos/GitHub/IR2117/ros2_ws/src/action_tutorials_cpp -DCMAKE_INSTALL_PREFIX=/home/usuario/Documentos/GitHub/IR2117/ros2_ws/install/action_tutorials_cpp
[1.647s] Invoking command in '/home/usuario/Documentos/GitHub/IR2117/ros2_ws/build/action_tutorials_cpp': CMAKE_PREFIX_PATH=/home/usuario/Documentos/GitHub/IR2117/ros2_ws/install/action_tutorials_interfaces:/home/usuario/Documentos/GitHub/IR2117/ros2_ws/install/examples_topics:/home/usuario/Documentos/GitHub/IR2117/ros2_ws/install/examples_sum:/home/usuario/Documentos/GitHub/IR2117/ros2_ws/install/cpp_srvcli:/opt/ros/foxy /usr/bin/cmake --build /home/usuario/Documentos/GitHub/IR2117/ros2_ws/build/action_tutorials_cpp -- -j6 -l6
[1.703s] [35m[1mScanning dependencies of target action_server[0m
[1.757s] [ 50%] [32mBuilding CXX object CMakeFiles/action_server.dir/src/action_server.cpp.o[0m
[4.088s] [100%] [32m[1mLinking CXX executable action_server[0m
[4.335s] [100%] Built target action_server
[4.348s] Invoked command in '/home/usuario/Documentos/GitHub/IR2117/ros2_ws/build/action_tutorials_cpp' returned '0': CMAKE_PREFIX_PATH=/home/usuario/Documentos/GitHub/IR2117/ros2_ws/install/action_tutorials_interfaces:/home/usuario/Documentos/GitHub/IR2117/ros2_ws/install/examples_topics:/home/usuario/Documentos/GitHub/IR2117/ros2_ws/install/examples_sum:/home/usuario/Documentos/GitHub/IR2117/ros2_ws/install/cpp_srvcli:/opt/ros/foxy /usr/bin/cmake --build /home/usuario/Documentos/GitHub/IR2117/ros2_ws/build/action_tutorials_cpp -- -j6 -l6
[4.383s] Invoking command in '/home/usuario/Documentos/GitHub/IR2117/ros2_ws/build/action_tutorials_cpp': CMAKE_PREFIX_PATH=/home/usuario/Documentos/GitHub/IR2117/ros2_ws/install/action_tutorials_interfaces:/home/usuario/Documentos/GitHub/IR2117/ros2_ws/install/examples_topics:/home/usuario/Documentos/GitHub/IR2117/ros2_ws/install/examples_sum:/home/usuario/Documentos/GitHub/IR2117/ros2_ws/install/cpp_srvcli:/opt/ros/foxy /usr/bin/cmake --install /home/usuario/Documentos/GitHub/IR2117/ros2_ws/build/action_tutorials_cpp
[4.390s] -- Install configuration: ""
[4.390s] -- Installing: /home/usuario/Documentos/GitHub/IR2117/ros2_ws/install/action_tutorials_cpp/lib/action_tutorials_cpp/action_server
[4.401s] -- Set runtime path of "/home/usuario/Documentos/GitHub/IR2117/ros2_ws/install/action_tutorials_cpp/lib/action_tutorials_cpp/action_server" to ""
[4.401s] -- Installing: /home/usuario/Documentos/GitHub/IR2117/ros2_ws/install/action_tutorials_cpp/share/ament_index/resource_index/package_run_dependencies/action_tutorials_cpp
[4.402s] -- Installing: /home/usuario/Documentos/GitHub/IR2117/ros2_ws/install/action_tutorials_cpp/share/ament_index/resource_index/parent_prefix_path/action_tutorials_cpp
[4.403s] -- Installing: /home/usuario/Documentos/GitHub/IR2117/ros2_ws/install/action_tutorials_cpp/share/action_tutorials_cpp/environment/ament_prefix_path.sh
[4.403s] -- Installing: /home/usuario/Documentos/GitHub/IR2117/ros2_ws/install/action_tutorials_cpp/share/action_tutorials_cpp/environment/ament_prefix_path.dsv
[4.404s] -- Installing: /home/usuario/Documentos/GitHub/IR2117/ros2_ws/install/action_tutorials_cpp/share/action_tutorials_cpp/environment/path.sh
[4.404s] -- Installing: /home/usuario/Documentos/GitHub/IR2117/ros2_ws/install/action_tutorials_cpp/share/action_tutorials_cpp/environment/path.dsv
[4.405s] -- Installing: /home/usuario/Documentos/GitHub/IR2117/ros2_ws/install/action_tutorials_cpp/share/action_tutorials_cpp/local_setup.bash
[4.406s] -- Installing: /home/usuario/Documentos/GitHub/IR2117/ros2_ws/install/action_tutorials_cpp/share/action_tutorials_cpp/local_setup.sh
[4.406s] -- Installing: /home/usuario/Documentos/GitHub/IR2117/ros2_ws/install/action_tutorials_cpp/share/action_tutorials_cpp/local_setup.zsh
[4.407s] -- Installing: /home/usuario/Documentos/GitHub/IR2117/ros2_ws/install/action_tutorials_cpp/share/action_tutorials_cpp/local_setup.dsv
[4.408s] -- Installing: /home/usuario/Documentos/GitHub/IR2117/ros2_ws/install/action_tutorials_cpp/share/action_tutorials_cpp/package.dsv
[4.409s] -- Installing: /home/usuario/Documentos/GitHub/IR2117/ros2_ws/install/action_tutorials_cpp/share/ament_index/resource_index/packages/action_tutorials_cpp
[4.410s] -- Installing: /home/usuario/Documentos/GitHub/IR2117/ros2_ws/install/action_tutorials_cpp/share/action_tutorials_cpp/cmake/action_tutorials_cppConfig.cmake
[4.410s] -- Installing: /home/usuario/Documentos/GitHub/IR2117/ros2_ws/install/action_tutorials_cpp/share/action_tutorials_cpp/cmake/action_tutorials_cppConfig-version.cmake
[4.411s] -- Installing: /home/usuario/Documentos/GitHub/IR2117/ros2_ws/install/action_tutorials_cpp/share/action_tutorials_cpp/package.xml
[4.417s] Invoked command in '/home/usuario/Documentos/GitHub/IR2117/ros2_ws/build/action_tutorials_cpp' returned '0': CMAKE_PREFIX_PATH=/home/usuario/Documentos/GitHub/IR2117/ros2_ws/install/action_tutorials_interfaces:/home/usuario/Documentos/GitHub/IR2117/ros2_ws/install/examples_topics:/home/usuario/Documentos/GitHub/IR2117/ros2_ws/install/examples_sum:/home/usuario/Documentos/GitHub/IR2117/ros2_ws/install/cpp_srvcli:/opt/ros/foxy /usr/bin/cmake --install /home/usuario/Documentos/GitHub/IR2117/ros2_ws/build/action_tutorials_cpp
