[0.044s] Invoking command in '/home/usuario/Documentos/GitHub/IR2117/tb3_ws/build/olympic': CMAKE_PREFIX_PATH=${CMAKE_PREFIX_PATH}:/opt/ros/foxy /usr/bin/cmake --build /home/usuario/Documentos/GitHub/IR2117/tb3_ws/build/olympic -- -j6 -l6
[0.062s] -- Found ament_cmake: 0.9.11 (/opt/ros/foxy/share/ament_cmake/cmake)
[0.078s] -- Using PYTHON_EXECUTABLE: /usr/bin/python3
[0.231s] -- Found rclcpp: 2.4.2 (/opt/ros/foxy/share/rclcpp/cmake)
[0.256s] -- Using all available rosidl_typesupport_c: rosidl_typesupport_fastrtps_c;rosidl_typesupport_introspection_c
[0.259s] -- Found rosidl_adapter: 1.3.0 (/opt/ros/foxy/share/rosidl_adapter/cmake)
[0.356s] -- Using all available rosidl_typesupport_cpp: rosidl_typesupport_fastrtps_cpp;rosidl_typesupport_introspection_cpp
[0.392s] -- Found rmw_implementation_cmake: 1.0.3 (/opt/ros/foxy/share/rmw_implementation_cmake/cmake)
[0.393s] -- Using RMW implementation 'rmw_fastrtps_cpp' as default
[0.495s] -- Found geometry_msgs: 2.0.5 (/opt/ros/foxy/share/geometry_msgs/cmake)
[0.519s] -- Found turtlesim: 1.2.6 (/opt/ros/foxy/share/turtlesim/cmake)
[0.592s] -- Found ament_lint_auto: 0.9.7 (/opt/ros/foxy/share/ament_lint_auto/cmake)
[0.658s] -- Added test 'copyright' to check source files copyright and LICENSE
[0.659s] -- Added test 'cppcheck' to perform static code analysis on C / C++ code
[0.659s] -- Configured cppcheck include dirs: $<BUILD_INTERFACE:/home/usuario/Documentos/GitHub/IR2117/tb3_ws/src/olympic/include>
[0.659s] -- Configured cppcheck exclude dirs and/or files: 
[0.659s] -- Added test 'cpplint' to check C / C++ code against the Google style
[0.659s] -- Configured cpplint exclude dirs and/or files: 
[0.659s] -- Added test 'lint_cmake' to check CMake code style
[0.660s] -- Added test 'uncrustify' to check C / C++ code style
[0.660s] -- Configured uncrustify additional arguments: 
[0.660s] -- Added test 'xmllint' to check XML markup files
[0.663s] -- Configuring done
[0.678s] -- Generating done
[0.681s] -- Build files have been written to: /home/usuario/Documentos/GitHub/IR2117/tb3_ws/build/olympic
[0.706s] [35m[1mScanning dependencies of target parallel[0m
[0.714s] [ 25%] [32mBuilding CXX object CMakeFiles/parallel.dir/src/parallel.cpp.o[0m
[0.720s] [01m[K/home/usuario/Documentos/GitHub/IR2117/tb3_ws/src/olympic/src/parallel.cpp:1:10:[m[K [01;31m[Kfatal error: [m[Krclcpp/rclcpp.hpp: No existe el archivo o el directorio
[0.721s]     1 | #include [01;31m[K"rclcpp/rclcpp.hpp"[m[K
[0.721s]       |          [01;31m[K^~~~~~~~~~~~~~~~~~~[m[K
[0.721s] compilation terminated.
[0.721s] make[2]: *** [CMakeFiles/parallel.dir/build.make:63: CMakeFiles/parallel.dir/src/parallel.cpp.o] Error 1
[0.721s] make[1]: *** [CMakeFiles/Makefile2:80: CMakeFiles/parallel.dir/all] Error 2
[0.721s] make[1]: *** Se espera a que terminen otras tareas....
[0.722s] [ 75%] Built target rings
[0.723s] make: *** [Makefile:141: all] Error 2
[0.725s] Invoked command in '/home/usuario/Documentos/GitHub/IR2117/tb3_ws/build/olympic' returned '2': CMAKE_PREFIX_PATH=${CMAKE_PREFIX_PATH}:/opt/ros/foxy /usr/bin/cmake --build /home/usuario/Documentos/GitHub/IR2117/tb3_ws/build/olympic -- -j6 -l6
