[0.033s] Invoking command in '/home/usuario/Documentos/GitHub/IR2117/tb3_ws/build/olympic_interfaces': CMAKE_PREFIX_PATH=/opt/ros/foxy /usr/bin/cmake --build /home/usuario/Documentos/GitHub/IR2117/tb3_ws/build/olympic_interfaces -- -j6 -l6
[0.057s] Invoked command in '/home/usuario/Documentos/GitHub/IR2117/tb3_ws/build/olympic_interfaces' returned '0': CMAKE_PREFIX_PATH=/opt/ros/foxy /usr/bin/cmake --build /home/usuario/Documentos/GitHub/IR2117/tb3_ws/build/olympic_interfaces -- -j6 -l6
[0.078s] Invoking command in '/home/usuario/Documentos/GitHub/IR2117/tb3_ws/build/olympic_interfaces': CMAKE_PREFIX_PATH=/opt/ros/foxy /usr/bin/cmake --install /home/usuario/Documentos/GitHub/IR2117/tb3_ws/build/olympic_interfaces
[0.088s] -- Install configuration: ""
[0.089s] -- Up-to-date: /home/usuario/Documentos/GitHub/IR2117/tb3_ws/install/olympic_interfaces/share/ament_index/resource_index/package_run_dependencies/olympic_interfaces
[0.089s] -- Up-to-date: /home/usuario/Documentos/GitHub/IR2117/tb3_ws/install/olympic_interfaces/share/ament_index/resource_index/parent_prefix_path/olympic_interfaces
[0.089s] -- Up-to-date: /home/usuario/Documentos/GitHub/IR2117/tb3_ws/install/olympic_interfaces/share/olympic_interfaces/environment/ament_prefix_path.sh
[0.089s] -- Up-to-date: /home/usuario/Documentos/GitHub/IR2117/tb3_ws/install/olympic_interfaces/share/olympic_interfaces/environment/ament_prefix_path.dsv
[0.089s] -- Up-to-date: /home/usuario/Documentos/GitHub/IR2117/tb3_ws/install/olympic_interfaces/share/olympic_interfaces/environment/path.sh
[0.089s] -- Up-to-date: /home/usuario/Documentos/GitHub/IR2117/tb3_ws/install/olympic_interfaces/share/olympic_interfaces/environment/path.dsv
[0.090s] -- Up-to-date: /home/usuario/Documentos/GitHub/IR2117/tb3_ws/install/olympic_interfaces/share/olympic_interfaces/local_setup.bash
[0.090s] -- Up-to-date: /home/usuario/Documentos/GitHub/IR2117/tb3_ws/install/olympic_interfaces/share/olympic_interfaces/local_setup.sh
[0.090s] -- Up-to-date: /home/usuario/Documentos/GitHub/IR2117/tb3_ws/install/olympic_interfaces/share/olympic_interfaces/local_setup.zsh
[0.090s] -- Up-to-date: /home/usuario/Documentos/GitHub/IR2117/tb3_ws/install/olympic_interfaces/share/olympic_interfaces/local_setup.dsv
[0.091s] -- Installing: /home/usuario/Documentos/GitHub/IR2117/tb3_ws/install/olympic_interfaces/share/olympic_interfaces/package.dsv
[0.091s] -- Up-to-date: /home/usuario/Documentos/GitHub/IR2117/tb3_ws/install/olympic_interfaces/share/ament_index/resource_index/packages/olympic_interfaces
[0.091s] -- Up-to-date: /home/usuario/Documentos/GitHub/IR2117/tb3_ws/install/olympic_interfaces/share/olympic_interfaces/cmake/olympic_interfacesConfig.cmake
[0.092s] -- Up-to-date: /home/usuario/Documentos/GitHub/IR2117/tb3_ws/install/olympic_interfaces/share/olympic_interfaces/cmake/olympic_interfacesConfig-version.cmake
[0.092s] -- Up-to-date: /home/usuario/Documentos/GitHub/IR2117/tb3_ws/install/olympic_interfaces/share/olympic_interfaces/package.xml
[0.093s] Invoked command in '/home/usuario/Documentos/GitHub/IR2117/tb3_ws/build/olympic_interfaces' returned '0': CMAKE_PREFIX_PATH=/opt/ros/foxy /usr/bin/cmake --install /home/usuario/Documentos/GitHub/IR2117/tb3_ws/build/olympic_interfaces
