[01m[K/home/usuario/Documentos/GitHub/IR2117/tb3_ws/src/olympic/src/rings_action_server.cpp:[m[K In function ‘[01m[Kvoid execute(std::shared_ptr<rclcpp_action::ServerGoalHandle<olympic_interfaces::action::Rings> >)[m[K’:
[01m[K/home/usuario/Documentos/GitHub/IR2117/tb3_ws/src/olympic/src/rings_action_server.cpp:61:3:[m[K [01;31m[Kerror: [m[Kexpected ‘[01m[K,[m[K’ or ‘[01m[K;[m[K’ before ‘[01m[Kauto[m[K’
   61 |   [01;31m[Kauto[m[K move = node->create_publisher<geometry_msgs::msg::Twist>("/turtle1/cmd_vel", 10);
      |   [01;31m[K^~~~[m[K
[01m[K/home/usuario/Documentos/GitHub/IR2117/tb3_ws/src/olympic/src/rings_action_server.cpp:64:20:[m[K [01;31m[Kerror: [m[Kconflicting declaration ‘[01m[Krclcpp::WallRate loop_rate[m[K’
   64 |   rclcpp::WallRate [01;31m[Kloop_rate[m[K(10ms);
      |                    [01;31m[K^~~~~~~~~[m[K
[01m[K/home/usuario/Documentos/GitHub/IR2117/tb3_ws/src/olympic/src/rings_action_server.cpp:52:16:[m[K [01;36m[Knote: [m[Kprevious declaration as ‘[01m[Krclcpp::Rate loop_rate[m[K’
   52 |   rclcpp::Rate [01;36m[Kloop_rate[m[K(1);
      |                [01;36m[K^~~~~~~~~[m[K
[01m[K/home/usuario/Documentos/GitHub/IR2117/tb3_ws/src/olympic/src/rings_action_server.cpp:121:4:[m[K [01;31m[Kerror: [m[K‘[01m[Kmove[m[K’ was not declared in this scope; did you mean ‘[01m[Kstd::move[m[K’?
  121 |    [01;31m[Kmove[m[K->publish(message);
      |    [01;31m[K^~~~[m[K
      |    [32m[Kstd::move[m[K
In file included from [01m[K/usr/include/c++/9/memory:62[m[K,
                 from [01m[K/home/usuario/Documentos/GitHub/IR2117/tb3_ws/src/olympic/src/rings_action_server.cpp:2[m[K:
[01m[K/usr/include/c++/9/bits/stl_algobase.h:497:5:[m[K [01;36m[Knote: [m[K‘[01m[Kstd::move[m[K’ declared here
  497 |     [01;36m[Kmove[m[K(_II __first, _II __last, _OI __result)
      |     [01;36m[K^~~~[m[K
[01m[K/home/usuario/Documentos/GitHub/IR2117/tb3_ws/src/olympic/src/rings_action_server.cpp:56:10:[m[K [01;35m[Kwarning: [m[Kunused variable ‘[01m[Kring_number[m[K’ [[01;35m[K-Wunused-variable[m[K]
   56 |   auto & [01;35m[Kring_number[m[K = feedback->drawing_ring;
      |          [01;35m[K^~~~~~~~~~~[m[K
[01m[K/home/usuario/Documentos/GitHub/IR2117/tb3_ws/src/olympic/src/rings_action_server.cpp:57:10:[m[K [01;35m[Kwarning: [m[Kunused variable ‘[01m[Kring_angle[m[K’ [[01;35m[K-Wunused-variable[m[K]
   57 |   auto & [01;35m[Kring_angle[m[K = feedback->ring_angle;
      |          [01;35m[K^~~~~~~~~~[m[K
make[2]: *** [CMakeFiles/rings_action_server.dir/build.make:63: CMakeFiles/rings_action_server.dir/src/rings_action_server.cpp.o] Error 1
make[1]: *** [CMakeFiles/Makefile2:109: CMakeFiles/rings_action_server.dir/all] Error 2
make: *** [Makefile:141: all] Error 2
