[0.172s] Invoking command in '/home/usuario/Documentos/GitHub/IR2117/ros2_ws/src/build/learning_tf2_cpp': CMAKE_PREFIX_PATH=/opt/ros/foxy /usr/bin/cmake --build /home/usuario/Documentos/GitHub/IR2117/ros2_ws/src/build/learning_tf2_cpp -- -j6 -l6
[0.266s] -- Found ament_cmake: 0.9.11 (/opt/ros/foxy/share/ament_cmake/cmake)
[0.294s] -- Using PYTHON_EXECUTABLE: /usr/bin/python3
[0.461s] -- Found geometry_msgs: 2.0.5 (/opt/ros/foxy/share/geometry_msgs/cmake)
[0.479s] -- Using all available rosidl_typesupport_c: rosidl_typesupport_fastrtps_c;rosidl_typesupport_introspection_c
[0.481s] -- Found rosidl_adapter: 1.3.0 (/opt/ros/foxy/share/rosidl_adapter/cmake)
[0.570s] -- Using all available rosidl_typesupport_cpp: rosidl_typesupport_fastrtps_cpp;rosidl_typesupport_introspection_cpp
[0.631s] -- Found rclcpp: 2.4.2 (/opt/ros/foxy/share/rclcpp/cmake)
[0.656s] -- Found rmw_implementation_cmake: 1.0.3 (/opt/ros/foxy/share/rmw_implementation_cmake/cmake)
[0.657s] -- Using RMW implementation 'rmw_fastrtps_cpp' as default
[0.750s] -- Found tf2: 0.13.13 (/opt/ros/foxy/share/tf2/cmake)
[0.758s] -- Found tf2_ros: 0.13.13 (/opt/ros/foxy/share/tf2_ros/cmake)
[1.007s] -- Found turtlesim: 1.2.6 (/opt/ros/foxy/share/turtlesim/cmake)
[1.052s] -- Found ament_lint_auto: 0.9.7 (/opt/ros/foxy/share/ament_lint_auto/cmake)
[1.367s] -- Added test 'copyright' to check source files copyright and LICENSE
[1.368s] -- Added test 'cppcheck' to perform static code analysis on C / C++ code
[1.368s] -- Configured cppcheck include dirs: 
[1.368s] -- Configured cppcheck exclude dirs and/or files: 
[1.368s] -- Added test 'cpplint' to check C / C++ code against the Google style
[1.368s] -- Configured cpplint exclude dirs and/or files: 
[1.369s] -- Added test 'flake8' to check Python code syntax and style conventions
[1.369s] -- Added test 'lint_cmake' to check CMake code style
[1.369s] -- Added test 'pep257' to check Python code against some of the style conventions in PEP 257
[1.370s] -- Added test 'uncrustify' to check C / C++ code style
[1.370s] -- Configured uncrustify additional arguments: 
[1.370s] -- Added test 'xmllint' to check XML markup files
[1.383s] -- Configuring done
[1.774s] -- Generating done
[1.857s] -- Build files have been written to: /home/usuario/Documentos/GitHub/IR2117/ros2_ws/src/build/learning_tf2_cpp
[1.967s] [35m[1mScanning dependencies of target turtle_tf2_listener[0m
[1.968s] [35m[1mScanning dependencies of target turtle_tf2_broadcaster[0m
[2.169s] [ 25%] [32mBuilding CXX object CMakeFiles/turtle_tf2_broadcaster.dir/src/turtle_tf2_broadcaster.cpp.o[0m
[2.173s] [ 50%] [32mBuilding CXX object CMakeFiles/turtle_tf2_listener.dir/src/turtle_tf2_listener.cpp.o[0m
[5.019s] make[2]: *** [CMakeFiles/turtle_tf2_broadcaster.dir/build.make:63: CMakeFiles/turtle_tf2_broadcaster.dir/src/turtle_tf2_broadcaster.cpp.o] Interrupción
[5.020s] make[1]: *** [CMakeFiles/Makefile2:107: CMakeFiles/turtle_tf2_broadcaster.dir/all] Interrupción
[5.020s] make[2]: *** [CMakeFiles/turtle_tf2_listener.dir/build.make:63: CMakeFiles/turtle_tf2_listener.dir/src/turtle_tf2_listener.cpp.o] Interrupción
[5.020s] make[1]: *** [CMakeFiles/Makefile2:80: CMakeFiles/turtle_tf2_listener.dir/all] Interrupción
[5.020s] make: *** [Makefile:141: all] Interrupción
