[0.031s] Invoking command in '/home/usuario/Documentos/GitHub/IR2117/ros2_ws/build/cpp_srvcli': CMAKE_PREFIX_PATH=/opt/ros/foxy /usr/bin/cmake --build /home/usuario/Documentos/GitHub/IR2117/ros2_ws/build/cpp_srvcli -- -j6 -l6
[0.054s] -- Found ament_cmake: 0.9.11 (/opt/ros/foxy/share/ament_cmake/cmake)
[0.070s] -- Using PYTHON_EXECUTABLE: /usr/bin/python3
[0.212s] -- Found rclcpp: 2.4.2 (/opt/ros/foxy/share/rclcpp/cmake)
[0.238s] -- Using all available rosidl_typesupport_c: rosidl_typesupport_fastrtps_c;rosidl_typesupport_introspection_c
[0.240s] -- Found rosidl_adapter: 1.3.0 (/opt/ros/foxy/share/rosidl_adapter/cmake)
[0.335s] -- Using all available rosidl_typesupport_cpp: rosidl_typesupport_fastrtps_cpp;rosidl_typesupport_introspection_cpp
[0.370s] -- Found rmw_implementation_cmake: 1.0.3 (/opt/ros/foxy/share/rmw_implementation_cmake/cmake)
[0.371s] -- Using RMW implementation 'rmw_fastrtps_cpp' as default
[0.474s] -- Found example_interfaces: 0.9.1 (/opt/ros/foxy/share/example_interfaces/cmake)
[0.556s] -- Found geometry_msgs: 2.0.5 (/opt/ros/foxy/share/geometry_msgs/cmake)
[0.587s] -- Found ament_lint_auto: 0.9.7 (/opt/ros/foxy/share/ament_lint_auto/cmake)
[0.660s] -- Added test 'copyright' to check source files copyright and LICENSE
[0.661s] -- Added test 'cppcheck' to perform static code analysis on C / C++ code
[0.661s] -- Configured cppcheck include dirs: 
[0.661s] -- Configured cppcheck exclude dirs and/or files: 
[0.662s] -- Added test 'cpplint' to check C / C++ code against the Google style
[0.662s] -- Configured cpplint exclude dirs and/or files: 
[0.662s] -- Added test 'lint_cmake' to check CMake code style
[0.663s] -- Added test 'uncrustify' to check C / C++ code style
[0.663s] -- Configured uncrustify additional arguments: 
[0.664s] -- Added test 'xmllint' to check XML markup files
[0.666s] -- Configuring done
[0.687s] -- Generating done
[0.689s] -- Build files have been written to: /home/usuario/Documentos/GitHub/IR2117/ros2_ws/build/cpp_srvcli
[0.717s] [35m[1mScanning dependencies of target client[0m
[0.717s] [35m[1mScanning dependencies of target server[0m
[0.719s] [35m[1mScanning dependencies of target rings[0m
[0.734s] [ 16%] [32mBuilding CXX object CMakeFiles/client.dir/src/add_two_ints_client.cpp.o[0m
[0.735s] [ 33%] [32mBuilding CXX object CMakeFiles/server.dir/src/add_two_ints_server.cpp.o[0m
[0.743s] [ 50%] [32mBuilding CXX object CMakeFiles/rings.dir/src/olympic_rings_client.cpp.o[0m
[1.731s] [01m[K/home/usuario/Documentos/GitHub/IR2117/ros2_ws/src/cpp_srvcli/src/olympic_rings_client.cpp:[m[K In function ‘[01m[Kint main(int, char**)[m[K’:
[1.731s] [01m[K/home/usuario/Documentos/GitHub/IR2117/ros2_ws/src/cpp_srvcli/src/olympic_rings_client.cpp:15:52:[m[K [01;31m[Kerror: [m[K‘[01m[KTwist[m[K’ is not a member of ‘[01m[Kstd_msgs::msg[m[K’; did you mean ‘[01m[Kgeometry_msgs::msg::Twist[m[K’?
[1.731s]    15 |  auto move = node->create_publisher<std_msgs::msg::[01;31m[KTwist[m[K>("/turtle1/cmd_vel",10);
[1.732s]       |                                                    [01;31m[K^~~~~[m[K
[1.732s] In file included from [01m[K/opt/ros/foxy/include/geometry_msgs/msg/twist.hpp:7[m[K,
[1.732s]                  from [01m[K/home/usuario/Documentos/GitHub/IR2117/ros2_ws/src/cpp_srvcli/src/olympic_rings_client.cpp:4[m[K:
[1.732s] [01m[K/opt/ros/foxy/include/geometry_msgs/msg/detail/twist__struct.hpp:133:7:[m[K [01;36m[Knote: [m[K‘[01m[Kgeometry_msgs::msg::Twist[m[K’ declared here
[1.732s]   133 | using [01;36m[KTwist[m[K =
[1.732s]       |       [01;36m[K^~~~~[m[K
[1.732s] [01m[K/home/usuario/Documentos/GitHub/IR2117/ros2_ws/src/cpp_srvcli/src/olympic_rings_client.cpp:15:52:[m[K [01;31m[Kerror: [m[K‘[01m[KTwist[m[K’ is not a member of ‘[01m[Kstd_msgs::msg[m[K’; did you mean ‘[01m[Kgeometry_msgs::msg::Twist[m[K’?
[1.732s]    15 |  auto move = node->create_publisher<std_msgs::msg::[01;31m[KTwist[m[K>("/turtle1/cmd_vel",10);
[1.732s]       |                                                    [01;31m[K^~~~~[m[K
[1.732s] In file included from [01m[K/opt/ros/foxy/include/geometry_msgs/msg/twist.hpp:7[m[K,
[1.732s]                  from [01m[K/home/usuario/Documentos/GitHub/IR2117/ros2_ws/src/cpp_srvcli/src/olympic_rings_client.cpp:4[m[K:
[1.732s] [01m[K/opt/ros/foxy/include/geometry_msgs/msg/detail/twist__struct.hpp:133:7:[m[K [01;36m[Knote: [m[K‘[01m[Kgeometry_msgs::msg::Twist[m[K’ declared here
[1.732s]   133 | using [01;36m[KTwist[m[K =
[1.732s]       |       [01;36m[K^~~~~[m[K
[1.732s] [01m[K/home/usuario/Documentos/GitHub/IR2117/ros2_ws/src/cpp_srvcli/src/olympic_rings_client.cpp:15:80:[m[K [01;31m[Kerror: [m[Kno matching function for call to ‘[01m[Krclcpp::Node::create_publisher<<expression error> >(const char [17], int)[m[K’
[1.732s]    15 | >create_publisher<std_msgs::msg::Twist>("/turtle1/cmd_vel",10[01;31m[K)[m[K;
[1.732s]       |                                                              [01;31m[K^[m[K
[1.732s] 
[1.732s] In file included from [01m[K/opt/ros/foxy/include/rclcpp/executors/single_threaded_executor.hpp:28[m[K,
[1.732s]                  from [01m[K/opt/ros/foxy/include/rclcpp/executors.hpp:22[m[K,
[1.733s]                  from [01m[K/opt/ros/foxy/include/rclcpp/rclcpp.hpp:146[m[K,
[1.733s]                  from [01m[K/home/usuario/Documentos/GitHub/IR2117/ros2_ws/src/cpp_srvcli/src/olympic_rings_client.cpp:1[m[K:
[1.733s] [01m[K/opt/ros/foxy/include/rclcpp/node.hpp:184:3:[m[K [01;36m[Knote: [m[Kcandidate: ‘[01m[Ktemplate<class MessageT, class AllocatorT, class PublisherT> std::shared_ptr<PublisherT> rclcpp::Node::create_publisher(const string&, const rclcpp::QoS&, const rclcpp::PublisherOptionsWithAllocator<AllocatorT>&)[m[K’
[1.733s]   184 |   [01;36m[Kcreate_publisher[m[K(
[1.733s]       |   [01;36m[K^~~~~~~~~~~~~~~~[m[K
[1.733s] [01m[K/opt/ros/foxy/include/rclcpp/node.hpp:184:3:[m[K [01;36m[Knote: [m[K  template argument deduction/substitution failed:
[1.733s] [01m[K/home/usuario/Documentos/GitHub/IR2117/ros2_ws/src/cpp_srvcli/src/olympic_rings_client.cpp:15:80:[m[K [01;31m[Kerror: [m[Ktemplate argument 1 is invalid
[1.733s]    15 | >create_publisher<std_msgs::msg::Twist>("/turtle1/cmd_vel",10[01;31m[K)[m[K;
[1.733s]       |                                                              [01;31m[K^[m[K
[1.733s] 
[1.740s] [01m[K/home/usuario/Documentos/GitHub/IR2117/ros2_ws/src/cpp_srvcli/src/olympic_rings_client.cpp:18:10:[m[K [01;31m[Kerror: [m[K‘[01m[Kteleport_service[m[K’ was not declared in this scope
[1.740s]    18 |  while (![01;31m[Kteleport_service[m[K->wait_for_service(std::chrono::seconds(1))) {
[1.740s]       |          [01;31m[K^~~~~~~~~~~~~~~~[m[K
[1.757s] [01m[K/home/usuario/Documentos/GitHub/IR2117/ros2_ws/src/cpp_srvcli/src/olympic_rings_client.cpp:51:67:[m[K [01;31m[Kerror: [m[K‘[01m[Kradius[m[K’ was not declared in this scope
[1.757s]    51 |    std::vector<std::vector<int>> pos = {{2.25,7.75}, {2.25+2*[01;31m[Kradius[m[K+0.5,7.75},{2.25+4*radius+1,7.75},{2.25+radius, 3.25}, {2.25+2*radius,3.25}};
[1.757s]       |                                                              [01;31m[K^~~~~~[m[K
[1.757s] 
[1.757s] [01m[K/home/usuario/Documentos/GitHub/IR2117/ros2_ws/src/cpp_srvcli/src/olympic_rings_client.cpp:51:148:[m[K [01;31m[Kerror: [m[Kcould not convert ‘[01m[K{{2.25e+0, 7.75e+0}, {<expression error>, 7.75e+0}, {<expression error>, 7.75e+0}, {<expression error>, 3.25e+0}, {<expression error>, 3.25e+0}}[m[K’ from ‘[01m[K<brace-enclosed initializer list>[m[K’ to ‘[01m[Kstd::vector<std::vector<int> >[m[K’
[1.757s]    51 | 25+4*radius+1,7.75},{2.25+radius, 3.25}, {2.25+2*radius,3.25}[01;31m[K}[m[K;
[1.757s]       |                                                              [01;31m[K^[m[K
[1.757s]       |                                                              [01;31m[K|[m[K
[1.757s]       |                                                              [01;31m[K<brace-enclosed initializer list>[m[K
[1.757s] 
[1.761s] [01m[K/home/usuario/Documentos/GitHub/IR2117/ros2_ws/src/cpp_srvcli/src/olympic_rings_client.cpp:59:33:[m[K [01;31m[Kerror: [m[K‘[01m[Kteleport_service[m[K’ was not declared in this scope
[1.761s]    59 |          auto future_teleport = [01;31m[Kteleport_service[m[K->async_send_request(request);
[1.761s]       |                                 [01;31m[K^~~~~~~~~~~~~~~~[m[K
[1.765s] [01m[K/home/usuario/Documentos/GitHub/IR2117/ros2_ws/src/cpp_srvcli/src/olympic_rings_client.cpp:61:10:[m[K [01;31m[Kerror: [m[K‘[01m[Kset_pen_request[m[K’ was not declared in this scope; did you mean ‘[01m[Ksetpen_request[m[K’?
[1.765s]    61 |          [01;31m[Kset_pen_request[m[K->r = colors[l][0];
[1.765s]       |          [01;31m[K^~~~~~~~~~~~~~~[m[K
[1.765s]       |          [32m[Ksetpen_request[m[K
[1.766s] [01m[K/home/usuario/Documentos/GitHub/IR2117/ros2_ws/src/cpp_srvcli/src/olympic_rings_client.cpp:77:8:[m[K [01;31m[Kerror: [m[Kconflicting declaration ‘[01m[Kauto setpen_request[m[K’
[1.766s]    77 |   auto [01;31m[Ksetpen_request[m[K = std::make_shared<turtlesim::srv::SetPen::Request>();
[1.766s]       |        [01;31m[K^~~~~~~~~~~~~~[m[K
[1.766s] [01m[K/home/usuario/Documentos/GitHub/IR2117/ros2_ws/src/cpp_srvcli/src/olympic_rings_client.cpp:60:15:[m[K [01;36m[Knote: [m[Kprevious declaration as ‘[01m[Kstd::shared_ptr<turtlesim::srv::SetPen_Request_<std::allocator<void> > > setpen_request[m[K’
[1.766s]    60 |          auto [01;36m[Ksetpen_request[m[K = std::make_shared<turtlesim::srv::SetPen::Request>();
[1.766s]       |               [01;36m[K^~~~~~~~~~~~~~[m[K
[1.766s] [01m[K/home/usuario/Documentos/GitHub/IR2117/ros2_ws/src/cpp_srvcli/src/olympic_rings_client.cpp:41:9:[m[K [01;35m[Kwarning: [m[Kunused variable ‘[01m[Ksquare_length[m[K’ [[01;35m[K-Wunused-variable[m[K]
[1.766s]    41 |  double [01;35m[Ksquare_length[m[K = node->get_parameter("radius").get_parameter_value().get<double>();
[1.766s]       |         [01;35m[K^~~~~~~~~~~~~[m[K
[2.242s] make[2]: *** [CMakeFiles/rings.dir/build.make:63: CMakeFiles/rings.dir/src/olympic_rings_client.cpp.o] Error 1
[2.242s] make[1]: *** [CMakeFiles/Makefile2:82: CMakeFiles/rings.dir/all] Error 2
[2.242s] make[1]: *** Se espera a que terminen otras tareas....
[2.328s] [ 66%] [32m[1mLinking CXX executable server[0m
[2.478s] [ 66%] Built target server
[2.541s] [ 83%] [32m[1mLinking CXX executable client[0m
[2.761s] [ 83%] Built target client
[2.762s] make: *** [Makefile:141: all] Error 2
[2.764s] Invoked command in '/home/usuario/Documentos/GitHub/IR2117/ros2_ws/build/cpp_srvcli' returned '2': CMAKE_PREFIX_PATH=/opt/ros/foxy /usr/bin/cmake --build /home/usuario/Documentos/GitHub/IR2117/ros2_ws/build/cpp_srvcli -- -j6 -l6
