[0.020s] Invoking command in '/home/usuario/Documentos/GitHub/IR2117/tb3_ws/build/olympic': CMAKE_PREFIX_PATH=/opt/ros/foxy /usr/bin/cmake --build /home/usuario/Documentos/GitHub/IR2117/tb3_ws/build/olympic -- -j6 -l6
[0.045s] -- Found ament_cmake: 0.9.11 (/opt/ros/foxy/share/ament_cmake/cmake)
[0.067s] -- Using PYTHON_EXECUTABLE: /usr/bin/python3
[0.231s] -- Found rclcpp: 2.4.2 (/opt/ros/foxy/share/rclcpp/cmake)
[0.257s] -- Using all available rosidl_typesupport_c: rosidl_typesupport_fastrtps_c;rosidl_typesupport_introspection_c
[0.260s] -- Found rosidl_adapter: 1.3.0 (/opt/ros/foxy/share/rosidl_adapter/cmake)
[0.354s] -- Using all available rosidl_typesupport_cpp: rosidl_typesupport_fastrtps_cpp;rosidl_typesupport_introspection_cpp
[0.389s] -- Found rmw_implementation_cmake: 1.0.3 (/opt/ros/foxy/share/rmw_implementation_cmake/cmake)
[0.390s] -- Using RMW implementation 'rmw_fastrtps_cpp' as default
[0.493s] -- Found geometry_msgs: 2.0.5 (/opt/ros/foxy/share/geometry_msgs/cmake)
[0.516s] -- Found turtlesim: 1.2.6 (/opt/ros/foxy/share/turtlesim/cmake)
[0.590s] -- Found rclcpp_action: 2.4.2 (/opt/ros/foxy/share/rclcpp_action/cmake)
[0.612s] -- Found rclcpp_components: 2.4.2 (/opt/ros/foxy/share/rclcpp_components/cmake)
[0.661s] CMake Error at CMakeLists.txt:26 (find_package):
[0.661s]   By not providing "Findolympic_interfaces.cmake" in CMAKE_MODULE_PATH this
[0.661s]   project has asked CMake to find a package configuration file provided by
[0.661s]   "olympic_interfaces", but CMake did not find one.
[0.661s] 
[0.662s]   Could not find a package configuration file provided by
[0.662s]   "olympic_interfaces" with any of the following names:
[0.662s] 
[0.662s]     olympic_interfacesConfig.cmake
[0.662s]     olympic_interfaces-config.cmake
[0.662s] 
[0.662s]   Add the installation prefix of "olympic_interfaces" to CMAKE_PREFIX_PATH or
[0.662s]   set "olympic_interfaces_DIR" to a directory containing one of the above
[0.662s]   files.  If "olympic_interfaces" provides a separate development package or
[0.662s]   SDK, be sure it has been installed.
[0.662s] 
[0.662s] 
[0.662s] -- Configuring incomplete, errors occurred!
[0.662s] See also "/home/usuario/Documentos/GitHub/IR2117/tb3_ws/build/olympic/CMakeFiles/CMakeOutput.log".
[0.662s] See also "/home/usuario/Documentos/GitHub/IR2117/tb3_ws/build/olympic/CMakeFiles/CMakeError.log".
[0.671s] make: *** [Makefile:354: cmake_check_build_system] Error 1
[0.673s] Invoked command in '/home/usuario/Documentos/GitHub/IR2117/tb3_ws/build/olympic' returned '2': CMAKE_PREFIX_PATH=/opt/ros/foxy /usr/bin/cmake --build /home/usuario/Documentos/GitHub/IR2117/tb3_ws/build/olympic -- -j6 -l6
