[0.013s] Invoking command in '/home/usuario/Documentos/GitHub/IR2117/tb3_ws/build/olympic': AMENT_PREFIX_PATH=/home/usuario/Documentos/GitHub/IR2117/tb3_ws/install/olympic_interfaces:${AMENT_PREFIX_PATH} CMAKE_PREFIX_PATH=/home/usuario/Documentos/GitHub/IR2117/tb3_ws/install/olympic_interfaces:/opt/ros/foxy LD_LIBRARY_PATH=/home/usuario/Documentos/GitHub/IR2117/tb3_ws/install/olympic_interfaces/lib:${LD_LIBRARY_PATH} PYTHONPATH=/home/usuario/Documentos/GitHub/IR2117/tb3_ws/install/olympic_interfaces/lib/python3.8/site-packages:${PYTHONPATH} /usr/bin/cmake --build /home/usuario/Documentos/GitHub/IR2117/tb3_ws/build/olympic -- -j6 -l6
[0.057s] [35m[1mScanning dependencies of target rings_action_server[0m
[0.071s] [ 33%] Built target rings_action_client
[0.072s] [ 66%] Built target rings
[0.080s] [ 83%] [32mBuilding CXX object CMakeFiles/rings_action_server.dir/src/rings_action_server.cpp.o[0m
[1.111s] In file included from [01m[K/opt/ros/foxy/include/rclcpp/client.hpp:40[m[K,
[1.112s]                  from [01m[K/opt/ros/foxy/include/rclcpp/callback_group.hpp:23[m[K,
[1.112s]                  from [01m[K/opt/ros/foxy/include/rclcpp/any_executable.hpp:20[m[K,
[1.112s]                  from [01m[K/opt/ros/foxy/include/rclcpp/memory_strategy.hpp:24[m[K,
[1.112s]                  from [01m[K/opt/ros/foxy/include/rclcpp/memory_strategies.hpp:18[m[K,
[1.112s]                  from [01m[K/opt/ros/foxy/include/rclcpp/executor_options.hpp:20[m[K,
[1.112s]                  from [01m[K/opt/ros/foxy/include/rclcpp/executor.hpp:33[m[K,
[1.112s]                  from [01m[K/opt/ros/foxy/include/rclcpp/executors/multi_threaded_executor.hpp:26[m[K,
[1.112s]                  from [01m[K/opt/ros/foxy/include/rclcpp/executors.hpp:21[m[K,
[1.112s]                  from [01m[K/opt/ros/foxy/include/rclcpp/rclcpp.hpp:146[m[K,
[1.112s]                  from [01m[K/home/usuario/Documentos/GitHub/IR2117/tb3_ws/src/olympic/src/rings_action_server.cpp:4[m[K:
[1.112s] [01m[K/home/usuario/Documentos/GitHub/IR2117/tb3_ws/src/olympic/src/rings_action_server.cpp:[m[K In function ‘[01m[Krclcpp_action::GoalResponse handle_goal(const GoalUUID&, std::shared_ptr<const olympic_interfaces::action::Rings_Goal_<std::allocator<void> > >)[m[K’:
[1.112s] [01m[K/home/usuario/Documentos/GitHub/IR2117/tb3_ws/src/olympic/src/rings_action_server.cpp:28:45:[m[K [01;31m[Kerror: [m[K‘[01m[Kusing element_type = const struct olympic_interfaces::action::Rings_Goal_<std::allocator<void> >[m[K’ {aka ‘[01m[Kconst struct olympic_interfaces::action::Rings_Goal_<std::allocator<void> >[m[K’} has no member named ‘[01m[Korder[m[K’
[1.112s]    28 |     "Got goal request with order %d", goal->[01;31m[Korder[m[K);
[1.112s]       |                                             [01;31m[K^~~~~[m[K
[1.121s] [01m[K/home/usuario/Documentos/GitHub/IR2117/tb3_ws/src/olympic/src/rings_action_server.cpp:[m[K In function ‘[01m[Kvoid execute(std::shared_ptr<rclcpp_action::ServerGoalHandle<olympic_interfaces::action::Rings> >)[m[K’:
[1.121s] [01m[K/home/usuario/Documentos/GitHub/IR2117/tb3_ws/src/olympic/src/rings_action_server.cpp:61:3:[m[K [01;31m[Kerror: [m[Kexpected ‘[01m[K,[m[K’ or ‘[01m[K;[m[K’ before ‘[01m[Kauto[m[K’
[1.121s]    61 |   [01;31m[Kauto[m[K move = node->create_publisher<geometry_msgs::msg::Twist>("/turtle1/cmd_vel", 10);
[1.122s]       |   [01;31m[K^~~~[m[K
[1.122s] [01m[K/home/usuario/Documentos/GitHub/IR2117/tb3_ws/src/olympic/src/rings_action_server.cpp:64:20:[m[K [01;31m[Kerror: [m[Kconflicting declaration ‘[01m[Krclcpp::WallRate loop_rate[m[K’
[1.122s]    64 |   rclcpp::WallRate [01;31m[Kloop_rate[m[K(10ms);
[1.122s]       |                    [01;31m[K^~~~~~~~~[m[K
[1.122s] [01m[K/home/usuario/Documentos/GitHub/IR2117/tb3_ws/src/olympic/src/rings_action_server.cpp:52:16:[m[K [01;36m[Knote: [m[Kprevious declaration as ‘[01m[Krclcpp::Rate loop_rate[m[K’
[1.122s]    52 |   rclcpp::Rate [01;36m[Kloop_rate[m[K(1);
[1.122s]       |                [01;36m[K^~~~~~~~~[m[K
[1.146s] [01m[K/home/usuario/Documentos/GitHub/IR2117/tb3_ws/src/olympic/src/rings_action_server.cpp:121:4:[m[K [01;31m[Kerror: [m[K‘[01m[Kmove[m[K’ was not declared in this scope; did you mean ‘[01m[Kstd::move[m[K’?
[1.146s]   121 |    [01;31m[Kmove[m[K->publish(message);
[1.146s]       |    [01;31m[K^~~~[m[K
[1.147s]       |    [32m[Kstd::move[m[K
[1.147s] In file included from [01m[K/usr/include/c++/9/memory:62[m[K,
[1.147s]                  from [01m[K/home/usuario/Documentos/GitHub/IR2117/tb3_ws/src/olympic/src/rings_action_server.cpp:2[m[K:
[1.147s] [01m[K/usr/include/c++/9/bits/stl_algobase.h:497:5:[m[K [01;36m[Knote: [m[K‘[01m[Kstd::move[m[K’ declared here
[1.147s]   497 |     [01;36m[Kmove[m[K(_II __first, _II __last, _OI __result)
[1.147s]       |     [01;36m[K^~~~[m[K
[1.147s] [01m[K/home/usuario/Documentos/GitHub/IR2117/tb3_ws/src/olympic/src/rings_action_server.cpp:56:10:[m[K [01;35m[Kwarning: [m[Kunused variable ‘[01m[Kring_number[m[K’ [[01;35m[K-Wunused-variable[m[K]
[1.147s]    56 |   auto & [01;35m[Kring_number[m[K = feedback->drawing_ring;
[1.147s]       |          [01;35m[K^~~~~~~~~~~[m[K
[1.147s] [01m[K/home/usuario/Documentos/GitHub/IR2117/tb3_ws/src/olympic/src/rings_action_server.cpp:57:10:[m[K [01;35m[Kwarning: [m[Kunused variable ‘[01m[Kring_angle[m[K’ [[01;35m[K-Wunused-variable[m[K]
[1.147s]    57 |   auto & [01;35m[Kring_angle[m[K = feedback->ring_angle;
[1.147s]       |          [01;35m[K^~~~~~~~~~[m[K
[2.076s] make[2]: *** [CMakeFiles/rings_action_server.dir/build.make:63: CMakeFiles/rings_action_server.dir/src/rings_action_server.cpp.o] Error 1
[2.076s] make[1]: *** [CMakeFiles/Makefile2:109: CMakeFiles/rings_action_server.dir/all] Error 2
[2.077s] make: *** [Makefile:141: all] Error 2
[2.079s] Invoked command in '/home/usuario/Documentos/GitHub/IR2117/tb3_ws/build/olympic' returned '2': AMENT_PREFIX_PATH=/home/usuario/Documentos/GitHub/IR2117/tb3_ws/install/olympic_interfaces:${AMENT_PREFIX_PATH} CMAKE_PREFIX_PATH=/home/usuario/Documentos/GitHub/IR2117/tb3_ws/install/olympic_interfaces:/opt/ros/foxy LD_LIBRARY_PATH=/home/usuario/Documentos/GitHub/IR2117/tb3_ws/install/olympic_interfaces/lib:${LD_LIBRARY_PATH} PYTHONPATH=/home/usuario/Documentos/GitHub/IR2117/tb3_ws/install/olympic_interfaces/lib/python3.8/site-packages:${PYTHONPATH} /usr/bin/cmake --build /home/usuario/Documentos/GitHub/IR2117/tb3_ws/build/olympic -- -j6 -l6
